Log file open, 05/23/18 20:04:28
LogWindows: Failed to load 'aqProf.dll' (GetLastError=126)
LogWindows: File 'aqProf.dll' does not exist
LogWindows: Failed to load 'VtuneApi.dll' (GetLastError=126)
LogWindows: File 'VtuneApi.dll' does not exist
LogWindows: Failed to load 'VtuneApi32e.dll' (GetLastError=126)
LogWindows: File 'VtuneApi32e.dll' does not exist
LogInit: Display: Running engine for game: NPB
LogPlatformFile: Not using cached read wrapper
LogInit: Display: RandInit(-505413152) SRandInit(-505413151).
LogInit: Read version file with build ID '3944462'
LogInit: Overriding engine version to CL 4033788, compatible CL 3944462
LogInit: Registered custom module enumerator with build ID '3944462'
LogTaskGraph: Started task graph with 5 named threads and 11 total threads with 3 sets of task threads.
LogStats: Stats thread started at 0.254229
LogD3D11RHI: Aftermath initialized
LogICUInternationalization: Display: ICU TimeZone Detection - Raw Offset: -5:00, Platform Override: ''
LogModuleManager: Display: Found up-to-date module file ../../../Engine/Plugins/2D/Paper2D/Binaries/Win64/UE4Editor-Paper2D.dll (API version 3944462).
LogModuleManager: Display: Found up-to-date module file ../../../Engine/Plugins/2D/Paper2D/Binaries/Win64/UE4Editor-Paper2DEditor.dll (API version 3944462).
LogModuleManager: Display: Found up-to-date module file ../../../Engine/Plugins/2D/Paper2D/Binaries/Win64/UE4Editor-PaperSpriteSheetImporter.dll (API version 3944462).
LogModuleManager: Display: Found up-to-date module file ../../../Engine/Plugins/2D/Paper2D/Binaries/Win64/UE4Editor-PaperTiledImporter.dll (API version 3944462).
LogModuleManager: Display: Found up-to-date module file ../../../Engine/Plugins/2D/Paper2D/Binaries/Win64/UE4Editor-SmartSnapping.dll (API version 3944462).
LogModuleManager: Display: Found up-to-date module file ../../../Engine/Plugins/Blendables/LightPropagationVolume/Binaries/Win64/UE4Editor-LightPropagationVolumeRuntime.dll (API version 3944462).
LogModuleManager: Display: Found up-to-date module file ../../../Engine/Plugins/Blendables/LightPropagationVolume/Binaries/Win64/UE4Editor-LightPropagationVolumeEditor.dll (API version 3944462).
LogModuleManager: Display: Found up-to-date module file ../../../Engine/Plugins/Developer/CLionSourceCodeAccess/Binaries/Win64/UE4Editor-CLionSourceCodeAccess.dll (API version 3944462).
LogModuleManager: Display: Found up-to-date module file ../../../Engine/Plugins/Developer/GitSourceControl/Binaries/Win64/UE4Editor-GitSourceControl.dll (API version 3944462).
LogModuleManager: Display: Found up-to-date module file ../../../Engine/Plugins/Developer/PerforceSourceControl/Binaries/Win64/UE4Editor-PerforceSourceControl.dll (API version 3944462).
LogModuleManager: Display: Found up-to-date module file ../../../Engine/Plugins/Developer/SubversionSourceControl/Binaries/Win64/UE4Editor-SubversionSourceControl.dll (API version 3944462).
LogModuleManager: Display: Found up-to-date module file ../../../Engine/Plugins/Developer/UObjectPlugin/Binaries/Win64/UE4Editor-UObjectPlugin.dll (API version 3944462).
LogModuleManager: Display: Found up-to-date module file ../../../Engine/Plugins/Developer/VisualStudioCodeSourceCodeAccess/Binaries/Win64/UE4Editor-VisualStudioCodeSourceCodeAccess.dll (API version 3944462).
LogModuleManager: Display: Found up-to-date module file ../../../Engine/Plugins/Developer/VisualStudioSourceCodeAccess/Binaries/Win64/UE4Editor-VisualStudioSourceCodeAccess.dll (API version 3944462).
LogModuleManager: Display: Found up-to-date module file ../../../Engine/Plugins/Editor/AssetManagerEditor/Binaries/Win64/UE4Editor-AssetManagerEditor.dll (API version 3944462).
LogModuleManager: Display: Found up-to-date module file ../../../Engine/Plugins/Editor/CryptoKeys/Binaries/Win64/UE4Editor-CryptoKeys.dll (API version 3944462).
LogModuleManager: Display: Found up-to-date module file ../../../Engine/Plugins/Editor/CryptoKeys/Binaries/Win64/UE4Editor-CryptoKeysOpenSSL.dll (API version 3944462).
LogModuleManager: Display: Found up-to-date module file ../../../Engine/Plugins/Editor/DataValidation/Binaries/Win64/UE4Editor-DataValidation.dll (API version 3944462).
LogModuleManager: Display: Found up-to-date module file ../../../Engine/Plugins/Editor/FacialAnimation/Binaries/Win64/UE4Editor-FacialAnimation.dll (API version 3944462).
LogModuleManager: Display: Found up-to-date module file ../../../Engine/Plugins/Editor/FacialAnimation/Binaries/Win64/UE4Editor-FacialAnimationEditor.dll (API version 3944462).
LogModuleManager: Display: Found up-to-date module file ../../../Engine/Plugins/Editor/GameplayTagsEditor/Binaries/Win64/UE4Editor-GameplayTagsEditor.dll (API version 3944462).
LogModuleManager: Display: Found up-to-date module file ../../../Engine/Plugins/Editor/MobileLauncherProfileWizard/Binaries/Win64/UE4Editor-MobileLauncherProfileWizard.dll (API version 3944462).
LogModuleManager: Display: Found up-to-date module file ../../../Engine/Plugins/Editor/PluginBrowser/Binaries/Win64/UE4Editor-PluginBrowser.dll (API version 3944462).
LogModuleManager: Display: Found up-to-date module file ../../../Engine/Plugins/Editor/SpeedTreeImporter/Binaries/Win64/UE4Editor-SpeedTreeImporter.dll (API version 3944462).
LogModuleManager: Display: Found up-to-date module file ../../../Engine/Plugins/Enterprise/DatasmithContent/Binaries/Win64/UE4Editor-DatasmithContent.dll (API version 3944462).
LogModuleManager: Display: Found up-to-date module file ../../../Engine/Plugins/Experimental/AlembicImporter/Binaries/Win64/UE4Editor-AlembicImporter.dll (API version 3944462).
LogModuleManager: Display: Found up-to-date module file ../../../Engine/Plugins/Experimental/AlembicImporter/Binaries/Win64/UE4Editor-AlembicLibrary.dll (API version 3944462).
LogModuleManager: Display: Found up-to-date module file ../../../Engine/Plugins/Experimental/CharacterAI/Binaries/Win64/UE4Editor-CharacterAI.dll (API version 3944462).
LogModuleManager: Display: Found up-to-date module file ../../../Engine/Plugins/Experimental/HTML5Networking/Binaries/Win64/UE4Editor-HTML5Networking.dll (API version 3944462).
LogModuleManager: Display: Found up-to-date module file ../../../Engine/Plugins/Media/AndroidMedia/Binaries/Win64/UE4Editor-AndroidMediaEditor.dll (API version 3944462).
LogModuleManager: Display: Found up-to-date module file ../../../Engine/Plugins/Media/AndroidMedia/Binaries/Win64/UE4Editor-AndroidMediaFactory.dll (API version 3944462).
LogModuleManager: Display: Found up-to-date module file ../../../Engine/Plugins/Media/AvfMedia/Binaries/Win64/UE4Editor-AvfMediaEditor.dll (API version 3944462).
LogModuleManager: Display: Found up-to-date module file ../../../Engine/Plugins/Media/AvfMedia/Binaries/Win64/UE4Editor-AvfMediaFactory.dll (API version 3944462).
LogModuleManager: Display: Found up-to-date module file ../../../Engine/Plugins/Media/AvfMedia/Binaries/Win64/UE4Editor-AvfMediaFactory.dll (API version 3944462).
LogModuleManager: Display: Found up-to-date module file ../../../Engine/Plugins/Media/ImgMedia/Binaries/Win64/UE4Editor-ImgMedia.dll (API version 3944462).
LogModuleManager: Display: Found up-to-date module file ../../../Engine/Plugins/Media/ImgMedia/Binaries/Win64/UE4Editor-ImgMediaEditor.dll (API version 3944462).
LogModuleManager: Display: Found up-to-date module file ../../../Engine/Plugins/Media/ImgMedia/Binaries/Win64/UE4Editor-ImgMediaFactory.dll (API version 3944462).
LogModuleManager: Display: Found up-to-date module file ../../../Engine/Plugins/Media/ImgMedia/Binaries/Win64/UE4Editor-ImgMediaFactory.dll (API version 3944462).
LogModuleManager: Display: Found up-to-date module file ../../../Engine/Plugins/Media/ImgMedia/Binaries/Win64/UE4Editor-OpenExrWrapper.dll (API version 3944462).
LogModuleManager: Display: Found up-to-date module file ../../../Engine/Plugins/Media/LinearTimecode/Binaries/Win64/UE4Editor-LinearTimecode.dll (API version 3944462).
LogModuleManager: Display: Found up-to-date module file ../../../Engine/Plugins/Media/MediaCompositing/Binaries/Win64/UE4Editor-MediaCompositing.dll (API version 3944462).
LogModuleManager: Display: Found up-to-date module file ../../../Engine/Plugins/Media/MediaCompositing/Binaries/Win64/UE4Editor-MediaCompositingEditor.dll (API version 3944462).
LogModuleManager: Display: Found up-to-date module file ../../../Engine/Plugins/Media/MediaPlayerEditor/Binaries/Win64/UE4Editor-MediaPlayerEditor.dll (API version 3944462).
LogModuleManager: Display: Found up-to-date module file ../../../Engine/Plugins/Media/WmfMedia/Binaries/Win64/UE4Editor-WmfMedia.dll (API version 3944462).
LogModuleManager: Display: Found up-to-date module file ../../../Engine/Plugins/Media/WmfMedia/Binaries/Win64/UE4Editor-WmfMediaEditor.dll (API version 3944462).
LogModuleManager: Display: Found up-to-date module file ../../../Engine/Plugins/Media/WmfMedia/Binaries/Win64/UE4Editor-WmfMediaFactory.dll (API version 3944462).
LogModuleManager: Display: Found up-to-date module file ../../../Engine/Plugins/Media/WmfMedia/Binaries/Win64/UE4Editor-WmfMediaFactory.dll (API version 3944462).
LogModuleManager: Display: Found up-to-date module file ../../../Engine/Plugins/Messaging/TcpMessaging/Binaries/Win64/UE4Editor-TcpMessaging.dll (API version 3944462).
LogModuleManager: Display: Found up-to-date module file ../../../Engine/Plugins/Messaging/UdpMessaging/Binaries/Win64/UE4Editor-UdpMessaging.dll (API version 3944462).
LogModuleManager: Display: Found up-to-date module file ../../../Engine/Plugins/MovieScene/ActorSequence/Binaries/Win64/UE4Editor-ActorSequence.dll (API version 3944462).
LogModuleManager: Display: Found up-to-date module file ../../../Engine/Plugins/MovieScene/LevelSequenceEditor/Binaries/Win64/UE4Editor-LevelSequenceEditor.dll (API version 3944462).
LogModuleManager: Display: Found up-to-date module file ../../../Engine/Plugins/MovieScene/MatineeToLevelSequence/Binaries/Win64/UE4Editor-MatineeToLevelSequence.dll (API version 3944462).
LogModuleManager: Display: Found up-to-date module file ../../../Engine/Plugins/NetcodeUnitTest/NetcodeUnitTest/Binaries/Win64/UE4Editor-NetcodeUnitTest.dll (API version 3944462).
LogModuleManager: Display: Found up-to-date module file ../../../Engine/Plugins/NetcodeUnitTest/NUTUnrealEngine4/Binaries/Win64/UE4Editor-NUTUnrealEngine4.dll (API version 3944462).
LogModuleManager: Display: Found up-to-date module file ../../../Engine/Plugins/Online/OnlineSubsystem/Binaries/Win64/UE4Editor-OnlineSubsystem.dll (API version 3944462).
LogModuleManager: Display: Found up-to-date module file ../../../Engine/Plugins/Runtime/AndroidPermission/Binaries/Win64/UE4Editor-AndroidPermission.dll (API version 3944462).
LogModuleManager: Display: Found up-to-date module file ../../../Engine/Plugins/Online/OnlineSubsystemNull/Binaries/Win64/UE4Editor-OnlineSubsystemNull.dll (API version 3944462).
LogModuleManager: Display: Found up-to-date module file ../../../Engine/Plugins/Online/OnlineSubsystemUtils/Binaries/Win64/UE4Editor-OnlineSubsystemUtils.dll (API version 3944462).
LogModuleManager: Display: Found up-to-date module file ../../../Engine/Plugins/Online/OnlineSubsystemUtils/Binaries/Win64/UE4Editor-OnlineBlueprintSupport.dll (API version 3944462).
LogModuleManager: Display: Found up-to-date module file ../../../Engine/Plugins/Runtime/AndroidDeviceProfileSelector/Binaries/Win64/UE4Editor-AndroidDeviceProfileSelector.dll (API version 3944462).
LogModuleManager: Display: Found up-to-date module file ../../../Engine/Plugins/Runtime/AppleARKit/Binaries/Win64/UE4Editor-AppleARKit.dll (API version 3944462).
LogModuleManager: Display: Found up-to-date module file ../../../Engine/Plugins/Runtime/ProceduralMeshComponent/Binaries/Win64/UE4Editor-ProceduralMeshComponent.dll (API version 3944462).
LogModuleManager: Display: Found up-to-date module file ../../../Engine/Plugins/Runtime/ProceduralMeshComponent/Binaries/Win64/UE4Editor-ProceduralMeshComponentEditor.dll (API version 3944462).
LogModuleManager: Display: Found up-to-date module file ../../../Engine/Plugins/Animation/LiveLink/Binaries/Win64/UE4Editor-LiveLink.dll (API version 3944462).
LogModuleManager: Display: Found up-to-date module file ../../../Engine/Plugins/Animation/LiveLink/Binaries/Win64/UE4Editor-LiveLinkEditor.dll (API version 3944462).
LogModuleManager: Display: Found up-to-date module file ../../../Engine/Plugins/Runtime/ArchVisCharacter/Binaries/Win64/UE4Editor-ArchVisCharacter.dll (API version 3944462).
LogModuleManager: Display: Found up-to-date module file ../../../Engine/Plugins/Runtime/AudioCapture/Binaries/Win64/UE4Editor-AudioCapture.dll (API version 3944462).
LogModuleManager: Display: Found up-to-date module file ../../../Engine/Plugins/Runtime/AudioCapture/Binaries/Win64/UE4Editor-AudioCaptureEditor.dll (API version 3944462).
LogModuleManager: Display: Found up-to-date module file ../../../Engine/Plugins/Runtime/CableComponent/Binaries/Win64/UE4Editor-CableComponent.dll (API version 3944462).
LogModuleManager: Display: Found up-to-date module file ../../../Engine/Plugins/Runtime/CustomMeshComponent/Binaries/Win64/UE4Editor-CustomMeshComponent.dll (API version 3944462).
LogModuleManager: Display: Found up-to-date module file ../../../Engine/Plugins/Runtime/ExampleDeviceProfileSelector/Binaries/Win64/UE4Editor-ExampleDeviceProfileSelector.dll (API version 3944462).
LogModuleManager: Display: Found up-to-date module file ../../../Engine/Plugins/Runtime/ImmediatePhysics/Binaries/Win64/UE4Editor-ImmediatePhysics.dll (API version 3944462).
LogModuleManager: Display: Found up-to-date module file ../../../Engine/Plugins/Runtime/ImmediatePhysics/Binaries/Win64/UE4Editor-ImmediatePhysicsEditor.dll (API version 3944462).
LogModuleManager: Display: Found up-to-date module file ../../../Engine/Plugins/Runtime/LocationServicesBPLibrary/Binaries/Win64/UE4Editor-LocationServicesBPLibrary.dll (API version 3944462).
LogModuleManager: Display: Found up-to-date module file ../../../Engine/Plugins/Runtime/MobilePatchingUtils/Binaries/Win64/UE4Editor-MobilePatchingUtils.dll (API version 3944462).
LogModuleManager: Display: Found up-to-date module file ../../../Engine/Plugins/Runtime/Oculus/OculusVR/Binaries/Win64/UE4Editor-OculusHMD.dll (API version 3944462).
LogModuleManager: Display: Found up-to-date module file ../../../Engine/Plugins/Runtime/Oculus/OculusVR/Binaries/Win64/UE4Editor-OculusInput.dll (API version 3944462).
LogModuleManager: Display: Found up-to-date module file ../../../Engine/Plugins/Runtime/Oculus/OculusVR/Binaries/Win64/UE4Editor-OculusEditor.dll (API version 3944462).
LogModuleManager: Display: Found up-to-date module file ../../../Engine/Plugins/Runtime/PhysXVehicles/Binaries/Win64/UE4Editor-PhysXVehicles.dll (API version 3944462).
LogModuleManager: Display: Found up-to-date module file ../../../Engine/Plugins/Runtime/PhysXVehicles/Binaries/Win64/UE4Editor-PhysXVehiclesEditor.dll (API version 3944462).
LogModuleManager: Display: Found up-to-date module file ../../../Engine/Plugins/Runtime/RuntimePhysXCooking/Binaries/Win64/UE4Editor-RuntimePhysXCooking.dll (API version 3944462).
LogModuleManager: Display: Found up-to-date module file ../../../Engine/Plugins/Runtime/Steam/SteamVR/Binaries/Win64/UE4Editor-SteamVR.dll (API version 3944462).
LogModuleManager: Display: Found up-to-date module file ../../../Engine/Plugins/Runtime/Steam/SteamVR/Binaries/Win64/UE4Editor-SteamVRController.dll (API version 3944462).
LogModuleManager: Display: Found up-to-date module file ../../../Engine/Plugins/Runtime/WindowsMoviePlayer/Binaries/Win64/UE4Editor-WindowsMoviePlayer.dll (API version 3944462).
LogPluginManager: Mounting plugin Paper2D
LogPluginManager: Mounting plugin LiveLink
LogPluginManager: Mounting plugin LightPropagationVolume
LogPluginManager: Mounting plugin CLionSourceCodeAccess
LogPluginManager: Mounting plugin CodeLiteSourceCodeAccess
LogPluginManager: Mounting plugin GitSourceControl
LogPluginManager: Mounting plugin KDevelopSourceCodeAccess
LogPluginManager: Mounting plugin NullSourceCodeAccess
LogPluginManager: Mounting plugin PerforceSourceControl
LogPluginManager: Mounting plugin SubversionSourceControl
LogPluginManager: Mounting plugin UObjectPlugin
LogPluginManager: Mounting plugin VisualStudioCodeSourceCodeAccess
LogPluginManager: Mounting plugin VisualStudioSourceCodeAccess
LogPluginManager: Mounting plugin XCodeSourceCodeAccess
LogPluginManager: Mounting plugin AssetManagerEditor
LogPluginManager: Mounting plugin CryptoKeys
LogPluginManager: Mounting plugin DataValidation
LogPluginManager: Mounting plugin FacialAnimation
LogPluginManager: Mounting plugin GameplayTagsEditor
LogPluginManager: Mounting plugin MobileLauncherProfileWizard
LogPluginManager: Mounting plugin PluginBrowser
LogPluginManager: Mounting plugin SpeedTreeImporter
LogPluginManager: Mounting plugin DatasmithContent
LogPluginManager: Mounting plugin AlembicImporter
LogPluginManager: Mounting plugin CharacterAI
LogPluginManager: Mounting plugin HTML5Networking
LogPluginManager: Mounting plugin AndroidMedia
LogPluginManager: Mounting plugin AvfMedia
LogPluginManager: Mounting plugin ImgMedia
LogPluginManager: Mounting plugin LinearTimecode
LogPluginManager: Mounting plugin MediaCompositing
LogPluginManager: Mounting plugin MediaPlayerEditor
LogPluginManager: Mounting plugin WmfMedia
LogPluginManager: Mounting plugin TcpMessaging
LogPluginManager: Mounting plugin UdpMessaging
LogPluginManager: Mounting plugin ActorSequence
LogPluginManager: Mounting plugin LevelSequenceEditor
LogPluginManager: Mounting plugin MatineeToLevelSequence
LogPluginManager: Mounting plugin NetcodeUnitTest
LogPluginManager: Mounting plugin NUTUnrealEngine4
LogPluginManager: Mounting plugin OnlineSubsystemGooglePlay
LogPluginManager: Mounting plugin OnlineSubsystemIOS
LogPluginManager: Mounting plugin OnlineSubsystem
LogPluginManager: Mounting plugin OnlineSubsystemNull
LogPluginManager: Mounting plugin OnlineSubsystemUtils
LogPluginManager: Mounting plugin AndroidDeviceProfileSelector
LogPluginManager: Mounting plugin AndroidMoviePlayer
LogPluginManager: Mounting plugin AndroidPermission
LogPluginManager: Mounting plugin AppleARKit
LogPluginManager: Mounting plugin AppleMoviePlayer
LogPluginManager: Mounting plugin ArchVisCharacter
LogPluginManager: Mounting plugin AudioCapture
LogPluginManager: Mounting plugin CableComponent
LogPluginManager: Mounting plugin CustomMeshComponent
LogPluginManager: Mounting plugin ExampleDeviceProfileSelector
LogPluginManager: Mounting plugin GoogleCloudMessaging
LogPluginManager: Mounting plugin ImmediatePhysics
LogPluginManager: Mounting plugin IOSDeviceProfileSelector
LogPluginManager: Mounting plugin LinuxDeviceProfileSelector
LogPluginManager: Mounting plugin LocationServicesBPLibrary
LogPluginManager: Mounting plugin MobilePatchingUtils
LogPluginManager: Mounting plugin OculusVR
LogPluginManager: Plugin shader directory ../../../Engine/Plugins/Runtime/Oculus/OculusVR/Shaders found
LogPluginManager: Mapping shader source directory ../../../Engine/Plugins/Runtime/Oculus/OculusVR/Shaders to virtual directory /Plugin/OculusVR
LogPluginManager: Mounting plugin PhysXVehicles
LogPluginManager: Mounting plugin ProceduralMeshComponent
LogPluginManager: Mounting plugin RuntimePhysXCooking
LogPluginManager: Mounting plugin SteamVR
LogPluginManager: Mounting plugin WindowsMoviePlayer
LogStreaming: Display: Took  3.253s to configure plugins.
LogInit: Using libcurl 7.47.1
LogInit:  - built for x86_64-pc-win32
LogInit:  - supports SSL with OpenSSL/1.0.2g
LogInit:  - supports HTTP deflate (compression) using libz 1.2.8
LogInit:  - other features:
LogInit:      CURL_VERSION_SSL
LogInit:      CURL_VERSION_LIBZ
LogInit:      CURL_VERSION_IPV6
LogInit:      CURL_VERSION_ASYNCHDNS
LogInit:      CURL_VERSION_LARGEFILE
LogInit:      CURL_VERSION_IDN
LogInit:  CurlRequestOptions (configurable via config and command line):
LogInit:  - bVerifyPeer = false  - Libcurl will NOT verify peer certificate
LogInit:  - bUseHttpProxy = false  - Libcurl will NOT use HTTP proxy
LogInit:  - bDontReuseConnections = false  - Libcurl will reuse connections
LogInit:  - CertBundlePath = nullptr  - Libcurl will use whatever was configured at build time.
LogInit:  - MaxHostConnections = 16  - Libcurl will limit the number of connections to a host
LogInit:  - LocalHostAddr = Default
LogModuleManager: Warning: No filename provided for module OnlineSubsystemSteam
LogModuleManager: Warning: ModuleManager: Unable to load module 'OnlineSubsystemSteam' because the file 'C:/Program Files/Epic Games/UE_4.19/Engine/Binaries/Win64/' was not found.
LogInit: WinSock: version 1.1 (2.2), MaxSocks=32767, MaxUdp=65467
LogInit: WinSock: I am DESKTOP-T4D8SPM (192.168.43.124:0)
LogInit: Build: ++UE4+Release-4.19-CL-4033788
LogInit: Engine Version: 4.19.2-4033788+++UE4+Release-4.19
LogInit: Compatible Engine Version: 4.19.0-3944462+++UE4+Release-4.19
LogInit: Net CL: 3944462
LogDevObjectVersion: Number of dev versions registered: 18
LogDevObjectVersion:   Dev-Blueprints (B0D832E4-1F89-4F0D-ACCF-7EB736FD4AA2): 10
LogDevObjectVersion:   Dev-Build (E1C64328-A22C-4D53-A36C-8E866417BD8C): 0
LogDevObjectVersion:   Dev-Core (375EC13C-06E4-48FB-B500-84F0262A717E): 2
LogDevObjectVersion:   Dev-Editor (E4B068ED-F494-42E9-A231-DA0B2E46BB41): 23
LogDevObjectVersion:   Dev-Framework (CFFC743F-43B0-4480-9391-14DF171D2073): 33
LogDevObjectVersion:   Dev-Mobile (B02B49B5-BB20-44E9-A304-32B752E40360): 2
LogDevObjectVersion:   Dev-Networking (A4E4105C-59A1-49B5-A7C5-40C4547EDFEE): 0
LogDevObjectVersion:   Dev-Online (39C831C9-5AE6-47DC-9A44-9C173E1C8E7C): 0
LogDevObjectVersion:   Dev-Physics (78F01B33-EBEA-4F98-B9B4-84EACCB95AA2): 0
LogDevObjectVersion:   Dev-Platform (6631380F-2D4D-43E0-8009-CF276956A95A): 0
LogDevObjectVersion:   Dev-Rendering (12F88B9F-8875-4AFC-A67C-D90C383ABD29): 25
LogDevObjectVersion:   Dev-Sequencer (7B5AE74C-D270-4C10-A958-57980B212A5A): 6
LogDevObjectVersion:   Dev-VR (D7296918-1DD6-4BDD-9DE2-64A83CC13884): 1
LogDevObjectVersion:   Dev-LoadTimes (C2A15278-BFE7-4AFE-6C17-90FF531DF755): 1
LogDevObjectVersion:   Private-Geometry (6EACA3D4-40EC-4CC1-B786-8BED09428FC5): 2
LogDevObjectVersion:   Dev-AnimPhys (29E575DD-E0A3-4627-9D10-D276232CDCEA): 16
LogDevObjectVersion:   Dev-ReflectionCapture (6B266CEC-1EC7-4B8F-A30B-E4D90942FC07): 1
LogDevObjectVersion:   Dev-Automation (0DF73D61-A23F-47EA-B727-89E90C41499A): 1
LogInit: Compiled (64-bit): Apr 27 2018 02:06:57
LogInit: Compiled with Visual C++: 19.00.24215.01
LogInit: Build Configuration: Development
LogInit: Branch Name: ++UE4+Release-4.19
LogInit: Command Line: -EpicPortal 
LogInit: Base Directory: C:/Program Files/Epic Games/UE_4.19/Engine/Binaries/Win64/
LogInit: Installed Engine Build: 1
LogStreaming: Display: Took  0.001s to delete old logs.
LogInit: Presizing for max 8388607 objects, including 0 objects not considered by GC, pre-allocating 0 bytes for permanent pool.
LogInit: Object subsystem initialized
[2018.05.24-00.04.32:654][  0]LogInit: Selected Device Profile: [Windows]
[2018.05.24-00.04.32:654][  0]LogInit: Applying CVar settings loaded from the selected device profile: [Windows]
[2018.05.24-00.04.32:679][  0]LogInit: Computer: DESKTOP-T4D8SPM
[2018.05.24-00.04.32:679][  0]LogInit: User: Thursday
[2018.05.24-00.04.32:679][  0]LogInit: CPU Page size=4096, Cores=2
[2018.05.24-00.04.32:679][  0]LogInit: High frequency timer resolution =2.835936 MHz
[2018.05.24-00.04.32:680][  0]LogMemory: Memory total: Physical=15.9GB (16GB approx)
[2018.05.24-00.04.32:680][  0]LogMemory: Platform Memory Stats for Windows
[2018.05.24-00.04.32:680][  0]LogMemory: Process Physical Memory: 274.69 MB used, 274.69 MB peak
[2018.05.24-00.04.32:680][  0]LogMemory: Process Virtual Memory: 266.09 MB used, 266.09 MB peak
[2018.05.24-00.04.32:680][  0]LogMemory: Physical Memory: 7720.96 MB used,  8541.59 MB free, 16262.54 MB total
[2018.05.24-00.04.32:680][  0]LogMemory: Virtual Memory: 4782.39 MB used,  8541.59 MB free, 134217728.00 MB total
[2018.05.24-00.04.32:726][  0]LogInit: Using OS detected language (en-US).
[2018.05.24-00.04.32:726][  0]LogInit: Using OS detected locale (en-US).
[2018.05.24-00.04.32:734][  0]LogTextLocalizationManager: No specific localization for 'en-US' exists, so the 'en' localization will be used.
[2018.05.24-00.04.33:295][  0]LogStreaming: Display: Took  0.570s to EndInitTextLocalization.
[2018.05.24-00.04.33:296][  0]LogInit: Setting process to per monitor DPI aware
[2018.05.24-00.04.33:362][  0]LogSlate: New Slate User Created.  User Index 0, Is Virtual User: 0
[2018.05.24-00.04.33:362][  0]LogSlate: Slate User Registered.  User Index 0, Is Virtual User: 0
[2018.05.24-00.04.33:860][  0]LogD3D11RHI: D3D11 adapters:
[2018.05.24-00.04.33:875][  0]LogD3D11RHI:    0. 'Intel(R) HD Graphics 620' (Feature Level 11_0)
[2018.05.24-00.04.33:875][  0]LogD3D11RHI:       128/0/8131 MB DedicatedVideo/DedicatedSystem/SharedSystem, Outputs:1, VendorId:0x8086
[2018.05.24-00.04.33:880][  0]LogD3D11RHI:    1. 'Microsoft Basic Render Driver' (Feature Level 11_0)
[2018.05.24-00.04.33:880][  0]LogD3D11RHI:       0/0/8131 MB DedicatedVideo/DedicatedSystem/SharedSystem, Outputs:0, VendorId:0x1414
[2018.05.24-00.04.33:880][  0]LogD3D11RHI: Chosen D3D11 Adapter: 0
[2018.05.24-00.04.33:891][  0]LogD3D11RHI: Creating new Direct3DDevice
[2018.05.24-00.04.33:891][  0]LogD3D11RHI:     GPU DeviceId: 0x5916 (for the marketing name, search the web for "GPU Device Id")
[2018.05.24-00.04.33:891][  0]LogWindows: EnumDisplayDevices:
[2018.05.24-00.04.33:892][  0]LogWindows:    0. 'Intel(R) HD Graphics 620' (P:1 D:1)
[2018.05.24-00.04.33:892][  0]LogWindows:    1. 'Intel(R) HD Graphics 620' (P:0 D:0)
[2018.05.24-00.04.33:892][  0]LogWindows:    2. 'Intel(R) HD Graphics 620' (P:0 D:0)
[2018.05.24-00.04.33:893][  0]LogWindows: DebugString: GetVideoDriverDetailsInvalid PrimaryIsNotTheChoosenAdapter GetVideoDriverDetailsInvalid PrimaryIsNotTheChoosenAdapter GetVideoDriverDetailsInvalid PrimaryIsNotTheChoosenAdapter FoundDriverCount:0 
[2018.05.24-00.04.33:893][  0]LogD3D11RHI:     Adapter Name: Intel(R) HD Graphics 620
[2018.05.24-00.04.33:893][  0]LogD3D11RHI:   Driver Version: Unknown (internal:Unknown, unified:Unknown)
[2018.05.24-00.04.33:893][  0]LogD3D11RHI:      Driver Date: Unknown
[2018.05.24-00.04.33:893][  0]LogRHI: Texture pool is 1523 MB (70% of 2176 MB)
[2018.05.24-00.04.33:902][  0]LogD3D11RHI: Async texture creation enabled
[2018.05.24-00.04.33:910][  0]LogD3D11RHI: GPU Timing Frequency: 12.000000 (Debug: 2 0)
[2018.05.24-00.04.33:913][  0]LogShaderCompilers: Guid format shader working directory is -14 characters bigger than the processId version (../../../../../../Users/Thursday/Documents/Unreal Projects/NPB/Intermediate/Shaders/WorkingDirectory/17872/).
[2018.05.24-00.04.33:913][  0]LogShaderCompilers: Cleaned the shader compiler working directory 'C:/Users/Thursday/AppData/Local/Temp/UnrealShaderWorkingDir/A266D85C400ED3C8A1EFFA8CD450951D/'.
[2018.05.24-00.04.34:395][  0]LogTemp: Display: Loaded TP AllDesktopTargetPlatform
[2018.05.24-00.04.34:423][  0]LogTemp: Display: Loaded TP MacClientTargetPlatform
[2018.05.24-00.04.34:447][  0]LogTemp: Display: Loaded TP MacNoEditorTargetPlatform
[2018.05.24-00.04.34:473][  0]LogTemp: Display: Loaded TP MacServerTargetPlatform
[2018.05.24-00.04.34:499][  0]LogTemp: Display: Loaded TP MacTargetPlatform
[2018.05.24-00.04.34:523][  0]LogTemp: Display: Loaded TP WindowsClientTargetPlatform
[2018.05.24-00.04.34:545][  0]LogTemp: Display: Loaded TP WindowsNoEditorTargetPlatform
[2018.05.24-00.04.34:569][  0]LogTemp: Display: Loaded TP WindowsServerTargetPlatform
[2018.05.24-00.04.34:580][  0]LogTemp: Display: Loaded TP WindowsTargetPlatform
[2018.05.24-00.04.34:600][  0]LogTemp: Display: Loaded TP Android_ASTCTargetPlatform
[2018.05.24-00.04.34:622][  0]LogTemp: Display: Loaded TP Android_ATCTargetPlatform
[2018.05.24-00.04.34:641][  0]LogTemp: Display: Loaded TP Android_DXTTargetPlatform
[2018.05.24-00.04.34:664][  0]LogTemp: Display: Loaded TP Android_ETC1aTargetPlatform
[2018.05.24-00.04.34:687][  0]LogTemp: Display: Loaded TP Android_ETC1TargetPlatform
[2018.05.24-00.04.34:710][  0]LogTemp: Display: Loaded TP Android_ETC2TargetPlatform
[2018.05.24-00.04.34:761][  0]LogTemp: Display: Loaded TP Android_MultiTargetPlatform
[2018.05.24-00.04.34:761][  0]LogTemp: Display: Loaded TP Android_PVRTCTargetPlatform
[2018.05.24-00.04.34:785][  0]LogTemp: Display: Loaded TP AndroidTargetPlatform
[2018.05.24-00.04.34:792][  0]LogTemp: Display: Loaded TP HTML5TargetPlatform
[2018.05.24-00.04.34:847][  0]LogTemp: Display: Loaded TP IOSTargetPlatform
[2018.05.24-00.04.34:887][  0]LogTemp: Display: Loaded TP TVOSTargetPlatform
[2018.05.24-00.04.34:909][  0]LogTemp: Display: Loaded TP LinuxClientTargetPlatform
[2018.05.24-00.04.34:933][  0]LogTemp: Display: Loaded TP LinuxNoEditorTargetPlatform
[2018.05.24-00.04.34:956][  0]LogTemp: Display: Loaded TP LinuxServerTargetPlatform
[2018.05.24-00.04.34:979][  0]LogTemp: Display: Loaded TP LinuxTargetPlatform
[2018.05.24-00.04.34:979][  0]LogTargetPlatformManager: Display: Building Assets For Windows
[2018.05.24-00.04.35:273][  0]LogXGEController: Cannot use XGE Controller as Incredibuild is not installed on this machine.
[2018.05.24-00.04.35:273][  0]LogShaderCompilers: Cannot use XGE Shader Compiler as Incredibuild is not installed on this machine.
[2018.05.24-00.04.35:273][  0]LogShaderCompilers: Display: Using Local Shader Compiler.
[2018.05.24-00.04.36:515][  0]LogDerivedDataCache: Display: Max Cache Size: 512 MB
[2018.05.24-00.04.36:634][  0]LogDerivedDataCache: Loaded boot cache 0.12s 88MB C:/Users/Thursday/AppData/Local/UnrealEngine/4.19/DerivedDataCache/Boot.ddc.
[2018.05.24-00.04.36:634][  0]LogDerivedDataCache: Display: Loaded Boot cache: C:/Users/Thursday/AppData/Local/UnrealEngine/4.19/DerivedDataCache/Boot.ddc
[2018.05.24-00.04.36:635][  0]LogDerivedDataCache: FDerivedDataBackendGraph:  Pak pak cache file ../../../../../../Users/Thursday/Documents/Unreal Projects/NPB/DerivedDataCache/DDC.ddp not found, will not use a pak cache.
[2018.05.24-00.04.36:635][  0]LogDerivedDataCache: Unable to find inner node Pak for hierarchical cache Hierarchy.
[2018.05.24-00.04.36:635][  0]LogDerivedDataCache: FDerivedDataBackendGraph:  CompressedPak pak cache file ../../../../../../Users/Thursday/Documents/Unreal Projects/NPB/DerivedDataCache/Compressed.ddp not found, will not use a pak cache.
[2018.05.24-00.04.36:635][  0]LogDerivedDataCache: Unable to find inner node CompressedPak for hierarchical cache Hierarchy.
[2018.05.24-00.04.36:654][  0]LogDerivedDataCache: Display: Pak cache opened for reading ../../../Engine/DerivedDataCache/Compressed.ddp.
[2018.05.24-00.04.36:669][  0]LogDerivedDataCache: Using Local data cache path C:/Users/Thursday/AppData/Local/UnrealEngine/Common/DerivedDataCache: Writable
[2018.05.24-00.04.36:669][  0]LogDerivedDataCache: Shared data cache path not found in *engine.ini, will not use an Shared cache.
[2018.05.24-00.04.36:669][  0]LogDerivedDataCache: Unable to find inner node Shared for hierarchical cache Hierarchy.
[2018.05.24-00.04.36:683][  0]LogMaterial: Verifying Global Shaders for PCD3D_SM5
[2018.05.24-00.04.36:684][  0]LogSlate: Using Freetype 2.6.0
[2018.05.24-00.04.36:685][  0]LogSlate: SlateFontCache - WITH_FREETYPE: 1, WITH_HARFBUZZ: 1
[2018.05.24-00.04.36:685][  0]LogSlate: SlateFontCache - WITH_FREETYPE: 1, WITH_HARFBUZZ: 1
[2018.05.24-00.04.36:953][  0]LogAssetRegistry: FAssetRegistry took 0.0280 seconds to start up
[2018.05.24-00.04.37:443][  0]LogInit: Selected Device Profile: [Windows]
[2018.05.24-00.04.37:696][  0]LogSimplygon: Simplygon DLL not present - disabling.
[2018.05.24-00.04.37:701][  0]LogMeshReduction: Using SimplygonSwarm for distributed automatic mesh merging
[2018.05.24-00.04.37:701][  0]LogMeshReduction: Using QuadricMeshReduction for automatic static mesh reduction
[2018.05.24-00.04.37:701][  0]LogMeshReduction: No automatic skeletal mesh reduction module available
[2018.05.24-00.04.37:701][  0]LogMeshReduction: No automatic mesh merging module available
[2018.05.24-00.04.37:701][  0]LogMeshMerging: No automatic mesh merging module available
[2018.05.24-00.04.37:773][  0]LogNetVersion: NPB , NetCL: 3944462, EngineNetVer: 2, GameNetVer: 0 (Checksum: 835095364)
[2018.05.24-00.04.37:941][  0]Warning: Missing opening '"' in string property value: ThirdParty/Steamworks)
[2018.05.24-00.04.38:645][  0]LogPackageLocalizationCache: Processed 9 localized package path(s) for 2 prioritized culture(s) in 0.249475 seconds
[2018.05.24-00.04.38:654][  0]LogUObjectArray: 36728 objects as part of root set at end of initial load.
[2018.05.24-00.04.38:654][  0]LogUObjectAllocator: 7314304 out of 0 bytes used by permanent object pool.
[2018.05.24-00.04.38:654][  0]LogUObjectArray: CloseDisregardForGC: 0/0 objects in disregard for GC pool
[2018.05.24-00.04.41:566][  0]LogTcpMessaging: Initializing TcpMessaging bridge
[2018.05.24-00.04.41:627][  0]LogUdpMessaging: Initializing bridge on interface 0.0.0.0:0 to multicast group 230.0.0.1:6666.
[2018.05.24-00.04.42:479][  0]SourceControl: Source control is disabled
[2018.05.24-00.04.42:479][  0]SourceControl: Source control is disabled
[2018.05.24-00.04.42:530][  0]SourceControl: Source control is disabled
[2018.05.24-00.04.42:583][  0]SourceControl: Source control is disabled
[2018.05.24-00.04.43:761][  0]LogAndroidPermission: UAndroidPermissionCallbackProxy::GetInstance
[2018.05.24-00.04.44:161][  0]LogOcInput: OculusInput pre-init called
[2018.05.24-00.04.44:400][  0]LogEngine: Initializing Engine...
[2018.05.24-00.04.44:402][  0]LogHMD: Failed to initialize OpenVR with code 110
[2018.05.24-00.04.44:404][  0]LogStats: UGameplayTagsManager::ConstructGameplayTagTree: Construct from data asset -  0.000 s
[2018.05.24-00.04.44:404][  0]LogStats: UGameplayTagsManager::ConstructGameplayTagTree: GameplayTagTreeChangedEvent.Broadcast -  0.000 s
[2018.05.24-00.04.44:706][  0]LogAIModule: Creating AISystem for world Untitled
[2018.05.24-00.04.44:734][  0]LogInit: XAudio2 using 'Speaker/Headphone (Realtek High Definition Audio(SST))' : 2 channels at 48 kHz using 16 bits per sample (channel mask 0x3)
[2018.05.24-00.04.45:636][  0]LogInit: FAudioDevice initialized.
[2018.05.24-00.04.45:708][  0]LogDerivedDataCache: Saved boot cache 0.07s 88MB C:/Users/Thursday/AppData/Local/UnrealEngine/4.19/DerivedDataCache/Boot.ddc.
[2018.05.24-00.04.45:740][  0]LogInit: Texture streaming: Enabled
[2018.05.24-00.04.45:773][  0]LogEngineSessionManager: EngineSessionManager initialized
[2018.05.24-00.04.45:801][  0]LogInit: Transaction tracking system initialized
[2018.05.24-00.04.45:843][  0]BlueprintLog: New page: Editor Load
[2018.05.24-00.04.45:969][  0]LocalizationService: Localization service is disabled
[2018.05.24-00.04.46:152][  0]LogConsoleResponse: Display: 
[2018.05.24-00.04.46:438][  0]LogCook: Display: Max memory allowance for cook 16384mb min free memory 0mb
[2018.05.24-00.04.46:438][  0]LogCook: Display: Mobile HDR setting 1
[2018.05.24-00.04.46:438][  0]LogGameplayTags: Display: UGameplayTagsManager::DoneAddingNativeTags. DelegateIsBound: 0
[2018.05.24-00.04.46:438][  0]LogStats: UGameplayTagsManager::ConstructGameplayTagTree: Construct from data asset -  0.000 s
[2018.05.24-00.04.46:438][  0]LogStats: UGameplayTagsManager::ConstructGameplayTagTree: GameplayTagTreeChangedEvent.Broadcast -  0.000 s
[2018.05.24-00.04.46:950][  0]LogFileCache: Scanning file cache for directory 'C:/Users/Thursday/Documents/Unreal Projects/NPB/Content/' took 0.03s
[2018.05.24-00.04.47:650][  0]SourceControl: Source control is disabled
[2018.05.24-00.04.47:651][  0]Cmd: MAP LOAD FILE="../../../../../../Users/Thursday/Documents/Unreal Projects/NPB/Content/ThirdPersonBP/Maps/ThirdPersonExampleMap.umap" TEMPLATE=0 SHOWPROGRESS=1 FEATURELEVEL=3
[2018.05.24-00.04.47:652][  0]LightingResults: New page: Lighting Build
[2018.05.24-00.04.47:658][  0]MapCheck: New page: Map Check
[2018.05.24-00.04.47:658][  0]LightingResults: New page: Lighting Build
[2018.05.24-00.04.48:000][  0]LogAIModule: Creating AISystem for world ThirdPersonExampleMap
[2018.05.24-00.04.48:009][  0]LogEditorServer: Finished looking for orphan Actors (0.000 secs)
[2018.05.24-00.04.48:055][  0]Cmd: MAP CHECKDEP NOCLEARLOG
[2018.05.24-00.04.48:278][  0]MapCheck: Map check complete: 0 Error(s), 0 Warning(s), took 222.724ms to complete.
[2018.05.24-00.04.48:279][  0]LogFileHelpers: Loading map 'ThirdPersonExampleMap' took 0.628
[2018.05.24-00.04.48:449][  0]LogCollectionManager: Loaded 0 collections in 0.003933 seconds
[2018.05.24-00.04.48:503][  0]LogFileCache: Scanning file cache for directory 'C:/Users/Thursday/Documents/Unreal Projects/NPB/Saved/Collections/' took 0.01s
[2018.05.24-00.04.48:503][  0]LogFileCache: Scanning file cache for directory 'C:/Users/Thursday/Documents/Unreal Projects/NPB/Content/Developers/Thursday/Collections/' took 0.01s
[2018.05.24-00.04.48:503][  0]LogFileCache: Scanning file cache for directory 'C:/Users/Thursday/Documents/Unreal Projects/NPB/Content/Collections/' took 0.01s
[2018.05.24-00.04.48:503][  0]LogCollectionManager: Rebuilt the GUID cache for 0 collections in 0.000000 seconds
[2018.05.24-00.04.48:513][  0]LogContentBrowser: Native class hierarchy populated in 0.0103 seconds. Added 2452 classes and 558 folders.
[2018.05.24-00.04.48:523][  0]LogContentBrowser: Native class hierarchy updated for 'WidgetCarousel' in 0.0004 seconds. Added 0 classes and 0 folders.
[2018.05.24-00.04.48:656][  0]LogContentBrowser: Native class hierarchy updated for 'AddContentDialog' in 0.0003 seconds. Added 0 classes and 0 folders.
[2018.05.24-00.04.48:664][  0]LogContentBrowser: Native class hierarchy updated for 'SceneOutliner' in 0.0003 seconds. Added 1 classes and 2 folders.
[2018.05.24-00.04.48:682][  0]LogSlate: Took 0.000523 seconds to synchronously load lazily loaded font '../../../Engine/Content/Slate/Fonts/Roboto-Regular.ttf' (155K)
[2018.05.24-00.04.48:685][  0]LogSlate: Took 0.000501 seconds to synchronously load lazily loaded font '../../../Engine/Content/Slate/Fonts/Roboto-Bold.ttf' (160K)
[2018.05.24-00.04.48:698][  0]LogSlate: Took 0.000598 seconds to synchronously load lazily loaded font '../../../Engine/Content/Editor/Slate/Fonts/FontAwesome.ttf' (139K)
[2018.05.24-00.04.48:829][  0]LogRenderer: Reallocating scene render targets to support 804x368 Format 10 NumSamples 1 (Frame:1).
[2018.05.24-00.04.49:550][  0]LogContentBrowser: Native class hierarchy updated for 'HierarchicalLODOutliner' in 0.0004 seconds. Added 0 classes and 0 folders.
[2018.05.24-00.04.49:551][  0]LogLoad: (Engine Initialization) Total time: 23.96 seconds
[2018.05.24-00.04.49:551][  0]LogLoad: (Engine Initialization) Total Blueprint compile time: 0.00 seconds
[2018.05.24-00.04.49:560][  0]LogWindowsTextInputMethodSystem: Display: IME system now deactivated.
[2018.05.24-00.04.49:578][  0]LogContentStreaming: Texture pool size now 1000 MB
[2018.05.24-00.04.49:597][  0]LogSlate: Took 0.000496 seconds to synchronously load lazily loaded font '../../../Engine/Content/Slate/Fonts/Roboto-Light.ttf' (167K)
[2018.05.24-00.04.49:615][  1]LogAssetRegistry: Asset discovery search completed in 12.6851 seconds
[2018.05.24-00.04.49:617][  1]LogCollectionManager: Rebuilt the object cache for 0 collections in 0.000001 seconds (found 0 objects)
[2018.05.24-00.04.49:617][  1]LogCollectionManager: Fixed up redirectors for 0 collections in 0.000057 seconds (updated 0 objects)
[2018.05.24-00.04.52:291][ 67]LogSlate: FSceneViewport::OnFocusLost() reason 2
[2018.05.24-00.04.53:382][130]LogSlate: FSceneViewport::OnFocusLost() reason 2
[2018.05.24-00.04.55:000][174]Cmd: MAP LOAD FILE="../../../../../../Users/Thursday/Documents/Unreal Projects/NPB/Content/ShootoutMenu/Maps/MainMenu.umap" TEMPLATE=0 SHOWPROGRESS=1 FEATURELEVEL=3
[2018.05.24-00.04.55:014][174]LogSlate: Took 0.001130 seconds to synchronously load lazily loaded font '../../../Engine/Content/Slate/Fonts/Roboto-Light.ttf' (167K)
[2018.05.24-00.04.55:047][174]LightingResults: New page: Lighting Build
[2018.05.24-00.04.55:049][174]LoadErrors: New page: Loading map: MainMenu.umap
[2018.05.24-00.04.55:055][174]MapCheck: New page: Map Check
[2018.05.24-00.04.55:056][174]LightingResults: New page: Lighting Build
[2018.05.24-00.04.55:154][174]LogUObjectGlobals: Created PersistentFrame Addr=0x0000029809678100, Size=1680, Default__MyGameInstance_C Function /Game/ShootoutMenu/Blueprints/MyGameInstance.MyGameInstance_C:ExecuteUbergraph_MyGameInstance
[2018.05.24-00.04.55:159][174]LogUObjectGlobals: Created PersistentFrame Addr=0x000002983dbe3540, Size=32, Default__ErrorDialog_C Function /Game/ShootoutMenu/Blueprints/Widgets/ErrorDialog.ErrorDialog_C:ExecuteUbergraph_ErrorDialog
[2018.05.24-00.04.55:229][174]LogUObjectGlobals: Created PersistentFrame Addr=0x000002983dbe2f40, Size=32, Default__ServerRow_C Function /Game/ShootoutMenu/Blueprints/Widgets/ServerRow.ServerRow_C:ExecuteUbergraph_ServerRow
[2018.05.24-00.04.55:233][174]LogUObjectGlobals: Created PersistentFrame Addr=0x00000298315ef640, Size=88, Default__MainMenu_C Function /Game/ShootoutMenu/Blueprints/Widgets/MainMenu.MainMenu_C:ExecuteUbergraph_MainMenu
[2018.05.24-00.04.55:238][174]LogUObjectGlobals: Created PersistentFrame Addr=0x0000029809909000, Size=944, Default__ServerList_C Function /Game/ShootoutMenu/Blueprints/Widgets/ServerList.ServerList_C:ExecuteUbergraph_ServerList
[2018.05.24-00.04.55:307][174]LogUObjectGlobals: Destroyed PersistentFrame Addr=0x0000029809678100, Size=1680
[2018.05.24-00.04.55:308][174]LogUObjectGlobals: Created PersistentFrame Addr=0x0000029831644800, Size=1680, Default__MyGameInstance_C Function /Engine/Transient.REINST_MyGameInstance_C_5:ExecuteUbergraph_MyGameInstance
[2018.05.24-00.04.55:308][174]LogUObjectGlobals: Destroyed PersistentFrame Addr=0x000002983dbe3540, Size=32
[2018.05.24-00.04.55:308][174]LogUObjectGlobals: Created PersistentFrame Addr=0x000002983fb99520, Size=32, Default__ErrorDialog_C Function /Engine/Transient.REINST_ErrorDialog_C_0:ExecuteUbergraph_ErrorDialog
[2018.05.24-00.04.55:310][174]LogUObjectGlobals: Destroyed PersistentFrame Addr=0x00000298315ef640, Size=88
[2018.05.24-00.04.55:310][174]LogUObjectGlobals: Created PersistentFrame Addr=0x000002983fbbf700, Size=88, Default__MainMenu_C Function /Engine/Transient.REINST_MainMenu_C_2:ExecuteUbergraph_MainMenu
[2018.05.24-00.04.55:312][174]LogUObjectGlobals: Destroyed PersistentFrame Addr=0x0000029809909000, Size=944
[2018.05.24-00.04.55:312][174]LogUObjectGlobals: Created PersistentFrame Addr=0x0000029809909000, Size=944, Default__ServerList_C Function /Engine/Transient.REINST_ServerList_C_3:ExecuteUbergraph_ServerList
[2018.05.24-00.04.55:313][174]LogUObjectGlobals: Destroyed PersistentFrame Addr=0x000002983dbe2f40, Size=32
[2018.05.24-00.04.55:313][174]LogUObjectGlobals: Created PersistentFrame Addr=0x000002983fb992e0, Size=32, Default__ServerRow_C Function /Engine/Transient.REINST_ServerRow_C_4:ExecuteUbergraph_ServerRow
[2018.05.24-00.04.55:407][174]LogUObjectGlobals: Created PersistentFrame Addr=0x000002983f94e400, Size=1680, Default__MyGameInstance_C Function /Game/ShootoutMenu/Blueprints/MyGameInstance.MyGameInstance_C:ExecuteUbergraph_MyGameInstance
[2018.05.24-00.04.55:417][174]LogUObjectGlobals: Created PersistentFrame Addr=0x000002983f78fda0, Size=32, Default__ErrorDialog_C Function /Game/ShootoutMenu/Blueprints/Widgets/ErrorDialog.ErrorDialog_C:ExecuteUbergraph_ErrorDialog
[2018.05.24-00.04.55:421][174]LogUObjectGlobals: Created PersistentFrame Addr=0x000002983f91f460, Size=88, Default__MainMenu_C Function /Game/ShootoutMenu/Blueprints/Widgets/MainMenu.MainMenu_C:ExecuteUbergraph_MainMenu
[2018.05.24-00.04.55:429][174]LogUObjectGlobals: Created PersistentFrame Addr=0x0000029831615000, Size=944, Default__ServerList_C Function /Game/ShootoutMenu/Blueprints/Widgets/ServerList.ServerList_C:ExecuteUbergraph_ServerList
[2018.05.24-00.04.55:433][174]LogUObjectGlobals: Created PersistentFrame Addr=0x000002983f78d180, Size=32, Default__ServerRow_C Function /Game/ShootoutMenu/Blueprints/Widgets/ServerRow.ServerRow_C:ExecuteUbergraph_ServerRow
[2018.05.24-00.04.55:462][174]LogUObjectGlobals: Created PersistentFrame Addr=0x000002983f78d640, Size=32, Default__MainMenu_C Function /Game/ShootoutMenu/Maps/MainMenu.MainMenu_C:ExecuteUbergraph_MainMenu
[2018.05.24-00.04.55:465][174]LogUObjectGlobals: Destroyed PersistentFrame Addr=0x000002983f78d640, Size=32
[2018.05.24-00.04.55:465][174]LogUObjectGlobals: Created PersistentFrame Addr=0x000002983f78d640, Size=32, MainMenu_C_0 Function /Engine/Transient.REINST_MainMenu_C_12:ExecuteUbergraph_MainMenu
[2018.05.24-00.04.55:466][174]LogUObjectGlobals: Created PersistentFrame Addr=0x000002983f78f3c0, Size=32, Default__MainMenu_C Function /Game/ShootoutMenu/Maps/MainMenu.MainMenu_C:ExecuteUbergraph_MainMenu
[2018.05.24-00.04.55:587][174]LogAIModule: Creating AISystem for world MainMenu
[2018.05.24-00.04.55:595][174]LogEditorServer: Finished looking for orphan Actors (0.000 secs)
[2018.05.24-00.04.55:624][174]LogUObjectGlobals: Destroyed PersistentFrame Addr=0x0000029809909000, Size=944
[2018.05.24-00.04.55:624][174]LogUObjectGlobals: Destroyed PersistentFrame Addr=0x000002983fbbf700, Size=88
[2018.05.24-00.04.55:624][174]LogUObjectGlobals: Destroyed PersistentFrame Addr=0x000002983fb992e0, Size=32
[2018.05.24-00.04.55:624][174]LogUObjectGlobals: Destroyed PersistentFrame Addr=0x000002983fb99520, Size=32
[2018.05.24-00.04.55:624][174]LogUObjectGlobals: Destroyed PersistentFrame Addr=0x0000029831644800, Size=1680
[2018.05.24-00.04.55:625][174]LogUObjectGlobals: Destroyed PersistentFrame Addr=0x000002983f78d640, Size=32
[2018.05.24-00.04.55:684][174]Cmd: MAP CHECKDEP NOCLEARLOG
[2018.05.24-00.04.55:982][174]MapCheck: Map check complete: 0 Error(s), 0 Warning(s), took 298.272ms to complete.
[2018.05.24-00.04.55:982][174]LogFileHelpers: Loading map 'MainMenu' took 0.984
[2018.05.24-00.04.55:985][174]LogSlate: Window 'Open Level' being destroyed
[2018.05.24-00.04.57:738][243]LogSlate: FSceneViewport::OnFocusLost() reason 2
[2018.05.24-00.04.59:564][372]LogTemp: Repeating last play command: Standalone Game
[2018.05.24-00.05.54:688][437]LogSlate: FSceneViewport::OnFocusLost() reason 0
[2018.05.24-00.05.54:841][445]LogTemp: Repeating last play command: Standalone Game
[2018.05.24-00.07.39:718][716]LogSlate: FSceneViewport::OnFocusLost() reason 0
[2018.05.24-00.07.39:838][723]LogTemp: Repeating last play command: Standalone Game
[2018.05.24-00.14.42:462][763]LogSlate: FSceneViewport::OnFocusLost() reason 0
[2018.05.24-00.14.43:521][766]LogUObjectGlobals: Created PersistentFrame Addr=0x000002983fa10940, Size=88, Default__Landscape_Painting_Mode_C Function /Engine/Tutorial/Landscape/Landscape_Painting_Mode.Landscape_Painting_Mode_C:ExecuteUbergraph_Landscape_Painting_Mode
[2018.05.24-00.14.43:546][766]LogUObjectGlobals: Destroyed PersistentFrame Addr=0x000002983fa10940, Size=88
[2018.05.24-00.14.43:546][766]LogUObjectGlobals: Created PersistentFrame Addr=0x000002983fa10940, Size=88, Default__Landscape_Painting_Mode_C Function /Engine/Transient.REINST_Landscape_Painting_Mode_C_16:ExecuteUbergraph_Landscape_Painting_Mode
[2018.05.24-00.14.43:564][766]LogUObjectGlobals: Created PersistentFrame Addr=0x000002983fb3f970, Size=80, Default__Landscape_Painting_Mode_C Function /Engine/Tutorial/Landscape/Landscape_Painting_Mode.Landscape_Painting_Mode_C:ExecuteUbergraph_Landscape_Painting_Mode
[2018.05.24-00.14.43:694][766]LogUObjectGlobals: Created PersistentFrame Addr=0x000002983fbbffa0, Size=88, Default__Landscape_Sculpt_Mode_C Function /Engine/Tutorial/Landscape/Landscape_Sculpt_Mode.Landscape_Sculpt_Mode_C:ExecuteUbergraph_Landscape_Sculpt_Mode
[2018.05.24-00.14.43:718][766]LogUObjectGlobals: Destroyed PersistentFrame Addr=0x000002983fbbffa0, Size=88
[2018.05.24-00.14.43:718][766]LogUObjectGlobals: Created PersistentFrame Addr=0x000002983fbbffa0, Size=88, Default__Landscape_Sculpt_Mode_C Function /Engine/Transient.REINST_Landscape_Sculpt_Mode_C_18:ExecuteUbergraph_Landscape_Sculpt_Mode
[2018.05.24-00.14.43:735][766]LogUObjectGlobals: Created PersistentFrame Addr=0x000002983faae390, Size=80, Default__Landscape_Sculpt_Mode_C Function /Engine/Tutorial/Landscape/Landscape_Sculpt_Mode.Landscape_Sculpt_Mode_C:ExecuteUbergraph_Landscape_Sculpt_Mode
[2018.05.24-00.14.43:879][766]LogUObjectGlobals: Created PersistentFrame Addr=0x000002983fb47080, Size=64, Default__CreatingSigningCertAndProvisionTutorial_C Function /Engine/Tutorial/Mobile/CreatingSigningCertAndProvisionTutorial.CreatingSigningCertAndProvisionTutorial_C:ExecuteUbergraph_CreatingSigningCertAndProvisionTutorial
[2018.05.24-00.14.43:943][766]LogUObjectGlobals: Destroyed PersistentFrame Addr=0x000002983fb47080, Size=64
[2018.05.24-00.14.43:944][766]LogUObjectGlobals: Created PersistentFrame Addr=0x000002983fb46300, Size=64, Default__CreatingSigningCertAndProvisionTutorial_C Function /Engine/Transient.REINST_CreatingSigningCertAndProvisionTutorial_C_20:ExecuteUbergraph_CreatingSigningCertAndProvisionTutorial
[2018.05.24-00.14.43:970][766]LogUObjectGlobals: Created PersistentFrame Addr=0x000002983fb469c0, Size=64, Default__CreatingSigningCertAndProvisionTutorial_C Function /Engine/Tutorial/Mobile/CreatingSigningCertAndProvisionTutorial.CreatingSigningCertAndProvisionTutorial_C:ExecuteUbergraph_CreatingSigningCertAndProvisionTutorial
[2018.05.24-00.14.44:471][766]LogSlate: Window 'Tutorials' being destroyed
[2018.05.24-00.14.46:927][813]LogEditorViewport: Clicking Background
[2018.05.24-00.14.48:315][841]LogSlate: FSceneViewport::OnFocusLost() reason 0
[2018.05.24-00.15.02:865][ 85]LogAIModule: Creating AISystem for world ThirdPersonExampleMap
[2018.05.24-00.15.03:062][ 85]LogUObjectGlobals: Destroyed PersistentFrame Addr=0x000002983fb46300, Size=64
[2018.05.24-00.15.03:062][ 85]LogUObjectGlobals: Destroyed PersistentFrame Addr=0x000002983fbbffa0, Size=88
[2018.05.24-00.15.03:062][ 85]LogUObjectGlobals: Destroyed PersistentFrame Addr=0x000002983fa10940, Size=88
[2018.05.24-00.15.03:073][ 85]Cmd: MAP LOAD FILE="../../../../../../Users/Thursday/Documents/Unreal Projects/NPB/Content/ThirdPersonBP/Maps/ThirdPersonExampleMap.umap" TEMPLATE=0 SHOWPROGRESS=1 FEATURELEVEL=3
[2018.05.24-00.15.03:074][ 85]LightingResults: New page: Lighting Build
[2018.05.24-00.15.03:078][ 85]LoadErrors: New page: Loading map: ThirdPersonExampleMap.umap
[2018.05.24-00.15.03:080][ 85]MapCheck: New page: Map Check
[2018.05.24-00.15.03:081][ 85]LightingResults: New page: Lighting Build
[2018.05.24-00.15.03:267][ 85]LogUObjectGlobals: Destroyed PersistentFrame Addr=0x000002983f78f3c0, Size=32
[2018.05.24-00.15.03:294][ 85]LogEditorServer: Finished looking for orphan Actors (0.000 secs)
[2018.05.24-00.15.03:639][ 85]Cmd: MAP CHECKDEP NOCLEARLOG
[2018.05.24-00.15.05:640][ 85]MapCheck: Map check complete: 0 Error(s), 0 Warning(s), took 2,000.343ms to complete.
[2018.05.24-00.15.05:654][ 85]LogFileHelpers: Loading map 'ThirdPersonExampleMap' took 2.585
[2018.05.24-00.20.29:783][171]LogUObjectGlobals: Created PersistentFrame Addr=0x0000029832131e40, Size=64, Default__ThirdPerson_AnimBP_C Function /Game/Mannequin/Animations/ThirdPerson_AnimBP.ThirdPerson_AnimBP_C:ExecuteUbergraph_ThirdPerson_AnimBP
[2018.05.24-00.20.29:887][171]LogUObjectGlobals: Destroyed PersistentFrame Addr=0x0000029832131e40, Size=64
[2018.05.24-00.20.29:888][171]LogUObjectGlobals: Created PersistentFrame Addr=0x000002983cffa4c0, Size=64, Default__ThirdPerson_AnimBP_C Function /Engine/Transient.REINST_ThirdPerson_AnimBP_C_0:ExecuteUbergraph_ThirdPerson_AnimBP
[2018.05.24-00.20.29:949][171]LogUObjectGlobals: Created PersistentFrame Addr=0x0000029841317970, Size=72, Default__ThirdPerson_AnimBP_C Function /Game/Mannequin/Animations/ThirdPerson_AnimBP.ThirdPerson_AnimBP_C:ExecuteUbergraph_ThirdPerson_AnimBP
[2018.05.24-00.20.30:364][171]LogUObjectGlobals: Created PersistentFrame Addr=0x00000298412f4f40, Size=296, Default__ThirdPersonCharacter_C Function /Game/ThirdPersonBP/Blueprints/ThirdPersonCharacter.ThirdPersonCharacter_C:ExecuteUbergraph_ThirdPersonCharacter
[2018.05.24-00.20.30:467][171]LogUObjectGlobals: Destroyed PersistentFrame Addr=0x00000298412f4f40, Size=296
[2018.05.24-00.20.30:467][171]LogUObjectGlobals: Created PersistentFrame Addr=0x00000298412f4f40, Size=296, Default__ThirdPersonCharacter_C Function /Engine/Transient.REINST_ThirdPersonCharacter_C_23:ExecuteUbergraph_ThirdPersonCharacter
[2018.05.24-00.20.30:516][171]LogUObjectGlobals: Created PersistentFrame Addr=0x0000029841f6f880, Size=296, Default__ThirdPersonCharacter_C Function /Game/ThirdPersonBP/Blueprints/ThirdPersonCharacter.ThirdPersonCharacter_C:ExecuteUbergraph_ThirdPersonCharacter
[2018.05.24-00.20.31:150][171]LogSkeletalMesh: Skeletal Mesh found in DDC [95.707733ms] /Game/Mannequin/Character/Mesh/SK_Mannequin.SK_Mannequin
[2018.05.24-00.22.59:318][364]LogEditorViewport: Clicking on Actor (LMB): PlayerStart (NetworkPlayerStart)
[2018.05.24-00.22.59:421][364]LogEditorViewport: Clicking on Component (LMB): CapsuleComponent (CollisionCapsule)
[2018.05.24-00.23.01:353][402]LogEditorViewport: Clicking on Component (LMB): CapsuleComponent (CollisionCapsule)
[2018.05.24-00.23.01:422][402]LogEditorViewport: Clicking on Actor (double click): PlayerStart (NetworkPlayerStart)
[2018.05.24-00.23.02:828][422]LogEditorViewport: Clicking on Actor (LMB): PlayerStart (NetworkPlayerStart)
[2018.05.24-00.23.02:994][422]LogEditorViewport: Clicking on Component (LMB): CapsuleComponent (CollisionCapsule)
[2018.05.24-00.23.04:664][456]LogEditorViewport: Clicking on Component (LMB): CapsuleComponent (CollisionCapsule)
[2018.05.24-00.23.04:747][456]LogEditorViewport: Clicking on Actor (double click): PlayerStart (NetworkPlayerStart)
[2018.05.24-00.23.05:666][475]LogEditorViewport: Clicking on Actor (context menu): PlayerStart (NetworkPlayerStart)
[2018.05.24-00.23.05:764][475]LogSlate: FSceneViewport::OnFocusLost() reason 2
[2018.05.24-00.23.08:174][540]LogEditorViewport: Clicking on Actor (LMB): StaticMeshActor (Floor)
[2018.05.24-00.23.37:387][156]LogSlate: FSceneViewport::OnFocusLost() reason 0
[2018.05.24-00.24.03:799][942]LogUObjectGlobals: Destroyed PersistentFrame Addr=0x00000298412f4f40, Size=296
[2018.05.24-00.24.03:799][942]LogUObjectGlobals: Destroyed PersistentFrame Addr=0x000002983cffa4c0, Size=64
[2018.05.24-00.24.03:809][942]Cmd: MAP LOAD FILE="../../../../../../Users/Thursday/Documents/Unreal Projects/NPB/Content/ThirdPersonBP/Maps/ThirdPersonExampleMap.umap" TEMPLATE=0 SHOWPROGRESS=1 FEATURELEVEL=3
[2018.05.24-00.24.03:810][942]LightingResults: New page: Lighting Build
[2018.05.24-00.24.03:814][942]LoadErrors: New page: Loading map: ThirdPersonExampleMap.umap
[2018.05.24-00.24.03:820][942]MapCheck: New page: Map Check
[2018.05.24-00.24.03:821][942]LightingResults: New page: Lighting Build
[2018.05.24-00.24.04:270][942]LogAIModule: Creating AISystem for world ThirdPersonExampleMap
[2018.05.24-00.24.04:630][942]LogEditorServer: Finished looking for orphan Actors (0.000 secs)
[2018.05.24-00.24.04:900][942]Cmd: MAP CHECKDEP NOCLEARLOG
[2018.05.24-00.24.06:487][942]MapCheck: Map check complete: 0 Error(s), 0 Warning(s), took 1,586.598ms to complete.
[2018.05.24-00.24.06:492][942]LogFileHelpers: Loading map 'ThirdPersonExampleMap' took 2.687
[2018.05.24-00.24.10:912][ 31]LogSlate: FSceneViewport::OnFocusLost() reason 0
[2018.05.24-00.24.56:169][ 71]LogContentBrowser: Native class hierarchy updated for 'BlueprintGraph' in 0.0033 seconds. Added 116 classes and 0 folders.
[2018.05.24-00.24.58:255][ 71]LogUObjectGlobals: Created PersistentFrame Addr=0x00000298565f1f58, Size=4, Default__SKEL_PROTO_BP_AnimBlueprint_0_C Function /Engine/Transient.SKEL_PROTO_BP_AnimBlueprint_0_C:ExecuteUbergraph_PROTO_BP_AnimBlueprint_0
[2018.05.24-00.24.58:259][ 71]LogUObjectGlobals: Created PersistentFrame Addr=0x00000298565f1f50, Size=4, Default__PROTO_BP_AnimBlueprint_0_C Function /Engine/Transient.PROTO_BP_AnimBlueprint_0_C:ExecuteUbergraph_PROTO_BP_AnimBlueprint_0
[2018.05.24-00.25.01:589][ 71]LogSlate: Took 0.025504 seconds to synchronously load lazily loaded font '../../../Engine/Content/Slate/Fonts/Roboto-BoldCondensed.ttf' (158K)
[2018.05.24-00.25.02:692][ 72]LogSlate: Took 0.027331 seconds to synchronously load lazily loaded font '../../../Engine/Content/Slate/Fonts/Roboto-Italic.ttf' (157K)
[2018.05.24-00.26.47:261][628]LogSlate: Window 'ThirdPersonCharacter' being destroyed
[2018.05.24-00.26.47:283][628]LogSlate: Window 'ThirdPersonCharacter' being destroyed
[2018.05.24-00.26.49:399][665]LogSlate: FSceneViewport::OnFocusLost() reason 0
[2018.05.24-00.26.56:196][773]LogSlate: Window 'ThirdPersonGameMode' being destroyed
[2018.05.24-00.26.56:234][773]LogSlate: Window 'ThirdPersonGameMode' being destroyed
[2018.05.24-00.26.58:794][815]LogSlate: FSceneViewport::OnFocusLost() reason 0
[2018.05.24-00.28.24:939][192]LogSlate: Window 'ThirdPersonCharacter' being destroyed
[2018.05.24-00.28.24:963][192]LogSlate: Window 'ThirdPersonCharacter' being destroyed
[2018.05.24-00.28.27:957][260]LogSlate: FSceneViewport::OnFocusLost() reason 0
[2018.05.24-00.31.59:347][930]LogSlate: Window 'NPB - Unreal Editor' being destroyed
[2018.05.24-00.31.59:778][931]Cmd: QUIT_EDITOR
[2018.05.24-00.31.59:842][931]LogWindowsTextInputMethodSystem: Display: IME system now deactivated.
[2018.05.24-00.31.59:882][931]LogSlate: Slate User Destroyed.  User Index 0, Is Virtual User: 0
[2018.05.24-00.31.59:882][931]LogExit: Preparing to exit.
[2018.05.24-00.32.00:529][931]LogDirectoryWatcher: A directory notification for 'C:/Users/Thursday/Documents/Unreal Projects/NPB/Content/' was aborted.
[2018.05.24-00.32.00:717][931]LogExit: Editor shut down
[2018.05.24-00.32.00:724][931]LogExit: Transaction tracking system shut down
[2018.05.24-00.32.00:725][931]LogUObjectGlobals: Destroyed PersistentFrame Addr=0x0000029841317970, Size=72
[2018.05.24-00.32.00:725][931]LogUObjectGlobals: Destroyed PersistentFrame Addr=0x000002983fb469c0, Size=64
[2018.05.24-00.32.00:726][931]LogUObjectGlobals: Destroyed PersistentFrame Addr=0x000002983faae390, Size=80
[2018.05.24-00.32.00:726][931]LogUObjectGlobals: Destroyed PersistentFrame Addr=0x000002983fb3f970, Size=80
[2018.05.24-00.32.00:726][931]LogUObjectGlobals: Destroyed PersistentFrame Addr=0x000002983f94e400, Size=1680
[2018.05.24-00.32.00:726][931]LogUObjectGlobals: Destroyed PersistentFrame Addr=0x000002983f78fda0, Size=32
[2018.05.24-00.32.00:726][931]LogUObjectGlobals: Destroyed PersistentFrame Addr=0x000002983f91f460, Size=88
[2018.05.24-00.32.00:726][931]LogUObjectGlobals: Destroyed PersistentFrame Addr=0x0000029831615000, Size=944
[2018.05.24-00.32.00:726][931]LogUObjectGlobals: Destroyed PersistentFrame Addr=0x000002983f78d180, Size=32
[2018.05.24-00.32.00:738][931]LogUObjectGlobals: Destroyed PersistentFrame Addr=0x0000029841f6f880, Size=296
[2018.05.24-00.32.00:740][931]LogUObjectGlobals: Destroyed PersistentFrame Addr=0x00000298565f1f58, Size=4
[2018.05.24-00.32.00:741][931]LogUObjectGlobals: Destroyed PersistentFrame Addr=0x00000298565f1f50, Size=4
[2018.05.24-00.32.00:941][931]LogDirectoryWatcher: A directory notification for '../../../Engine/Content/' was aborted.
[2018.05.24-00.32.00:941][931]LogDirectoryWatcher: A directory notification for '../../../../../../Users/Thursday/Documents/Unreal Projects/NPB/Content/' was aborted.
[2018.05.24-00.32.00:942][931]LogDirectoryWatcher: A directory notification for '../../Plugins/2D/Paper2D/Content/' was aborted.
[2018.05.24-00.32.00:942][931]LogDirectoryWatcher: A directory notification for '../../Plugins/Enterprise/DatasmithContent/Content/' was aborted.
[2018.05.24-00.32.00:942][931]LogDirectoryWatcher: A directory notification for '../../Plugins/Media/MediaCompositing/Content/' was aborted.
[2018.05.24-00.32.00:943][931]LogDirectoryWatcher: A directory notification for '../../Plugins/Runtime/AppleARKit/Content/' was aborted.
[2018.05.24-00.32.00:943][931]LogDirectoryWatcher: A directory notification for '../../Plugins/Runtime/Oculus/OculusVR/Content/' was aborted.
[2018.05.24-00.32.00:944][931]LogDirectoryWatcher: A directory notification for '../../Plugins/Runtime/Steam/SteamVR/Content/' was aborted.
[2018.05.24-00.32.01:104][931]LogExit: Object subsystem successfully closed.
[2018.05.24-00.32.01:124][931]LogShaderCompilers: Display: Shaders left to compile 0
[2018.05.24-00.32.01:130][931]LogD3D11RHI: Shutdown
[2018.05.24-00.32.01:130][931]LogD3D11RHI: CleanupD3DDevice
[2018.05.24-00.32.01:297][931]LogD3D11RHI: ~FD3D11DynamicRHI
[2018.05.24-00.32.01:460][931]LogModuleManager: Shutting down and abandoning module BlueprintGraph (577)
[2018.05.24-00.32.01:461][931]LogModuleManager: Shutting down and abandoning module HierarchicalLODOutliner (575)
[2018.05.24-00.32.01:461][931]LogModuleManager: Shutting down and abandoning module SceneOutliner (573)
[2018.05.24-00.32.01:461][931]LogModuleManager: Shutting down and abandoning module AddContentDialog (571)
[2018.05.24-00.32.01:461][931]LogDirectoryWatcher: A directory notification for 'C:/Program Files/Epic Games/UE_4.19/FeaturePacks/' was aborted.
[2018.05.24-00.32.01:465][931]LogModuleManager: Shutting down and abandoning module WidgetCarousel (570)
[2018.05.24-00.32.01:465][931]LogModuleManager: Shutting down and abandoning module EditorWidgets (567)
[2018.05.24-00.32.01:465][931]LogModuleManager: Shutting down and abandoning module CollectionManager (565)
[2018.05.24-00.32.01:465][931]LogDirectoryWatcher: A directory notification for 'C:/Users/Thursday/Documents/Unreal Projects/NPB/Content/Collections/' was aborted.
[2018.05.24-00.32.01:465][931]LogDirectoryWatcher: A directory notification for 'C:/Users/Thursday/Documents/Unreal Projects/NPB/Content/Developers/Thursday/Collections/' was aborted.
[2018.05.24-00.32.01:466][931]LogDirectoryWatcher: A directory notification for 'C:/Users/Thursday/Documents/Unreal Projects/NPB/Saved/Collections/' was aborted.
[2018.05.24-00.32.01:466][931]LogModuleManager: Shutting down and abandoning module StatsViewer (563)
[2018.05.24-00.32.01:466][931]LogModuleManager: Shutting down and abandoning module FoliageEdit (561)
[2018.05.24-00.32.01:466][931]LogModuleManager: Shutting down and abandoning module LandscapeEditor (559)
[2018.05.24-00.32.01:466][931]LogModuleManager: Shutting down and abandoning module MeshPaintMode (557)
[2018.05.24-00.32.01:466][931]LogModuleManager: Shutting down and abandoning module SceneDepthPickerMode (555)
[2018.05.24-00.32.01:466][931]LogModuleManager: Shutting down and abandoning module ActorPickerMode (553)
[2018.05.24-00.32.01:466][931]LogModuleManager: Shutting down and abandoning module GeometryMode (551)
[2018.05.24-00.32.01:466][931]LogModuleManager: Shutting down and abandoning module TextureAlignMode (549)
[2018.05.24-00.32.01:466][931]LogModuleManager: Shutting down and abandoning module BspMode (547)
[2018.05.24-00.32.01:466][931]LogModuleManager: Shutting down and abandoning module PIEPreviewDeviceProfileSelector (545)
[2018.05.24-00.32.01:466][931]LogModuleManager: Shutting down and abandoning module HardwareSurvey (543)
[2018.05.24-00.32.01:466][931]LogModuleManager: Shutting down and abandoning module SequenceRecorderSections (541)
[2018.05.24-00.32.01:466][931]LogModuleManager: Shutting down and abandoning module AutomationWorker (539)
[2018.05.24-00.32.01:466][931]LogModuleManager: Shutting down and abandoning module AudioCaptureEditor (537)
[2018.05.24-00.32.01:466][931]LogModuleManager: Shutting down and abandoning module SequenceRecorder (536)
[2018.05.24-00.32.01:467][931]LogModuleManager: Shutting down and abandoning module MatineeToLevelSequence (533)
[2018.05.24-00.32.01:467][931]LogModuleManager: Shutting down and abandoning module LevelSequenceEditor (531)
[2018.05.24-00.32.01:467][931]LogModuleManager: Shutting down and abandoning module PlacementMode (530)
[2018.05.24-00.32.01:467][931]LogModuleManager: Shutting down and abandoning module MaterialEditor (529)
[2018.05.24-00.32.01:467][931]LogModuleManager: Shutting down and abandoning module WmfMediaFactory (525)
[2018.05.24-00.32.01:467][931]LogModuleManager: Shutting down and abandoning module WmfMediaEditor (523)
[2018.05.24-00.32.01:467][931]LogModuleManager: Shutting down and abandoning module MediaPlayerEditor (521)
[2018.05.24-00.32.01:467][931]LogModuleManager: Shutting down and abandoning module OpenExrWrapper (519)
[2018.05.24-00.32.01:467][931]LogModuleManager: Shutting down and abandoning module ImgMediaFactory (517)
[2018.05.24-00.32.01:467][931]LogModuleManager: Shutting down and abandoning module ImgMediaEditor (515)
[2018.05.24-00.32.01:467][931]LogModuleManager: Shutting down and abandoning module AvfMediaFactory (513)
[2018.05.24-00.32.01:467][931]LogModuleManager: Shutting down and abandoning module AvfMediaEditor (511)
[2018.05.24-00.32.01:467][931]LogModuleManager: Shutting down and abandoning module AndroidMediaFactory (509)
[2018.05.24-00.32.01:467][931]LogModuleManager: Shutting down and abandoning module AndroidMediaEditor (507)
[2018.05.24-00.32.01:467][931]LogModuleManager: Shutting down and abandoning module CharacterAI (505)
[2018.05.24-00.32.01:467][931]LogModuleManager: Shutting down and abandoning module SmartSnapping (503)
[2018.05.24-00.32.01:467][931]LogModuleManager: Shutting down and abandoning module SessionServices (501)
[2018.05.24-00.32.01:467][931]LogModuleManager: Shutting down and abandoning module ViewportSnapping (499)
[2018.05.24-00.32.01:467][931]LogModuleManager: Shutting down and abandoning module ViewportInteraction (497)
[2018.05.24-00.32.01:467][931]LogModuleManager: Shutting down and abandoning module ClothPainter (495)
[2018.05.24-00.32.01:467][931]LogModuleManager: Shutting down and abandoning module SkeletalMeshEditor (494)
[2018.05.24-00.32.01:467][931]LogModuleManager: Shutting down and abandoning module LogVisualizer (491)
[2018.05.24-00.32.01:468][931]LogModuleManager: Shutting down and abandoning module IntroTutorials (489)
[2018.05.24-00.32.01:468][931]LogModuleManager: Shutting down and abandoning module GameProjectGeneration (488)
[2018.05.24-00.32.01:468][931]LogModuleManager: Shutting down and abandoning module IOSPlatformEditor (485)
[2018.05.24-00.32.01:468][931]LogModuleManager: Shutting down and abandoning module HTML5PlatformEditor (483)
[2018.05.24-00.32.01:468][931]LogModuleManager: Shutting down and abandoning module AndroidPlatformEditor (481)
[2018.05.24-00.32.01:468][931]LogModuleManager: Shutting down and abandoning module AndroidDeviceDetection (480)
[2018.05.24-00.32.01:516][931]LogModuleManager: Shutting down and abandoning module WindowsPlatformEditor (477)
[2018.05.24-00.32.01:516][931]LogModuleManager: Shutting down and abandoning module IOSRuntimeSettings (475)
[2018.05.24-00.32.01:516][931]LogModuleManager: Shutting down and abandoning module AndroidRuntimeSettings (473)
[2018.05.24-00.32.01:516][931]LogModuleManager: Shutting down and abandoning module InputBindingEditor (471)
[2018.05.24-00.32.01:517][931]LogModuleManager: Shutting down and abandoning module MergeActors (469)
[2018.05.24-00.32.01:517][931]LogModuleManager: Shutting down and abandoning module LocalizationDashboard (467)
[2018.05.24-00.32.01:517][931]LogModuleManager: Shutting down and abandoning module LocalizationService (466)
[2018.05.24-00.32.01:517][931]LogModuleManager: Shutting down and abandoning module HardwareTargeting (463)
[2018.05.24-00.32.01:517][931]LogModuleManager: Shutting down and abandoning module DeviceProfileEditor (461)
[2018.05.24-00.32.01:517][931]LogModuleManager: Shutting down and abandoning module UndoHistory (459)
[2018.05.24-00.32.01:517][931]LogModuleManager: Shutting down and abandoning module XmlParser (457)
[2018.05.24-00.32.01:517][931]LogModuleManager: Shutting down and abandoning module Blutility (455)
[2018.05.24-00.32.01:517][931]LogModuleManager: Shutting down and abandoning module ProjectSettingsViewer (453)
[2018.05.24-00.32.01:517][931]LogModuleManager: Shutting down and abandoning module ProjectTargetPlatformEditor (452)
[2018.05.24-00.32.01:518][931]LogModuleManager: Shutting down and abandoning module EditorSettingsViewer (449)
[2018.05.24-00.32.01:518][931]LogModuleManager: Shutting down and abandoning module SettingsEditor (447)
[2018.05.24-00.32.01:518][931]LogModuleManager: Shutting down and abandoning module ProjectLauncher (445)
[2018.05.24-00.32.01:518][931]LogModuleManager: Shutting down and abandoning module SessionFrontend (443)
[2018.05.24-00.32.01:518][931]LogModuleManager: Shutting down and abandoning module ProfilerClient (441)
[2018.05.24-00.32.01:518][931]LogModuleManager: Shutting down and abandoning module DeviceManager (439)
[2018.05.24-00.32.01:518][931]LogModuleManager: Shutting down and abandoning module TargetDeviceServices (438)
[2018.05.24-00.32.01:572][931]LogModuleManager: Shutting down and abandoning module AutomationController (435)
[2018.05.24-00.32.01:572][931]LogModuleManager: Shutting down and abandoning module AutomationWindow (433)
[2018.05.24-00.32.01:572][931]LogModuleManager: Shutting down and abandoning module Layers (431)
[2018.05.24-00.32.01:572][931]LogModuleManager: Shutting down and abandoning module ComponentVisualizers (429)
[2018.05.24-00.32.01:572][931]LogModuleManager: Shutting down and abandoning module DetailCustomizations (427)
[2018.05.24-00.32.01:572][931]LogModuleManager: Shutting down and abandoning module PackagesDialog (425)
[2018.05.24-00.32.01:573][931]LogModuleManager: Shutting down and abandoning module Persona (423)
[2018.05.24-00.32.01:573][931]LogModuleManager: Shutting down and abandoning module AdvancedPreviewScene (422)
[2018.05.24-00.32.01:573][931]LogModuleManager: Shutting down and abandoning module AnimGraph (420)
[2018.05.24-00.32.01:573][931]LogModuleManager: Shutting down and abandoning module Kismet (417)
[2018.05.24-00.32.01:591][931]LogModuleManager: Shutting down and abandoning module GraphEditor (415)
[2018.05.24-00.32.01:592][931]LogModuleManager: Shutting down and abandoning module ClassViewer (413)
[2018.05.24-00.32.01:592][931]LogModuleManager: Shutting down and abandoning module Toolbox (411)
[2018.05.24-00.32.01:592][931]LogModuleManager: Shutting down and abandoning module ModuleUI (409)
[2018.05.24-00.32.01:592][931]LogModuleManager: Shutting down and abandoning module MovieSceneTools (407)
[2018.05.24-00.32.01:592][931]LogModuleManager: Shutting down and abandoning module OutputLog (405)
[2018.05.24-00.32.01:592][931]LogModuleManager: Shutting down and abandoning module GammaUI (403)
[2018.05.24-00.32.01:593][931]LogModuleManager: Shutting down and abandoning module Documentation (401)
[2018.05.24-00.32.01:593][931]LogModuleManager: Shutting down and abandoning module MovieSceneTracks (399)
[2018.05.24-00.32.01:593][931]LogModuleManager: Shutting down and abandoning module MovieScene (397)
[2018.05.24-00.32.01:593][931]LogModuleManager: Shutting down and abandoning module StreamingPauseRendering (395)
[2018.05.24-00.32.01:593][931]LogModuleManager: Shutting down and abandoning module LauncherPlatform (393)
[2018.05.24-00.32.01:593][931]LogModuleManager: Shutting down and abandoning module AnalyticsET (391)
[2018.05.24-00.32.01:593][931]LogModuleManager: Shutting down and abandoning module PortalServices (389)
[2018.05.24-00.32.01:593][931]LogModuleManager: Shutting down and abandoning module PortalRpc (387)
[2018.05.24-00.32.01:593][931]LogModuleManager: Shutting down and abandoning module MessagingRpc (385)
[2018.05.24-00.32.01:594][931]LogModuleManager: Shutting down and abandoning module AIModule (383)
[2018.05.24-00.32.01:594][931]LogModuleManager: Shutting down and abandoning module GameplayDebugger (382)
[2018.05.24-00.32.01:594][931]LogModuleManager: Shutting down and abandoning module AITestSuite (380)
[2018.05.24-00.32.01:594][931]LogModuleManager: Shutting down and abandoning module DesktopPlatform (377)
[2018.05.24-00.32.01:594][931]LogModuleManager: Shutting down and abandoning module ProfilerService (375)
[2018.05.24-00.32.01:793][931]LogModuleManager: Shutting down and abandoning module TaskGraph (373)
[2018.05.24-00.32.01:793][931]LogModuleManager: Shutting down and abandoning module SteamVRController (371)
[2018.05.24-00.32.01:793][931]LogModuleManager: Shutting down and abandoning module ProceduralMeshComponentEditor (369)
[2018.05.24-00.32.01:793][931]LogModuleManager: Shutting down and abandoning module ProceduralMeshComponent (367)
[2018.05.24-00.32.01:793][931]LogModuleManager: Shutting down and abandoning module OculusInput (365)
[2018.05.24-00.32.01:793][931]LogModuleManager: Shutting down and abandoning module MobilePatchingUtils (363)
[2018.05.24-00.32.01:793][931]LogModuleManager: Shutting down and abandoning module CustomMeshComponent (361)
[2018.05.24-00.32.01:793][931]LogModuleManager: Shutting down and abandoning module CableComponent (359)
[2018.05.24-00.32.01:793][931]LogModuleManager: Shutting down and abandoning module AudioCapture (357)
[2018.05.24-00.32.01:793][931]LogModuleManager: Shutting down and abandoning module ArchVisCharacter (355)
[2018.05.24-00.32.01:793][931]LogModuleManager: Shutting down and abandoning module AndroidPermission (353)
[2018.05.24-00.32.01:793][931]LogModuleManager: Shutting down and abandoning module NUTUnrealEngine4 (351)
[2018.05.24-00.32.01:793][931]LogModuleManager: Shutting down and abandoning module NetcodeUnitTest (349)
[2018.05.24-00.32.01:793][931]LogModuleManager: Shutting down and abandoning module MediaCompositingEditor (347)
[2018.05.24-00.32.01:793][931]LogModuleManager: Shutting down and abandoning module MediaCompositing (345)
[2018.05.24-00.32.01:793][931]LogModuleManager: Shutting down and abandoning module LinearTimecode (343)
[2018.05.24-00.32.01:793][931]LogModuleManager: Shutting down and abandoning module ImgMedia (341)
[2018.05.24-00.32.01:798][931]LogModuleManager: Shutting down and abandoning module HTML5Networking (339)
[2018.05.24-00.32.01:798][931]LogModuleManager: Shutting down and abandoning module AlembicImporter (337)
[2018.05.24-00.32.01:798][931]LogModuleManager: Shutting down and abandoning module AlembicLibrary (336)
[2018.05.24-00.32.01:798][931]LogModuleManager: Shutting down and abandoning module GeometryCache (335)
[2018.05.24-00.32.01:798][931]LogModuleManager: Shutting down and abandoning module GeometryCacheEd (334)
[2018.05.24-00.32.01:798][931]LogModuleManager: Shutting down and abandoning module DatasmithContent (329)
[2018.05.24-00.32.01:798][931]LogModuleManager: Shutting down and abandoning module SpeedTreeImporter (327)
[2018.05.24-00.32.01:798][931]LogModuleManager: Shutting down and abandoning module PluginBrowser (325)
[2018.05.24-00.32.01:798][931]LogModuleManager: Shutting down and abandoning module MobileLauncherProfileWizard (323)
[2018.05.24-00.32.01:798][931]LogModuleManager: Shutting down and abandoning module CryptoKeysOpenSSL (321)
[2018.05.24-00.32.01:798][931]LogModuleManager: Shutting down and abandoning module CryptoKeys (319)
[2018.05.24-00.32.01:798][931]LogModuleManager: Shutting down and abandoning module VisualStudioSourceCodeAccess (317)
[2018.05.24-00.32.01:799][931]LogModuleManager: Shutting down and abandoning module VisualStudioCodeSourceCodeAccess (315)
[2018.05.24-00.32.01:799][931]LogModuleManager: Shutting down and abandoning module UObjectPlugin (313)
[2018.05.24-00.32.01:799][931]LogModuleManager: Shutting down and abandoning module SubversionSourceControl (311)
[2018.05.24-00.32.01:799][931]LogModuleManager: Shutting down and abandoning module PerforceSourceControl (309)
[2018.05.24-00.32.01:799][931]LogModuleManager: Shutting down and abandoning module GitSourceControl (307)
[2018.05.24-00.32.01:799][931]LogModuleManager: Shutting down and abandoning module SourceControl (306)
[2018.05.24-00.32.01:799][931]LogModuleManager: Shutting down and abandoning module CLionSourceCodeAccess (303)
[2018.05.24-00.32.01:799][931]LogModuleManager: Shutting down and abandoning module LightPropagationVolumeEditor (301)
[2018.05.24-00.32.01:799][931]LogModuleManager: Shutting down and abandoning module PaperTiledImporter (299)
[2018.05.24-00.32.01:799][931]LogModuleManager: Shutting down and abandoning module PaperSpriteSheetImporter (297)
[2018.05.24-00.32.01:799][931]LogModuleManager: Shutting down and abandoning module Paper2DEditor (295)
[2018.05.24-00.32.01:799][931]LogModuleManager: Shutting down and abandoning module MeshPaint (294)
[2018.05.24-00.32.01:799][931]LogModuleManager: Shutting down and abandoning module RuntimePhysXCooking (291)
[2018.05.24-00.32.01:799][931]LogModuleManager: Shutting down and abandoning module PhysXVehiclesEditor (289)
[2018.05.24-00.32.01:799][931]LogModuleManager: Shutting down and abandoning module PhysXVehicles (287)
[2018.05.24-00.32.01:799][931]LogModuleManager: Shutting down and abandoning module OculusEditor (285)
[2018.05.24-00.32.01:799][931]LogModuleManager: Shutting down and abandoning module LocationServicesBPLibrary (283)
[2018.05.24-00.32.01:799][931]LogModuleManager: Shutting down and abandoning module ImmediatePhysicsEditor (281)
[2018.05.24-00.32.01:799][931]LogModuleManager: Shutting down and abandoning module ImmediatePhysics (279)
[2018.05.24-00.32.01:799][931]LogModuleManager: Shutting down and abandoning module ActorSequence (277)
[2018.05.24-00.32.01:799][931]LogModuleManager: Shutting down and abandoning module UdpMessaging (275)
[2018.05.24-00.32.01:901][931]LogModuleManager: Shutting down and abandoning module TcpMessaging (273)
[2018.05.24-00.32.02:002][931]LogModuleManager: Shutting down and abandoning module GameplayTagsEditor (271)
[2018.05.24-00.32.02:002][931]LogModuleManager: Shutting down and abandoning module FacialAnimationEditor (269)
[2018.05.24-00.32.02:002][931]LogModuleManager: Shutting down and abandoning module FacialAnimation (267)
[2018.05.24-00.32.02:002][931]LogModuleManager: Shutting down and abandoning module DataValidation (265)
[2018.05.24-00.32.02:002][931]LogModuleManager: Shutting down and abandoning module AssetManagerEditor (263)
[2018.05.24-00.32.02:002][931]LogModuleManager: Shutting down and abandoning module LevelEditor (262)
[2018.05.24-00.32.02:003][931]LogModuleManager: Shutting down and abandoning module PixelInspectorModule (261)
[2018.05.24-00.32.02:003][931]LogModuleManager: Shutting down and abandoning module CommonMenuExtensions (259)
[2018.05.24-00.32.02:003][931]LogModuleManager: Shutting down and abandoning module MainFrame (257)
[2018.05.24-00.32.02:003][931]LogModuleManager: Shutting down and abandoning module HotReload (256)
[2018.05.24-00.32.02:006][931]LogModuleManager: Shutting down and abandoning module ContentBrowser (252)
[2018.05.24-00.32.02:008][931]LogModuleManager: Shutting down and abandoning module TreeMap (250)
[2018.05.24-00.32.02:008][931]LogModuleManager: Shutting down and abandoning module LightPropagationVolumeRuntime (247)
[2018.05.24-00.32.02:008][931]LogModuleManager: Shutting down and abandoning module LiveLinkEditor (245)
[2018.05.24-00.32.02:008][931]LogModuleManager: Shutting down and abandoning module LiveLink (243)
[2018.05.24-00.32.02:621][931]LogModuleManager: Shutting down and abandoning module Paper2D (241)
[2018.05.24-00.32.02:621][931]LogModuleManager: Shutting down and abandoning module WindowsMoviePlayer (239)
[2018.05.24-00.32.02:621][931]LogModuleManager: Shutting down and abandoning module WmfMedia (237)
[2018.05.24-00.32.02:626][931]LogModuleManager: Shutting down and abandoning module Media (236)
[2018.05.24-00.32.02:632][931]LogModuleManager: Shutting down and abandoning module PacketHandler (233)
[2018.05.24-00.32.02:633][931]LogModuleManager: Shutting down and abandoning module ClothingSystemEditor (231)
[2018.05.24-00.32.02:633][931]LogModuleManager: Shutting down and abandoning module ClothingSystemRuntime (229)
[2018.05.24-00.32.02:633][931]LogModuleManager: Shutting down and abandoning module MediaAssets (227)
[2018.05.24-00.32.02:633][931]LogModuleManager: Shutting down and abandoning module Overlay (225)
[2018.05.24-00.32.02:633][931]LogModuleManager: Shutting down and abandoning module OverlayEditor (224)
[2018.05.24-00.32.02:633][931]LogModuleManager: Shutting down and abandoning module VREditor (221)
[2018.05.24-00.32.02:633][931]LogModuleManager: Shutting down and abandoning module StringTableEditor (219)
[2018.05.24-00.32.02:633][931]LogModuleManager: Shutting down and abandoning module GameplayTasksEditor (217)
[2018.05.24-00.32.02:633][931]LogModuleManager: Shutting down and abandoning module BehaviorTreeEditor (215)
[2018.05.24-00.32.02:633][931]LogModuleManager: Shutting down and abandoning module FunctionalTesting (213)
[2018.05.24-00.32.02:633][931]LogModuleManager: Shutting down and abandoning module CollisionAnalyzer (211)
[2018.05.24-00.32.02:633][931]LogModuleManager: Shutting down and abandoning module WorkspaceMenuStructure (210)
[2018.05.24-00.32.02:633][931]LogModuleManager: Shutting down and abandoning module UMG (207)
[2018.05.24-00.32.02:633][931]LogModuleManager: Shutting down and abandoning module UMGEditor (206)
[2018.05.24-00.32.02:633][931]LogModuleManager: Shutting down and abandoning module Sequencer (205)
[2018.05.24-00.32.02:633][931]LogModuleManager: Shutting down and abandoning module MessageLog (202)
[2018.05.24-00.32.02:633][931]LogModuleManager: Shutting down and abandoning module SlateReflector (197)
[2018.05.24-00.32.02:633][931]LogModuleManager: Shutting down and abandoning module Slate (195)
[2018.05.24-00.32.02:633][931]LogModuleManager: Shutting down and abandoning module EditorStyle (193)
[2018.05.24-00.32.02:636][931]LogModuleManager: Shutting down and abandoning module MRMesh (191)
[2018.05.24-00.32.02:636][931]LogModuleManager: Shutting down and abandoning module SourceCodeAccess (189)
[2018.05.24-00.32.02:636][931]LogModuleManager: Shutting down and abandoning module HeadMountedDisplay (187)
[2018.05.24-00.32.02:636][931]LogModuleManager: Shutting down and abandoning module XAudio2 (185)
[2018.05.24-00.32.02:636][931]LogModuleManager: Shutting down and abandoning module Networking (183)
[2018.05.24-00.32.02:636][931]LogModuleManager: Shutting down and abandoning module Core (181)
[2018.05.24-00.32.02:636][931]LogModuleManager: Shutting down and abandoning module LevelSequence (179)
[2018.05.24-00.32.02:636][931]LogModuleManager: Shutting down and abandoning module KismetCompiler (177)
[2018.05.24-00.32.02:636][931]LogModuleManager: Shutting down and abandoning module MeshUtilities (175)
[2018.05.24-00.32.02:636][931]LogModuleManager: Shutting down and abandoning module MeshMergeUtilities (174)
[2018.05.24-00.32.02:636][931]LogModuleManager: Shutting down and abandoning module MeshReductionInterface (173)
[2018.05.24-00.32.02:636][931]LogModuleManager: Shutting down and abandoning module SimplygonSwarm (172)
[2018.05.24-00.32.02:636][931]LogModuleManager: Shutting down and abandoning module SimplygonMeshReduction (170)
[2018.05.24-00.32.02:636][931]LogModuleManager: Shutting down and abandoning module QuadricMeshReduction (168)
[2018.05.24-00.32.02:636][931]LogModuleManager: Shutting down and abandoning module MaterialBaking (164)
[2018.05.24-00.32.02:636][931]LogModuleManager: Shutting down and abandoning module DirectoryWatcher (160)
[2018.05.24-00.32.02:638][931]LogModuleManager: Shutting down and abandoning module DerivedDataCache (157)
[2018.05.24-00.32.02:699][931]LogDerivedDataCache: Shutdown
[2018.05.24-00.32.02:699][931]LogModuleManager: Shutting down and abandoning module XGEController (155)
[2018.05.24-00.32.02:699][931]LogModuleManager: Shutting down and abandoning module TargetPlatform (153)
[2018.05.24-00.32.02:699][931]LogModuleManager: Shutting down and abandoning module VulkanShaderFormat (152)
[2018.05.24-00.32.02:699][931]LogModuleManager: Shutting down and abandoning module ShaderFormatVectorVM (150)
[2018.05.24-00.32.02:699][931]LogModuleManager: Shutting down and abandoning module ShaderFormatOpenGL (148)
[2018.05.24-00.32.02:699][931]LogModuleManager: Shutting down and abandoning module ShaderFormatD3D (146)
[2018.05.24-00.32.02:699][931]LogModuleManager: Shutting down and abandoning module MetalShaderFormat (144)
[2018.05.24-00.32.02:699][931]LogModuleManager: Shutting down and abandoning module TextureFormatUncompressed (142)
[2018.05.24-00.32.02:699][931]LogModuleManager: Shutting down and abandoning module TextureFormatPVR (140)
[2018.05.24-00.32.02:699][931]LogModuleManager: Shutting down and abandoning module TextureFormatDXT (138)
[2018.05.24-00.32.02:699][931]LogModuleManager: Shutting down and abandoning module TextureFormatIntelISPCTexComp (136)
[2018.05.24-00.32.02:699][931]LogModuleManager: Shutting down and abandoning module TextureFormatASTC (134)
[2018.05.24-00.32.02:699][931]LogModuleManager: Shutting down and abandoning module ImageWrapper (133)
[2018.05.24-00.32.02:699][931]LogModuleManager: Shutting down and abandoning module TextureFormatAndroid (130)
[2018.05.24-00.32.02:699][931]LogModuleManager: Shutting down and abandoning module AudioFormatOpus (128)
[2018.05.24-00.32.02:699][931]LogModuleManager: Shutting down and abandoning module AudioFormatOgg (126)
[2018.05.24-00.32.02:699][931]LogModuleManager: Shutting down and abandoning module AudioFormatADPCM (124)
[2018.05.24-00.32.02:699][931]LogModuleManager: Shutting down and abandoning module LinuxTargetPlatform (122)
[2018.05.24-00.32.02:699][931]LogModuleManager: Shutting down and abandoning module LinuxServerTargetPlatform (120)
[2018.05.24-00.32.02:699][931]LogModuleManager: Shutting down and abandoning module LinuxNoEditorTargetPlatform (118)
[2018.05.24-00.32.02:699][931]LogModuleManager: Shutting down and abandoning module LinuxClientTargetPlatform (116)
[2018.05.24-00.32.02:700][931]LogModuleManager: Shutting down and abandoning module TVOSTargetPlatform (114)
[2018.05.24-00.32.02:700][931]LogModuleManager: Shutting down and abandoning module Messaging (112)
[2018.05.24-00.32.02:700][931]LogModuleManager: Shutting down and abandoning module IOSTargetPlatform (110)
[2018.05.24-00.32.02:700][931]LogModuleManager: Shutting down and abandoning module HTML5TargetPlatform (108)
[2018.05.24-00.32.02:700][931]LogModuleManager: Shutting down and abandoning module AndroidTargetPlatform (106)
[2018.05.24-00.32.02:700][931]LogModuleManager: Shutting down and abandoning module Android_PVRTCTargetPlatform (104)
[2018.05.24-00.32.02:700][931]LogModuleManager: Shutting down and abandoning module Android_MultiTargetPlatform (102)
[2018.05.24-00.32.02:700][931]LogModuleManager: Shutting down and abandoning module Android_ETC2TargetPlatform (100)
[2018.05.24-00.32.02:700][931]LogModuleManager: Shutting down and abandoning module Android_ETC1TargetPlatform (98)
[2018.05.24-00.32.02:700][931]LogModuleManager: Shutting down and abandoning module Android_ETC1aTargetPlatform (96)
[2018.05.24-00.32.02:700][931]LogModuleManager: Shutting down and abandoning module Android_DXTTargetPlatform (94)
[2018.05.24-00.32.02:700][931]LogModuleManager: Shutting down and abandoning module Android_ATCTargetPlatform (92)
[2018.05.24-00.32.02:700][931]LogModuleManager: Shutting down and abandoning module Android_ASTCTargetPlatform (90)
[2018.05.24-00.32.02:700][931]LogModuleManager: Shutting down and abandoning module WindowsTargetPlatform (88)
[2018.05.24-00.32.02:700][931]LogModuleManager: Shutting down and abandoning module WindowsServerTargetPlatform (86)
[2018.05.24-00.32.02:700][931]LogModuleManager: Shutting down and abandoning module WindowsNoEditorTargetPlatform (84)
[2018.05.24-00.32.02:700][931]LogModuleManager: Shutting down and abandoning module WindowsClientTargetPlatform (82)
[2018.05.24-00.32.02:700][931]LogModuleManager: Shutting down and abandoning module MacTargetPlatform (80)
[2018.05.24-00.32.02:700][931]LogModuleManager: Shutting down and abandoning module MacServerTargetPlatform (78)
[2018.05.24-00.32.02:700][931]LogModuleManager: Shutting down and abandoning module MacNoEditorTargetPlatform (76)
[2018.05.24-00.32.02:700][931]LogModuleManager: Shutting down and abandoning module MacClientTargetPlatform (74)
[2018.05.24-00.32.02:700][931]LogModuleManager: Shutting down and abandoning module AllDesktopTargetPlatform (72)
[2018.05.24-00.32.02:700][931]LogModuleManager: Shutting down and abandoning module InputCore (69)
[2018.05.24-00.32.02:700][931]LogModuleManager: Shutting down and abandoning module Settings (67)
[2018.05.24-00.32.02:700][931]LogModuleManager: Shutting down and abandoning module PhysXCooking (65)
[2018.05.24-00.32.02:700][931]LogModuleManager: Shutting down and abandoning module SteamVR (63)
[2018.05.24-00.32.02:700][931]LogModuleManager: Shutting down and abandoning module OculusHMD (61)
[2018.05.24-00.32.02:700][931]LogModuleManager: Shutting down and abandoning module ExampleDeviceProfileSelector (59)
[2018.05.24-00.32.02:700][931]LogModuleManager: Shutting down and abandoning module AppleARKit (57)
[2018.05.24-00.32.02:700][931]LogModuleManager: Shutting down and abandoning module AugmentedReality (56)
[2018.05.24-00.32.02:700][931]LogModuleManager: Shutting down and abandoning module OnlineBlueprintSupport (53)
[2018.05.24-00.32.02:700][931]LogModuleManager: Shutting down and abandoning module OnlineSubsystem (49)
[2018.05.24-00.32.02:700][931]LogOnline: Display: OSS: FOnlineSubsystemNull::Shutdown()
[2018.05.24-00.32.02:700][931]LogOnline: Display: OSS: FOnlineAsyncTaskManager::Stop() ActiveTask:0000000000000000 Tasks[0/0]
[2018.05.24-00.32.02:701][931]LogOnline: Display: OSS: FOnlineAsyncTaskManager::Exit() started
[2018.05.24-00.32.02:702][931]LogOnline: Display: OSS: FOnlineAsyncTaskManager::Exit() finished
[2018.05.24-00.32.02:702][931]LogModuleManager: Shutting down and abandoning module XMPP (43)
[2018.05.24-00.32.02:702][931]LogModuleManager: Shutting down and abandoning module HTTP (41)
[2018.05.24-00.32.02:702][931]LogHttp: Display: Http module shutting down, but needs to wait on 1 outstanding Http requests:
[2018.05.24-00.32.02:702][931]LogHttp: Display: 	verb=[POST] url=[https://datarouter.ol.epicgames.com/datarouter/api/v1/public/data?SessionID=%7B412E0A93-454F-2809-9CE2-EC85B188F1DF%7D&AppID=UEEditor.Rocket.Release&AppVersion=4.19.2-4033788%2B%2B%2BUE4%2BRelease-4.19&UserID=e31e2f344c668a35641b64bae575aa3e%7C0c801e8345c049d1aee4a39cf6ffe31a%7Cbb4228c3-408e-4a57-bdbc-0a59639a1fcd&AppEnvironment=datacollector-binary&UploadType=eteventstream] status=Processing
[2018.05.24-00.32.02:737][931]LogModuleManager: Shutting down and abandoning module SSL (40)
[2018.05.24-00.32.02:739][931]LogModuleManager: Shutting down and abandoning module AnimationModifiers (36)
[2018.05.24-00.32.02:739][931]LogModuleManager: Shutting down and abandoning module PropertyEditor (35)
[2018.05.24-00.32.02:739][931]LogModuleManager: Shutting down and abandoning module AudioEditor (32)
[2018.05.24-00.32.02:739][931]LogModuleManager: Shutting down and abandoning module TextureCompressor (30)
[2018.05.24-00.32.02:739][931]LogModuleManager: Shutting down and abandoning module ShaderCore (28)
[2018.05.24-00.32.02:739][931]LogModuleManager: Shutting down and abandoning module Landscape (26)
[2018.05.24-00.32.02:739][931]LogModuleManager: Shutting down and abandoning module SlateRHIRenderer (24)
[2018.05.24-00.32.02:741][931]LogModuleManager: Shutting down and abandoning module OpenGLDrv (22)
[2018.05.24-00.32.02:741][931]LogModuleManager: Shutting down and abandoning module D3D11RHI (20)
[2018.05.24-00.32.02:741][931]LogModuleManager: Shutting down and abandoning module AnimGraphRuntime (18)
[2018.05.24-00.32.02:741][931]LogModuleManager: Shutting down and abandoning module Renderer (16)
[2018.05.24-00.32.02:741][931]LogModuleManager: Shutting down and abandoning module Engine (14)
[2018.05.24-00.32.02:741][931]LogModuleManager: Shutting down and abandoning module CoreUObject (12)
[2018.05.24-00.32.02:741][931]LogModuleManager: Shutting down and abandoning module NetworkFile (10)
[2018.05.24-00.32.02:741][931]LogModuleManager: Shutting down and abandoning module CookedIterativeFile (8)
[2018.05.24-00.32.02:741][931]LogModuleManager: Shutting down and abandoning module StreamingFile (6)
[2018.05.24-00.32.02:741][931]LogModuleManager: Shutting down and abandoning module SandboxFile (4)
[2018.05.24-00.32.02:741][931]LogModuleManager: Shutting down and abandoning module PakFile (2)
[2018.05.24-00.32.02:745][931]LogExit: Exiting.
[2018.05.24-00.32.02:765][931]Log file closed, 05/23/18 20:32:02
