Log file open, 05/23/18 20:06:03
LogWindows: Failed to load 'aqProf.dll' (GetLastError=126)
LogWindows: File 'aqProf.dll' does not exist
LogWindows: Failed to load 'VtuneApi.dll' (GetLastError=126)
LogWindows: File 'VtuneApi.dll' does not exist
LogWindows: Failed to load 'VtuneApi32e.dll' (GetLastError=126)
LogWindows: File 'VtuneApi32e.dll' does not exist
LogInit: Display: Running engine for game: NPB
LogPlatformFile: Not using cached read wrapper
LogInit: Display: RandInit(-250433063) SRandInit(-250433062).
LogInit: Read version file with build ID '3944462'
LogInit: Overriding engine version to CL 4033788, compatible CL 3944462
LogInit: Registered custom module enumerator with build ID '3944462'
LogTaskGraph: Started task graph with 5 named threads and 11 total threads with 3 sets of task threads.
LogStats: Stats thread started at 0.489694
LogD3D11RHI: Aftermath initialized
LogICUInternationalization: Display: ICU TimeZone Detection - Raw Offset: -5:00, Platform Override: ''
LogModuleManager: Display: Found up-to-date module file ../../../Engine/Plugins/2D/Paper2D/Binaries/Win64/UE4Editor-Paper2D.dll (API version 3944462).
LogModuleManager: Display: Found up-to-date module file ../../../Engine/Plugins/2D/Paper2D/Binaries/Win64/UE4Editor-Paper2DEditor.dll (API version 3944462).
LogModuleManager: Display: Found up-to-date module file ../../../Engine/Plugins/2D/Paper2D/Binaries/Win64/UE4Editor-PaperSpriteSheetImporter.dll (API version 3944462).
LogModuleManager: Display: Found up-to-date module file ../../../Engine/Plugins/2D/Paper2D/Binaries/Win64/UE4Editor-PaperTiledImporter.dll (API version 3944462).
LogModuleManager: Display: Found up-to-date module file ../../../Engine/Plugins/2D/Paper2D/Binaries/Win64/UE4Editor-SmartSnapping.dll (API version 3944462).
LogModuleManager: Display: Found up-to-date module file ../../../Engine/Plugins/Blendables/LightPropagationVolume/Binaries/Win64/UE4Editor-LightPropagationVolumeRuntime.dll (API version 3944462).
LogModuleManager: Display: Found up-to-date module file ../../../Engine/Plugins/Blendables/LightPropagationVolume/Binaries/Win64/UE4Editor-LightPropagationVolumeEditor.dll (API version 3944462).
LogModuleManager: Display: Found up-to-date module file ../../../Engine/Plugins/Developer/CLionSourceCodeAccess/Binaries/Win64/UE4Editor-CLionSourceCodeAccess.dll (API version 3944462).
LogModuleManager: Display: Found up-to-date module file ../../../Engine/Plugins/Developer/GitSourceControl/Binaries/Win64/UE4Editor-GitSourceControl.dll (API version 3944462).
LogModuleManager: Display: Found up-to-date module file ../../../Engine/Plugins/Developer/PerforceSourceControl/Binaries/Win64/UE4Editor-PerforceSourceControl.dll (API version 3944462).
LogModuleManager: Display: Found up-to-date module file ../../../Engine/Plugins/Developer/SubversionSourceControl/Binaries/Win64/UE4Editor-SubversionSourceControl.dll (API version 3944462).
LogModuleManager: Display: Found up-to-date module file ../../../Engine/Plugins/Developer/UObjectPlugin/Binaries/Win64/UE4Editor-UObjectPlugin.dll (API version 3944462).
LogModuleManager: Display: Found up-to-date module file ../../../Engine/Plugins/Developer/VisualStudioCodeSourceCodeAccess/Binaries/Win64/UE4Editor-VisualStudioCodeSourceCodeAccess.dll (API version 3944462).
LogModuleManager: Display: Found up-to-date module file ../../../Engine/Plugins/Developer/VisualStudioSourceCodeAccess/Binaries/Win64/UE4Editor-VisualStudioSourceCodeAccess.dll (API version 3944462).
LogModuleManager: Display: Found up-to-date module file ../../../Engine/Plugins/Editor/AssetManagerEditor/Binaries/Win64/UE4Editor-AssetManagerEditor.dll (API version 3944462).
LogModuleManager: Display: Found up-to-date module file ../../../Engine/Plugins/Editor/CryptoKeys/Binaries/Win64/UE4Editor-CryptoKeys.dll (API version 3944462).
LogModuleManager: Display: Found up-to-date module file ../../../Engine/Plugins/Editor/CryptoKeys/Binaries/Win64/UE4Editor-CryptoKeysOpenSSL.dll (API version 3944462).
LogModuleManager: Display: Found up-to-date module file ../../../Engine/Plugins/Editor/DataValidation/Binaries/Win64/UE4Editor-DataValidation.dll (API version 3944462).
LogModuleManager: Display: Found up-to-date module file ../../../Engine/Plugins/Editor/FacialAnimation/Binaries/Win64/UE4Editor-FacialAnimation.dll (API version 3944462).
LogModuleManager: Display: Found up-to-date module file ../../../Engine/Plugins/Editor/FacialAnimation/Binaries/Win64/UE4Editor-FacialAnimationEditor.dll (API version 3944462).
LogModuleManager: Display: Found up-to-date module file ../../../Engine/Plugins/Editor/GameplayTagsEditor/Binaries/Win64/UE4Editor-GameplayTagsEditor.dll (API version 3944462).
LogModuleManager: Display: Found up-to-date module file ../../../Engine/Plugins/Editor/MobileLauncherProfileWizard/Binaries/Win64/UE4Editor-MobileLauncherProfileWizard.dll (API version 3944462).
LogModuleManager: Display: Found up-to-date module file ../../../Engine/Plugins/Editor/PluginBrowser/Binaries/Win64/UE4Editor-PluginBrowser.dll (API version 3944462).
LogModuleManager: Display: Found up-to-date module file ../../../Engine/Plugins/Editor/SpeedTreeImporter/Binaries/Win64/UE4Editor-SpeedTreeImporter.dll (API version 3944462).
LogModuleManager: Display: Found up-to-date module file ../../../Engine/Plugins/Enterprise/DatasmithContent/Binaries/Win64/UE4Editor-DatasmithContent.dll (API version 3944462).
LogModuleManager: Display: Found up-to-date module file ../../../Engine/Plugins/Experimental/AlembicImporter/Binaries/Win64/UE4Editor-AlembicImporter.dll (API version 3944462).
LogModuleManager: Display: Found up-to-date module file ../../../Engine/Plugins/Experimental/AlembicImporter/Binaries/Win64/UE4Editor-AlembicLibrary.dll (API version 3944462).
LogModuleManager: Display: Found up-to-date module file ../../../Engine/Plugins/Experimental/CharacterAI/Binaries/Win64/UE4Editor-CharacterAI.dll (API version 3944462).
LogModuleManager: Display: Found up-to-date module file ../../../Engine/Plugins/Experimental/HTML5Networking/Binaries/Win64/UE4Editor-HTML5Networking.dll (API version 3944462).
LogModuleManager: Display: Found up-to-date module file ../../../Engine/Plugins/Media/AndroidMedia/Binaries/Win64/UE4Editor-AndroidMediaEditor.dll (API version 3944462).
LogModuleManager: Display: Found up-to-date module file ../../../Engine/Plugins/Media/AndroidMedia/Binaries/Win64/UE4Editor-AndroidMediaFactory.dll (API version 3944462).
LogModuleManager: Display: Found up-to-date module file ../../../Engine/Plugins/Media/AvfMedia/Binaries/Win64/UE4Editor-AvfMediaEditor.dll (API version 3944462).
LogModuleManager: Display: Found up-to-date module file ../../../Engine/Plugins/Media/AvfMedia/Binaries/Win64/UE4Editor-AvfMediaFactory.dll (API version 3944462).
LogModuleManager: Display: Found up-to-date module file ../../../Engine/Plugins/Media/AvfMedia/Binaries/Win64/UE4Editor-AvfMediaFactory.dll (API version 3944462).
LogModuleManager: Display: Found up-to-date module file ../../../Engine/Plugins/Media/ImgMedia/Binaries/Win64/UE4Editor-ImgMedia.dll (API version 3944462).
LogModuleManager: Display: Found up-to-date module file ../../../Engine/Plugins/Media/ImgMedia/Binaries/Win64/UE4Editor-ImgMediaEditor.dll (API version 3944462).
LogModuleManager: Display: Found up-to-date module file ../../../Engine/Plugins/Media/ImgMedia/Binaries/Win64/UE4Editor-ImgMediaFactory.dll (API version 3944462).
LogModuleManager: Display: Found up-to-date module file ../../../Engine/Plugins/Media/ImgMedia/Binaries/Win64/UE4Editor-ImgMediaFactory.dll (API version 3944462).
LogModuleManager: Display: Found up-to-date module file ../../../Engine/Plugins/Media/ImgMedia/Binaries/Win64/UE4Editor-OpenExrWrapper.dll (API version 3944462).
LogModuleManager: Display: Found up-to-date module file ../../../Engine/Plugins/Media/LinearTimecode/Binaries/Win64/UE4Editor-LinearTimecode.dll (API version 3944462).
LogModuleManager: Display: Found up-to-date module file ../../../Engine/Plugins/Media/MediaCompositing/Binaries/Win64/UE4Editor-MediaCompositing.dll (API version 3944462).
LogModuleManager: Display: Found up-to-date module file ../../../Engine/Plugins/Media/MediaCompositing/Binaries/Win64/UE4Editor-MediaCompositingEditor.dll (API version 3944462).
LogModuleManager: Display: Found up-to-date module file ../../../Engine/Plugins/Media/MediaPlayerEditor/Binaries/Win64/UE4Editor-MediaPlayerEditor.dll (API version 3944462).
LogModuleManager: Display: Found up-to-date module file ../../../Engine/Plugins/Media/WmfMedia/Binaries/Win64/UE4Editor-WmfMedia.dll (API version 3944462).
LogModuleManager: Display: Found up-to-date module file ../../../Engine/Plugins/Media/WmfMedia/Binaries/Win64/UE4Editor-WmfMediaEditor.dll (API version 3944462).
LogModuleManager: Display: Found up-to-date module file ../../../Engine/Plugins/Media/WmfMedia/Binaries/Win64/UE4Editor-WmfMediaFactory.dll (API version 3944462).
LogModuleManager: Display: Found up-to-date module file ../../../Engine/Plugins/Media/WmfMedia/Binaries/Win64/UE4Editor-WmfMediaFactory.dll (API version 3944462).
LogModuleManager: Display: Found up-to-date module file ../../../Engine/Plugins/Messaging/TcpMessaging/Binaries/Win64/UE4Editor-TcpMessaging.dll (API version 3944462).
LogModuleManager: Display: Found up-to-date module file ../../../Engine/Plugins/Messaging/UdpMessaging/Binaries/Win64/UE4Editor-UdpMessaging.dll (API version 3944462).
LogModuleManager: Display: Found up-to-date module file ../../../Engine/Plugins/MovieScene/ActorSequence/Binaries/Win64/UE4Editor-ActorSequence.dll (API version 3944462).
LogModuleManager: Display: Found up-to-date module file ../../../Engine/Plugins/MovieScene/LevelSequenceEditor/Binaries/Win64/UE4Editor-LevelSequenceEditor.dll (API version 3944462).
LogModuleManager: Display: Found up-to-date module file ../../../Engine/Plugins/MovieScene/MatineeToLevelSequence/Binaries/Win64/UE4Editor-MatineeToLevelSequence.dll (API version 3944462).
LogModuleManager: Display: Found up-to-date module file ../../../Engine/Plugins/NetcodeUnitTest/NetcodeUnitTest/Binaries/Win64/UE4Editor-NetcodeUnitTest.dll (API version 3944462).
LogModuleManager: Display: Found up-to-date module file ../../../Engine/Plugins/NetcodeUnitTest/NUTUnrealEngine4/Binaries/Win64/UE4Editor-NUTUnrealEngine4.dll (API version 3944462).
LogModuleManager: Display: Found up-to-date module file ../../../Engine/Plugins/Online/OnlineSubsystem/Binaries/Win64/UE4Editor-OnlineSubsystem.dll (API version 3944462).
LogModuleManager: Display: Found up-to-date module file ../../../Engine/Plugins/Runtime/AndroidPermission/Binaries/Win64/UE4Editor-AndroidPermission.dll (API version 3944462).
LogModuleManager: Display: Found up-to-date module file ../../../Engine/Plugins/Online/OnlineSubsystemNull/Binaries/Win64/UE4Editor-OnlineSubsystemNull.dll (API version 3944462).
LogModuleManager: Display: Found up-to-date module file ../../../Engine/Plugins/Online/OnlineSubsystemUtils/Binaries/Win64/UE4Editor-OnlineSubsystemUtils.dll (API version 3944462).
LogModuleManager: Display: Found up-to-date module file ../../../Engine/Plugins/Online/OnlineSubsystemUtils/Binaries/Win64/UE4Editor-OnlineBlueprintSupport.dll (API version 3944462).
LogModuleManager: Display: Found up-to-date module file ../../../Engine/Plugins/Runtime/AndroidDeviceProfileSelector/Binaries/Win64/UE4Editor-AndroidDeviceProfileSelector.dll (API version 3944462).
LogModuleManager: Display: Found up-to-date module file ../../../Engine/Plugins/Runtime/AppleARKit/Binaries/Win64/UE4Editor-AppleARKit.dll (API version 3944462).
LogModuleManager: Display: Found up-to-date module file ../../../Engine/Plugins/Runtime/ProceduralMeshComponent/Binaries/Win64/UE4Editor-ProceduralMeshComponent.dll (API version 3944462).
LogModuleManager: Display: Found up-to-date module file ../../../Engine/Plugins/Runtime/ProceduralMeshComponent/Binaries/Win64/UE4Editor-ProceduralMeshComponentEditor.dll (API version 3944462).
LogModuleManager: Display: Found up-to-date module file ../../../Engine/Plugins/Animation/LiveLink/Binaries/Win64/UE4Editor-LiveLink.dll (API version 3944462).
LogModuleManager: Display: Found up-to-date module file ../../../Engine/Plugins/Animation/LiveLink/Binaries/Win64/UE4Editor-LiveLinkEditor.dll (API version 3944462).
LogModuleManager: Display: Found up-to-date module file ../../../Engine/Plugins/Runtime/ArchVisCharacter/Binaries/Win64/UE4Editor-ArchVisCharacter.dll (API version 3944462).
LogModuleManager: Display: Found up-to-date module file ../../../Engine/Plugins/Runtime/AudioCapture/Binaries/Win64/UE4Editor-AudioCapture.dll (API version 3944462).
LogModuleManager: Display: Found up-to-date module file ../../../Engine/Plugins/Runtime/AudioCapture/Binaries/Win64/UE4Editor-AudioCaptureEditor.dll (API version 3944462).
LogModuleManager: Display: Found up-to-date module file ../../../Engine/Plugins/Runtime/CableComponent/Binaries/Win64/UE4Editor-CableComponent.dll (API version 3944462).
LogModuleManager: Display: Found up-to-date module file ../../../Engine/Plugins/Runtime/CustomMeshComponent/Binaries/Win64/UE4Editor-CustomMeshComponent.dll (API version 3944462).
LogModuleManager: Display: Found up-to-date module file ../../../Engine/Plugins/Runtime/ExampleDeviceProfileSelector/Binaries/Win64/UE4Editor-ExampleDeviceProfileSelector.dll (API version 3944462).
LogModuleManager: Display: Found up-to-date module file ../../../Engine/Plugins/Runtime/ImmediatePhysics/Binaries/Win64/UE4Editor-ImmediatePhysics.dll (API version 3944462).
LogModuleManager: Display: Found up-to-date module file ../../../Engine/Plugins/Runtime/ImmediatePhysics/Binaries/Win64/UE4Editor-ImmediatePhysicsEditor.dll (API version 3944462).
LogModuleManager: Display: Found up-to-date module file ../../../Engine/Plugins/Runtime/LocationServicesBPLibrary/Binaries/Win64/UE4Editor-LocationServicesBPLibrary.dll (API version 3944462).
LogModuleManager: Display: Found up-to-date module file ../../../Engine/Plugins/Runtime/MobilePatchingUtils/Binaries/Win64/UE4Editor-MobilePatchingUtils.dll (API version 3944462).
LogModuleManager: Display: Found up-to-date module file ../../../Engine/Plugins/Runtime/Oculus/OculusVR/Binaries/Win64/UE4Editor-OculusHMD.dll (API version 3944462).
LogModuleManager: Display: Found up-to-date module file ../../../Engine/Plugins/Runtime/Oculus/OculusVR/Binaries/Win64/UE4Editor-OculusInput.dll (API version 3944462).
LogModuleManager: Display: Found up-to-date module file ../../../Engine/Plugins/Runtime/Oculus/OculusVR/Binaries/Win64/UE4Editor-OculusEditor.dll (API version 3944462).
LogModuleManager: Display: Found up-to-date module file ../../../Engine/Plugins/Runtime/PhysXVehicles/Binaries/Win64/UE4Editor-PhysXVehicles.dll (API version 3944462).
LogModuleManager: Display: Found up-to-date module file ../../../Engine/Plugins/Runtime/PhysXVehicles/Binaries/Win64/UE4Editor-PhysXVehiclesEditor.dll (API version 3944462).
LogModuleManager: Display: Found up-to-date module file ../../../Engine/Plugins/Runtime/RuntimePhysXCooking/Binaries/Win64/UE4Editor-RuntimePhysXCooking.dll (API version 3944462).
LogModuleManager: Display: Found up-to-date module file ../../../Engine/Plugins/Runtime/Steam/SteamVR/Binaries/Win64/UE4Editor-SteamVR.dll (API version 3944462).
LogModuleManager: Display: Found up-to-date module file ../../../Engine/Plugins/Runtime/Steam/SteamVR/Binaries/Win64/UE4Editor-SteamVRController.dll (API version 3944462).
LogModuleManager: Display: Found up-to-date module file ../../../Engine/Plugins/Runtime/WindowsMoviePlayer/Binaries/Win64/UE4Editor-WindowsMoviePlayer.dll (API version 3944462).
LogPluginManager: Mounting plugin Paper2D
LogPluginManager: Mounting plugin LiveLink
LogPluginManager: Mounting plugin LightPropagationVolume
LogPluginManager: Mounting plugin CLionSourceCodeAccess
LogPluginManager: Mounting plugin CodeLiteSourceCodeAccess
LogPluginManager: Mounting plugin GitSourceControl
LogPluginManager: Mounting plugin KDevelopSourceCodeAccess
LogPluginManager: Mounting plugin NullSourceCodeAccess
LogPluginManager: Mounting plugin PerforceSourceControl
LogPluginManager: Mounting plugin SubversionSourceControl
LogPluginManager: Mounting plugin UObjectPlugin
LogPluginManager: Mounting plugin VisualStudioCodeSourceCodeAccess
LogPluginManager: Mounting plugin VisualStudioSourceCodeAccess
LogPluginManager: Mounting plugin XCodeSourceCodeAccess
LogPluginManager: Mounting plugin AssetManagerEditor
LogPluginManager: Mounting plugin CryptoKeys
LogPluginManager: Mounting plugin DataValidation
LogPluginManager: Mounting plugin FacialAnimation
LogPluginManager: Mounting plugin GameplayTagsEditor
LogPluginManager: Mounting plugin MobileLauncherProfileWizard
LogPluginManager: Mounting plugin PluginBrowser
LogPluginManager: Mounting plugin SpeedTreeImporter
LogPluginManager: Mounting plugin DatasmithContent
LogPluginManager: Mounting plugin AlembicImporter
LogPluginManager: Mounting plugin CharacterAI
LogPluginManager: Mounting plugin HTML5Networking
LogPluginManager: Mounting plugin AndroidMedia
LogPluginManager: Mounting plugin AvfMedia
LogPluginManager: Mounting plugin ImgMedia
LogPluginManager: Mounting plugin LinearTimecode
LogPluginManager: Mounting plugin MediaCompositing
LogPluginManager: Mounting plugin MediaPlayerEditor
LogPluginManager: Mounting plugin WmfMedia
LogPluginManager: Mounting plugin TcpMessaging
LogPluginManager: Mounting plugin UdpMessaging
LogPluginManager: Mounting plugin ActorSequence
LogPluginManager: Mounting plugin LevelSequenceEditor
LogPluginManager: Mounting plugin MatineeToLevelSequence
LogPluginManager: Mounting plugin NetcodeUnitTest
LogPluginManager: Mounting plugin NUTUnrealEngine4
LogPluginManager: Mounting plugin OnlineSubsystemGooglePlay
LogPluginManager: Mounting plugin OnlineSubsystemIOS
LogPluginManager: Mounting plugin OnlineSubsystem
LogPluginManager: Mounting plugin OnlineSubsystemNull
LogPluginManager: Mounting plugin OnlineSubsystemUtils
LogPluginManager: Mounting plugin AndroidDeviceProfileSelector
LogPluginManager: Mounting plugin AndroidMoviePlayer
LogPluginManager: Mounting plugin AndroidPermission
LogPluginManager: Mounting plugin AppleARKit
LogPluginManager: Mounting plugin AppleMoviePlayer
LogPluginManager: Mounting plugin ArchVisCharacter
LogPluginManager: Mounting plugin AudioCapture
LogPluginManager: Mounting plugin CableComponent
LogPluginManager: Mounting plugin CustomMeshComponent
LogPluginManager: Mounting plugin ExampleDeviceProfileSelector
LogPluginManager: Mounting plugin GoogleCloudMessaging
LogPluginManager: Mounting plugin ImmediatePhysics
LogPluginManager: Mounting plugin IOSDeviceProfileSelector
LogPluginManager: Mounting plugin LinuxDeviceProfileSelector
LogPluginManager: Mounting plugin LocationServicesBPLibrary
LogPluginManager: Mounting plugin MobilePatchingUtils
LogPluginManager: Mounting plugin OculusVR
LogPluginManager: Plugin shader directory ../../../Engine/Plugins/Runtime/Oculus/OculusVR/Shaders found
LogPluginManager: Mapping shader source directory ../../../Engine/Plugins/Runtime/Oculus/OculusVR/Shaders to virtual directory /Plugin/OculusVR
LogPluginManager: Mounting plugin PhysXVehicles
LogPluginManager: Mounting plugin ProceduralMeshComponent
LogPluginManager: Mounting plugin RuntimePhysXCooking
LogPluginManager: Mounting plugin SteamVR
LogPluginManager: Mounting plugin WindowsMoviePlayer
LogStreaming: Display: Took 12.831s to configure plugins.
LogInit: Using libcurl 7.47.1
LogInit:  - built for x86_64-pc-win32
LogInit:  - supports SSL with OpenSSL/1.0.2g
LogInit:  - supports HTTP deflate (compression) using libz 1.2.8
LogInit:  - other features:
LogInit:      CURL_VERSION_SSL
LogInit:      CURL_VERSION_LIBZ
LogInit:      CURL_VERSION_IPV6
LogInit:      CURL_VERSION_ASYNCHDNS
LogInit:      CURL_VERSION_LARGEFILE
LogInit:      CURL_VERSION_IDN
LogInit:  CurlRequestOptions (configurable via config and command line):
LogInit:  - bVerifyPeer = false  - Libcurl will NOT verify peer certificate
LogInit:  - bUseHttpProxy = false  - Libcurl will NOT use HTTP proxy
LogInit:  - bDontReuseConnections = false  - Libcurl will reuse connections
LogInit:  - CertBundlePath = nullptr  - Libcurl will use whatever was configured at build time.
LogInit:  - MaxHostConnections = 16  - Libcurl will limit the number of connections to a host
LogInit:  - LocalHostAddr = Default
LogModuleManager: Warning: No filename provided for module OnlineSubsystemSteam
LogModuleManager: Warning: ModuleManager: Unable to load module 'OnlineSubsystemSteam' because the file 'C:/Program Files/Epic Games/UE_4.19/Engine/Binaries/Win64/' was not found.
LogInit: WinSock: version 1.1 (2.2), MaxSocks=32767, MaxUdp=65467
LogInit: WinSock: I am DESKTOP-T4D8SPM (192.168.43.124:0)
LogInit: Build: ++UE4+Release-4.19-CL-4033788
LogInit: Engine Version: 4.19.2-4033788+++UE4+Release-4.19
LogInit: Compatible Engine Version: 4.19.0-3944462+++UE4+Release-4.19
LogInit: Net CL: 3944462
LogDevObjectVersion: Number of dev versions registered: 18
LogDevObjectVersion:   Dev-Blueprints (B0D832E4-1F89-4F0D-ACCF-7EB736FD4AA2): 10
LogDevObjectVersion:   Dev-Build (E1C64328-A22C-4D53-A36C-8E866417BD8C): 0
LogDevObjectVersion:   Dev-Core (375EC13C-06E4-48FB-B500-84F0262A717E): 2
LogDevObjectVersion:   Dev-Editor (E4B068ED-F494-42E9-A231-DA0B2E46BB41): 23
LogDevObjectVersion:   Dev-Framework (CFFC743F-43B0-4480-9391-14DF171D2073): 33
LogDevObjectVersion:   Dev-Mobile (B02B49B5-BB20-44E9-A304-32B752E40360): 2
LogDevObjectVersion:   Dev-Networking (A4E4105C-59A1-49B5-A7C5-40C4547EDFEE): 0
LogDevObjectVersion:   Dev-Online (39C831C9-5AE6-47DC-9A44-9C173E1C8E7C): 0
LogDevObjectVersion:   Dev-Physics (78F01B33-EBEA-4F98-B9B4-84EACCB95AA2): 0
LogDevObjectVersion:   Dev-Platform (6631380F-2D4D-43E0-8009-CF276956A95A): 0
LogDevObjectVersion:   Dev-Rendering (12F88B9F-8875-4AFC-A67C-D90C383ABD29): 25
LogDevObjectVersion:   Dev-Sequencer (7B5AE74C-D270-4C10-A958-57980B212A5A): 6
LogDevObjectVersion:   Dev-VR (D7296918-1DD6-4BDD-9DE2-64A83CC13884): 1
LogDevObjectVersion:   Dev-LoadTimes (C2A15278-BFE7-4AFE-6C17-90FF531DF755): 1
LogDevObjectVersion:   Private-Geometry (6EACA3D4-40EC-4CC1-B786-8BED09428FC5): 2
LogDevObjectVersion:   Dev-AnimPhys (29E575DD-E0A3-4627-9D10-D276232CDCEA): 16
LogDevObjectVersion:   Dev-ReflectionCapture (6B266CEC-1EC7-4B8F-A30B-E4D90942FC07): 1
LogDevObjectVersion:   Dev-Automation (0DF73D61-A23F-47EA-B727-89E90C41499A): 1
LogInit: Compiled (64-bit): Apr 27 2018 02:06:57
LogInit: Compiled with Visual C++: 19.00.24215.01
LogInit: Build Configuration: Development
LogInit: Branch Name: ++UE4+Release-4.19
LogInit: Command Line:  /Game/ShootoutMenu/Maps/MainMenu -game -PIEVIACONSOLE -ResX=1280 -ResY=720  -Multiprocess -messaging -SessionName="Play in Standalone Game" -windowed 
LogInit: Base Directory: C:/Program Files/Epic Games/UE_4.19/Engine/Binaries/Win64/
LogInit: Installed Engine Build: 1
LogStreaming: Display: Took  0.013s to delete old logs.
LogInit: Presizing for max 8388607 objects, including 0 objects not considered by GC, pre-allocating 0 bytes for permanent pool.
LogInit: Object subsystem initialized
[2018.05.24-00.06.19:937][  0]LogInit: Selected Device Profile: [Windows]
[2018.05.24-00.06.19:938][  0]LogInit: Applying CVar settings loaded from the selected device profile: [Windows]
[2018.05.24-00.06.19:974][  0]LogInit: Computer: DESKTOP-T4D8SPM
[2018.05.24-00.06.19:974][  0]LogInit: User: Thursday
[2018.05.24-00.06.19:974][  0]LogInit: CPU Page size=4096, Cores=2
[2018.05.24-00.06.19:974][  0]LogInit: High frequency timer resolution =2.835936 MHz
[2018.05.24-00.06.19:975][  0]LogMemory: Memory total: Physical=15.9GB (16GB approx)
[2018.05.24-00.06.19:975][  0]LogMemory: Platform Memory Stats for Windows
[2018.05.24-00.06.19:976][  0]LogMemory: Process Physical Memory: 273.96 MB used, 273.96 MB peak
[2018.05.24-00.06.19:976][  0]LogMemory: Process Virtual Memory: 264.00 MB used, 264.00 MB peak
[2018.05.24-00.06.19:976][  0]LogMemory: Physical Memory: 7676.86 MB used,  8585.68 MB free, 16262.54 MB total
[2018.05.24-00.06.19:976][  0]LogMemory: Virtual Memory: 4780.33 MB used,  8585.68 MB free, 134217728.00 MB total
[2018.05.24-00.06.20:158][  0]LogInit: Using OS detected language (en-US).
[2018.05.24-00.06.20:158][  0]LogInit: Using OS detected locale (en-US).
[2018.05.24-00.06.20:159][  0]LogTextLocalizationManager: No localization for 'en-US' exists, so 'en' will be used for the language.
[2018.05.24-00.06.20:160][  0]LogTextLocalizationManager: No localization for 'en-US' exists, so 'en' will be used for the locale.
[2018.05.24-00.06.21:773][  0]LogStreaming: Display: Took  1.616s to EndInitTextLocalization.
[2018.05.24-00.06.21:895][  0]LogSlate: New Slate User Created.  User Index 0, Is Virtual User: 0
[2018.05.24-00.06.21:895][  0]LogSlate: Slate User Registered.  User Index 0, Is Virtual User: 0
[2018.05.24-00.06.21:911][  0]LogD3D11RHI: D3D11 adapters:
[2018.05.24-00.06.21:938][  0]LogD3D11RHI:    0. 'Intel(R) HD Graphics 620' (Feature Level 11_0)
[2018.05.24-00.06.21:938][  0]LogD3D11RHI:       128/0/8131 MB DedicatedVideo/DedicatedSystem/SharedSystem, Outputs:1, VendorId:0x8086
[2018.05.24-00.06.21:948][  0]LogD3D11RHI:    1. 'Microsoft Basic Render Driver' (Feature Level 11_0)
[2018.05.24-00.06.21:948][  0]LogD3D11RHI:       0/0/8131 MB DedicatedVideo/DedicatedSystem/SharedSystem, Outputs:0, VendorId:0x1414
[2018.05.24-00.06.21:948][  0]LogD3D11RHI: Chosen D3D11 Adapter: 0
[2018.05.24-00.06.21:971][  0]LogD3D11RHI: Creating new Direct3DDevice
[2018.05.24-00.06.21:971][  0]LogD3D11RHI:     GPU DeviceId: 0x5916 (for the marketing name, search the web for "GPU Device Id")
[2018.05.24-00.06.21:971][  0]LogWindows: EnumDisplayDevices:
[2018.05.24-00.06.21:972][  0]LogWindows:    0. 'Intel(R) HD Graphics 620' (P:1 D:1)
[2018.05.24-00.06.21:972][  0]LogWindows:    1. 'Intel(R) HD Graphics 620' (P:0 D:0)
[2018.05.24-00.06.21:973][  0]LogWindows:    2. 'Intel(R) HD Graphics 620' (P:0 D:0)
[2018.05.24-00.06.21:974][  0]LogWindows: DebugString: GetVideoDriverDetailsInvalid PrimaryIsNotTheChoosenAdapter GetVideoDriverDetailsInvalid PrimaryIsNotTheChoosenAdapter GetVideoDriverDetailsInvalid PrimaryIsNotTheChoosenAdapter FoundDriverCount:0 
[2018.05.24-00.06.21:974][  0]LogD3D11RHI:     Adapter Name: Intel(R) HD Graphics 620
[2018.05.24-00.06.21:975][  0]LogD3D11RHI:   Driver Version: Unknown (internal:Unknown, unified:Unknown)
[2018.05.24-00.06.21:975][  0]LogD3D11RHI:      Driver Date: Unknown
[2018.05.24-00.06.21:975][  0]LogRHI: Texture pool is 1523 MB (70% of 2176 MB)
[2018.05.24-00.06.21:996][  0]LogD3D11RHI: Async texture creation enabled
[2018.05.24-00.06.22:016][  0]LogD3D11RHI: GPU Timing Frequency: 12.000000 (Debug: 2 0)
[2018.05.24-00.06.22:020][  0]LogShaderCompilers: Guid format shader working directory is -14 characters bigger than the processId version (../../../../../../Users/Thursday/Documents/Unreal Projects/NPB/Intermediate/Shaders/WorkingDirectory/14756/).
[2018.05.24-00.06.22:021][  0]LogShaderCompilers: Cleaned the shader compiler working directory 'C:/Users/Thursday/AppData/Local/Temp/UnrealShaderWorkingDir/C0626DB748ED263B37A33B967607DA41/'.
[2018.05.24-00.06.22:726][  0]LogTemp: Display: Loaded TP WindowsClientTargetPlatform
[2018.05.24-00.06.22:755][  0]LogTemp: Display: Loaded TP WindowsNoEditorTargetPlatform
[2018.05.24-00.06.22:791][  0]LogTemp: Display: Loaded TP WindowsServerTargetPlatform
[2018.05.24-00.06.22:821][  0]LogTemp: Display: Loaded TP WindowsTargetPlatform
[2018.05.24-00.06.22:821][  0]LogTargetPlatformManager: Display: Building Assets For Windows
[2018.05.24-00.06.23:212][  0]LogXGEController: Cannot use XGE Controller as Incredibuild is not installed on this machine.
[2018.05.24-00.06.23:212][  0]LogShaderCompilers: Cannot use XGE Shader Compiler as Incredibuild is not installed on this machine.
[2018.05.24-00.06.23:212][  0]LogShaderCompilers: Display: Using Local Shader Compiler.
[2018.05.24-00.06.24:598][  0]LogDerivedDataCache: Display: Max Cache Size: 512 MB
[2018.05.24-00.06.24:731][  0]LogDerivedDataCache: Loaded boot cache 0.13s 88MB C:/Users/Thursday/AppData/Local/UnrealEngine/4.19/DerivedDataCache/Boot.ddc.
[2018.05.24-00.06.24:731][  0]LogDerivedDataCache: Display: Loaded Boot cache: C:/Users/Thursday/AppData/Local/UnrealEngine/4.19/DerivedDataCache/Boot.ddc
[2018.05.24-00.06.24:731][  0]LogDerivedDataCache: FDerivedDataBackendGraph:  Pak pak cache file ../../../../../../Users/Thursday/Documents/Unreal Projects/NPB/DerivedDataCache/DDC.ddp not found, will not use a pak cache.
[2018.05.24-00.06.24:731][  0]LogDerivedDataCache: Unable to find inner node Pak for hierarchical cache Hierarchy.
[2018.05.24-00.06.24:731][  0]LogDerivedDataCache: FDerivedDataBackendGraph:  CompressedPak pak cache file ../../../../../../Users/Thursday/Documents/Unreal Projects/NPB/DerivedDataCache/Compressed.ddp not found, will not use a pak cache.
[2018.05.24-00.06.24:731][  0]LogDerivedDataCache: Unable to find inner node CompressedPak for hierarchical cache Hierarchy.
[2018.05.24-00.06.24:750][  0]LogDerivedDataCache: Display: Pak cache opened for reading ../../../Engine/DerivedDataCache/Compressed.ddp.
[2018.05.24-00.06.24:766][  0]LogDerivedDataCache: Using Local data cache path C:/Users/Thursday/AppData/Local/UnrealEngine/Common/DerivedDataCache: Writable
[2018.05.24-00.06.24:766][  0]LogDerivedDataCache: Shared data cache path not found in *engine.ini, will not use an Shared cache.
[2018.05.24-00.06.24:766][  0]LogDerivedDataCache: Unable to find inner node Shared for hierarchical cache Hierarchy.
[2018.05.24-00.06.24:783][  0]LogMaterial: Verifying Global Shaders for PCD3D_SM5
[2018.05.24-00.06.24:783][  0]LogSlate: Using Freetype 2.6.0
[2018.05.24-00.06.24:785][  0]LogSlate: SlateFontCache - WITH_FREETYPE: 1, WITH_HARFBUZZ: 1
[2018.05.24-00.06.24:785][  0]LogSlate: SlateFontCache - WITH_FREETYPE: 1, WITH_HARFBUZZ: 1
[2018.05.24-00.06.25:035][  0]LogAssetRegistry: FAssetRegistry took 0.0061 seconds to start up
[2018.05.24-00.06.25:286][  0]LogPackageLocalizationCache: Processed 9 localized package path(s) for 1 prioritized culture(s) in 0.013674 seconds
[2018.05.24-00.06.25:484][  0]LogInit: Selected Device Profile: [Windows]
[2018.05.24-00.06.25:718][  0]LogSimplygon: Simplygon DLL not present - disabling.
[2018.05.24-00.06.25:723][  0]LogMeshReduction: Using SimplygonSwarm for distributed automatic mesh merging
[2018.05.24-00.06.25:723][  0]LogMeshReduction: Using QuadricMeshReduction for automatic static mesh reduction
[2018.05.24-00.06.25:723][  0]LogMeshReduction: No automatic skeletal mesh reduction module available
[2018.05.24-00.06.25:723][  0]LogMeshReduction: No automatic mesh merging module available
[2018.05.24-00.06.25:723][  0]LogMeshMerging: No automatic mesh merging module available
[2018.05.24-00.06.25:798][  0]LogNetVersion: NPB , NetCL: 3944462, EngineNetVer: 2, GameNetVer: 0 (Checksum: 835095364)
[2018.05.24-00.06.25:914][  0]Warning: Missing opening '"' in string property value: ThirdParty/Steamworks)
[2018.05.24-00.06.26:836][  0]LogMoviePlayer: Initializing movie player
[2018.05.24-00.06.27:449][  0]LogTcpMessaging: Initializing TcpMessaging bridge
[2018.05.24-00.06.27:511][  0]LogUdpMessaging: Initializing bridge on interface 0.0.0.0:0 to multicast group 230.0.0.1:6666.
[2018.05.24-00.06.28:077][  0]SourceControl: Source control is disabled
[2018.05.24-00.06.28:077][  0]SourceControl: Source control is disabled
[2018.05.24-00.06.28:130][  0]SourceControl: Source control is disabled
[2018.05.24-00.06.28:932][  0]LogAndroidPermission: UAndroidPermissionCallbackProxy::GetInstance
[2018.05.24-00.06.29:317][  0]LogOcInput: OculusInput pre-init called
[2018.05.24-00.06.29:424][  0]LogUObjectArray: 40124 objects as part of root set at end of initial load.
[2018.05.24-00.06.29:424][  0]LogUObjectAllocator: 8364200 out of 0 bytes used by permanent object pool.
[2018.05.24-00.06.29:424][  0]LogUObjectArray: CloseDisregardForGC: 0/0 objects in disregard for GC pool
[2018.05.24-00.06.29:492][  0]LogEngine: Initializing Engine...
[2018.05.24-00.06.29:495][  0]LogHMD: Failed to initialize OpenVR with code 110
[2018.05.24-00.06.29:507][  0]LogStats: UGameplayTagsManager::ConstructGameplayTagTree: Construct from data asset -  0.000 s
[2018.05.24-00.06.29:507][  0]LogStats: UGameplayTagsManager::ConstructGameplayTagTree: GameplayTagTreeChangedEvent.Broadcast -  0.000 s
[2018.05.24-00.06.29:750][  0]LogInit: XAudio2 using 'Speaker/Headphone (Realtek High Definition Audio(SST))' : 2 channels at 48 kHz using 16 bits per sample (channel mask 0x3)
[2018.05.24-00.06.29:783][  0]LogInit: FAudioDevice initialized.
[2018.05.24-00.06.29:809][  0]LogInit: Texture streaming: Enabled
[2018.05.24-00.06.30:001][  0]LogUObjectGlobals: Created PersistentFrame Addr=0x000001815d970800, Size=1680, Default__MyGameInstance_C Function /Game/ShootoutMenu/Blueprints/MyGameInstance.MyGameInstance_C:ExecuteUbergraph_MyGameInstance
[2018.05.24-00.06.30:005][  0]LogUObjectGlobals: Created PersistentFrame Addr=0x000001814cab36e0, Size=32, Default__ErrorDialog_C Function /Game/ShootoutMenu/Blueprints/Widgets/ErrorDialog.ErrorDialog_C:ExecuteUbergraph_ErrorDialog
[2018.05.24-00.06.30:016][  0]LogUObjectGlobals: Created PersistentFrame Addr=0x0000018145c0d8a0, Size=88, Default__MainMenu_C Function /Game/ShootoutMenu/Blueprints/Widgets/MainMenu.MainMenu_C:ExecuteUbergraph_MainMenu
[2018.05.24-00.06.30:019][  0]LogUObjectGlobals: Created PersistentFrame Addr=0x000001814ca21800, Size=944, Default__ServerList_C Function /Game/ShootoutMenu/Blueprints/Widgets/ServerList.ServerList_C:ExecuteUbergraph_ServerList
[2018.05.24-00.06.30:022][  0]LogUObjectGlobals: Created PersistentFrame Addr=0x000001814cab3520, Size=32, Default__ServerRow_C Function /Game/ShootoutMenu/Blueprints/Widgets/ServerRow.ServerRow_C:ExecuteUbergraph_ServerRow
[2018.05.24-00.06.30:067][  0]LogUObjectGlobals: Destroyed PersistentFrame Addr=0x000001815d970800, Size=1680
[2018.05.24-00.06.30:067][  0]LogUObjectGlobals: Created PersistentFrame Addr=0x000001815d4fe400, Size=1680, Default__MyGameInstance_C Function /Engine/Transient.REINST_MyGameInstance_C_2:ExecuteUbergraph_MyGameInstance
[2018.05.24-00.06.30:067][  0]LogUObjectGlobals: Destroyed PersistentFrame Addr=0x000001814cab36e0, Size=32
[2018.05.24-00.06.30:067][  0]LogUObjectGlobals: Created PersistentFrame Addr=0x000001814c15bb60, Size=32, Default__ErrorDialog_C Function /Engine/Transient.REINST_ErrorDialog_C_0:ExecuteUbergraph_ErrorDialog
[2018.05.24-00.06.30:068][  0]LogUObjectGlobals: Destroyed PersistentFrame Addr=0x0000018145c0d8a0, Size=88
[2018.05.24-00.06.30:068][  0]LogUObjectGlobals: Created PersistentFrame Addr=0x000001814c16ffa0, Size=88, Default__MainMenu_C Function /Engine/Transient.REINST_MainMenu_C_2:ExecuteUbergraph_MainMenu
[2018.05.24-00.06.30:068][  0]LogUObjectGlobals: Destroyed PersistentFrame Addr=0x000001814ca21800, Size=944
[2018.05.24-00.06.30:068][  0]LogUObjectGlobals: Created PersistentFrame Addr=0x000001814ca21800, Size=944, Default__ServerList_C Function /Engine/Transient.REINST_ServerList_C_3:ExecuteUbergraph_ServerList
[2018.05.24-00.06.30:069][  0]LogUObjectGlobals: Destroyed PersistentFrame Addr=0x000001814cab3520, Size=32
[2018.05.24-00.06.30:069][  0]LogUObjectGlobals: Created PersistentFrame Addr=0x000001814c15b9e0, Size=32, Default__ServerRow_C Function /Engine/Transient.REINST_ServerRow_C_4:ExecuteUbergraph_ServerRow
[2018.05.24-00.06.30:111][  0]LogUObjectGlobals: Created PersistentFrame Addr=0x0000018145a49600, Size=1672, Default__MyGameInstance_C Function /Game/ShootoutMenu/Blueprints/MyGameInstance.MyGameInstance_C:ExecuteUbergraph_MyGameInstance
[2018.05.24-00.06.30:113][  0]LogUObjectGlobals: Created PersistentFrame Addr=0x0000018145a95940, Size=32, Default__ErrorDialog_C Function /Game/ShootoutMenu/Blueprints/Widgets/ErrorDialog.ErrorDialog_C:ExecuteUbergraph_ErrorDialog
[2018.05.24-00.06.30:115][  0]LogUObjectGlobals: Created PersistentFrame Addr=0x0000018145a63e20, Size=88, Default__MainMenu_C Function /Game/ShootoutMenu/Blueprints/Widgets/MainMenu.MainMenu_C:ExecuteUbergraph_MainMenu
[2018.05.24-00.06.30:119][  0]LogUObjectGlobals: Created PersistentFrame Addr=0x000001814c1c2800, Size=936, Default__ServerList_C Function /Game/ShootoutMenu/Blueprints/Widgets/ServerList.ServerList_C:ExecuteUbergraph_ServerList
[2018.05.24-00.06.30:121][  0]LogUObjectGlobals: Created PersistentFrame Addr=0x0000018145b12480, Size=32, Default__ServerRow_C Function /Game/ShootoutMenu/Blueprints/Widgets/ServerRow.ServerRow_C:ExecuteUbergraph_ServerRow
[2018.05.24-00.06.30:141][  0]LogInit: Display: Game Engine Initialized.
[2018.05.24-00.06.30:141][  0]LogGameplayTags: Display: UGameplayTagsManager::DoneAddingNativeTags. DelegateIsBound: 0
[2018.05.24-00.06.30:141][  0]LogStats: UGameplayTagsManager::ConstructGameplayTagTree: Construct from data asset -  0.000 s
[2018.05.24-00.06.30:142][  0]LogStats: UGameplayTagsManager::ConstructGameplayTagTree: GameplayTagTreeChangedEvent.Broadcast -  0.000 s
[2018.05.24-00.06.30:435][  0]LogInit: Display: Starting Game.
[2018.05.24-00.06.30:435][  0]LogNet: Browse: /Game/ShootoutMenu/Maps/MainMenu?Name=Player
[2018.05.24-00.06.30:435][  0]LogLoad: LoadMap: /Game/ShootoutMenu/Maps/MainMenu?Name=Player
[2018.05.24-00.06.30:452][  0]LogUObjectGlobals: Destroyed PersistentFrame Addr=0x000001815d4fe400, Size=1680
[2018.05.24-00.06.30:452][  0]LogUObjectGlobals: Destroyed PersistentFrame Addr=0x000001814c15bb60, Size=32
[2018.05.24-00.06.30:452][  0]LogUObjectGlobals: Destroyed PersistentFrame Addr=0x000001814c16ffa0, Size=88
[2018.05.24-00.06.30:452][  0]LogUObjectGlobals: Destroyed PersistentFrame Addr=0x000001814ca21800, Size=944
[2018.05.24-00.06.30:452][  0]LogUObjectGlobals: Destroyed PersistentFrame Addr=0x000001814c15b9e0, Size=32
[2018.05.24-00.06.30:456][  0]LogUObjectGlobals: Created PersistentFrame Addr=0x0000018145b125e0, Size=32, Default__MainMenu_C Function /Game/ShootoutMenu/Maps/MainMenu.MainMenu_C:ExecuteUbergraph_MainMenu
[2018.05.24-00.06.30:457][  0]LogUObjectGlobals: Destroyed PersistentFrame Addr=0x0000018145b125e0, Size=32
[2018.05.24-00.06.30:457][  0]LogUObjectGlobals: Created PersistentFrame Addr=0x0000018145b125e0, Size=32, Default__MainMenu_C Function /Engine/Transient.REINST_MainMenu_C_10:ExecuteUbergraph_MainMenu
[2018.05.24-00.06.30:457][  0]LogUObjectGlobals: Created PersistentFrame Addr=0x0000018145b13e80, Size=32, Default__MainMenu_C Function /Game/ShootoutMenu/Maps/MainMenu.MainMenu_C:ExecuteUbergraph_MainMenu
[2018.05.24-00.06.30:477][  0]LogAIModule: Creating AISystem for world MainMenu
[2018.05.24-00.06.30:483][  0]LogUObjectGlobals: Created PersistentFrame Addr=0x000001814f246fc0, Size=296, Default__ThirdPersonCharacter_C Function /Game/ThirdPersonBP/Blueprints/ThirdPersonCharacter.ThirdPersonCharacter_C:ExecuteUbergraph_ThirdPersonCharacter
[2018.05.24-00.06.30:499][  0]LogUObjectGlobals: Created PersistentFrame Addr=0x0000018145a203c0, Size=64, Default__ThirdPerson_AnimBP_C Function /Game/Mannequin/Animations/ThirdPerson_AnimBP.ThirdPerson_AnimBP_C:ExecuteUbergraph_ThirdPerson_AnimBP
[2018.05.24-00.06.30:534][  0]LogUObjectGlobals: Destroyed PersistentFrame Addr=0x0000018145a203c0, Size=64
[2018.05.24-00.06.30:534][  0]LogUObjectGlobals: Created PersistentFrame Addr=0x000001814c255f00, Size=64, Default__ThirdPerson_AnimBP_C Function /Engine/Transient.REINST_ThirdPerson_AnimBP_C_0:ExecuteUbergraph_ThirdPerson_AnimBP
[2018.05.24-00.06.30:535][  0]LogUObjectGlobals: Destroyed PersistentFrame Addr=0x000001814f246fc0, Size=296
[2018.05.24-00.06.30:535][  0]LogUObjectGlobals: Created PersistentFrame Addr=0x000001814f246fc0, Size=296, Default__ThirdPersonCharacter_C Function /Engine/Transient.REINST_ThirdPersonCharacter_C_12:ExecuteUbergraph_ThirdPersonCharacter
[2018.05.24-00.06.30:548][  0]LogUObjectGlobals: Created PersistentFrame Addr=0x000001814c1ac360, Size=72, Default__ThirdPerson_AnimBP_C Function /Game/Mannequin/Animations/ThirdPerson_AnimBP.ThirdPerson_AnimBP_C:ExecuteUbergraph_ThirdPerson_AnimBP
[2018.05.24-00.06.30:550][  0]LogUObjectGlobals: Created PersistentFrame Addr=0x000001814597ce00, Size=296, Default__ThirdPersonCharacter_C Function /Game/ThirdPersonBP/Blueprints/ThirdPersonCharacter.ThirdPersonCharacter_C:ExecuteUbergraph_ThirdPersonCharacter
[2018.05.24-00.06.30:651][  0]LogSkeletalMesh: Skeletal Mesh found in DDC [14.185793ms] /Game/Mannequin/Character/Mesh/SK_Mannequin.SK_Mannequin
[2018.05.24-00.06.30:676][  0]LogLoad: Game class is 'ThirdPersonGameMode_C'
[2018.05.24-00.06.30:676][  0]LogWorld: Bringing World /Game/ShootoutMenu/Maps/MainMenu.MainMenu up for play (max tick rate 0) at 2018.05.23-20.06.30
[2018.05.24-00.06.30:677][  0]LogWorld: Bringing up level for play took: 0.000585
[2018.05.24-00.06.30:677][  0]LogGameMode: FindPlayerStart: PATHS NOT DEFINED or NO PLAYERSTART with positive rating
[2018.05.24-00.06.30:687][  0]LogLoad: Took 0.252434 seconds to LoadMap(/Game/ShootoutMenu/Maps/MainMenu)
[2018.05.24-00.06.30:766][  0]LogLoad: (Engine Initialization) Total time: 35.49 seconds
[2018.05.24-00.06.30:766][  0]LogLoad: (Engine Initialization) Total Blueprint compile time: 0.00 seconds
[2018.05.24-00.06.30:804][  0]LogRenderer: Reallocating scene render targets to support 1280x720 Format 10 NumSamples 1 (Frame:1).
[2018.05.24-00.06.31:215][  0]LogWindowsTextInputMethodSystem: Display: IME system now deactivated.
[2018.05.24-00.06.31:218][  0]LogContentStreaming: Texture pool size now 1000 MB
[2018.05.24-00.06.33:652][ 86]LogSlate: FSceneViewport::OnFocusLost() reason 0
[2018.05.24-00.06.43:719][462]LogSlate: FSceneViewport::OnFocusLost() reason 2
[2018.05.24-00.06.43:719][462]LogNet: Browse: 127.0.0.1//Game/ShootoutMenu/Maps/MainMenu
[2018.05.24-00.06.43:720][462]LogTemp: Display: ParseSettings for GameNetDriver
[2018.05.24-00.06.43:720][462]LogTemp: Display: ParseSettings for IpNetDriver_0
[2018.05.24-00.06.43:720][462]LogTemp: Display: ParseSettings for PendingNetDriver
[2018.05.24-00.06.43:721][462]LogInit: WinSock: Socket queue 32768 / 32768
[2018.05.24-00.06.43:725][462]PacketHandlerLog: Loaded PacketHandler component: Engine.EngineHandlerComponentFactory (StatelessConnectHandlerComponent)
[2018.05.24-00.06.43:726][462]LogNet: Game client on port 7777, rate 10000
[2018.05.24-00.06.47:641][611]LogSlate: FSceneViewport::OnFocusLost() reason 0
[2018.05.24-00.06.47:694][613]LogNet: Browse: 192.168.43.94//Game/ShootoutMenu/Maps/MainMenu
[2018.05.24-00.06.47:694][613]LogNet: UNetConnection::Close: [UNetConnection] RemoteAddr: 127.0.0.1:7777, Name: IpConnection_0, Driver: PendingNetDriver IpNetDriver_0, IsServer: NO, PC: NULL, Owner: NULL, UniqueId: INVALID, Channels: 2, Time: 2018.05.24-00.06.47
[2018.05.24-00.06.47:694][613]LogNet: UChannel::Close: Sending CloseBunch. ChIndex == 0. Name: [UChannel] ChIndex: 0, Closing: 0 [UNetConnection] RemoteAddr: 127.0.0.1:7777, Name: IpConnection_0, Driver: PendingNetDriver IpNetDriver_0, IsServer: NO, PC: NULL, Owner: NULL, UniqueId: INVALID
[2018.05.24-00.06.47:694][613]LogNet: DestroyNamedNetDriver IpNetDriver_0 [PendingNetDriver]
[2018.05.24-00.06.47:695][613]LogExit: PendingNetDriver IpNetDriver_0 shut down
[2018.05.24-00.06.47:695][613]LogTemp: Display: ParseSettings for GameNetDriver
[2018.05.24-00.06.47:696][613]LogTemp: Display: ParseSettings for IpNetDriver_1
[2018.05.24-00.06.47:696][613]LogTemp: Display: ParseSettings for PendingNetDriver
[2018.05.24-00.06.47:696][613]LogInit: WinSock: Socket queue 32768 / 32768
[2018.05.24-00.06.47:700][613]PacketHandlerLog: Loaded PacketHandler component: Engine.EngineHandlerComponentFactory (StatelessConnectHandlerComponent)
[2018.05.24-00.06.47:701][613]LogNet: Game client on port 7777, rate 10000
[2018.05.24-00.06.47:747][615]LogHandshake: SendChallengeResponse. Timestamp: 75.091118, Cookie: 096067099034249067180095181067084001022163152147089057246065
[2018.05.24-00.06.47:802][617]LogNetVersion: NPB 1.0.0.0, NetCL: 3944462, EngineNetVer: 2, GameNetVer: 0 (Checksum: 3906677073)
[2018.05.24-00.06.47:803][617]LogNet: UPendingNetGame::SendInitialJoin: Sending hello. [UNetConnection] RemoteAddr: 192.168.43.94:7777, Name: IpConnection_1, Driver: PendingNetDriver IpNetDriver_1, IsServer: NO, PC: NULL, Owner: NULL, UniqueId: INVALID
[2018.05.24-00.06.47:914][621]LogNet: Welcomed by server (Level: /Game/ThirdPersonBP/Maps/ThirdPersonExampleMap, Game: /Game/ThirdPersonBP/Blueprints/ThirdPersonGameMode.ThirdPersonGameMode_C)
[2018.05.24-00.06.47:921][621]LogLoad: LoadMap: 192.168.43.94//Game/ThirdPersonBP/Maps/ThirdPersonExampleMap?game=/Game/ThirdPersonBP/Blueprints/ThirdPersonGameMode.ThirdPersonGameMode_C
[2018.05.24-00.06.47:962][621]LogNet: UChannel::CleanUp: ChIndex == 0. Closing connection. [UChannel] ChIndex: 0, Closing: 0 [UNetConnection] RemoteAddr: 127.0.0.1:7777, Name: None, Driver: PendingNetDriver None, IsServer: NO, PC: NULL, Owner: NULL, UniqueId: INVALID
[2018.05.24-00.06.47:963][621]LogUObjectGlobals: Destroyed PersistentFrame Addr=0x000001814597ce00, Size=296
[2018.05.24-00.06.47:963][621]LogUObjectGlobals: Destroyed PersistentFrame Addr=0x000001814c1ac360, Size=72
[2018.05.24-00.06.47:963][621]LogUObjectGlobals: Destroyed PersistentFrame Addr=0x000001814c255f00, Size=64
[2018.05.24-00.06.47:963][621]LogUObjectGlobals: Destroyed PersistentFrame Addr=0x000001814f246fc0, Size=296
[2018.05.24-00.06.47:963][621]LogUObjectGlobals: Destroyed PersistentFrame Addr=0x0000018145b13e80, Size=32
[2018.05.24-00.06.47:963][621]LogUObjectGlobals: Destroyed PersistentFrame Addr=0x0000018145b125e0, Size=32
[2018.05.24-00.06.47:965][621]LogNet: UNetConnection::PendingConnectionLost. [UNetConnection] RemoteAddr: 127.0.0.1:7777, Name: None, Driver: PendingNetDriver None, IsServer: YES, PC: NULL, Owner: NULL, UniqueId: INVALID bPendingDestroy=0 
[2018.05.24-00.06.48:338][621]LogAIModule: Creating AISystem for world ThirdPersonExampleMap
[2018.05.24-00.06.48:339][621]LogTemp: Display: ParseSettings for GameNetDriver
[2018.05.24-00.06.48:347][621]LogWorld: Bringing World /Game/ThirdPersonBP/Maps/ThirdPersonExampleMap.ThirdPersonExampleMap up for play (max tick rate 0) at 2018.05.23-20.06.48
[2018.05.24-00.06.48:347][621]LogWorld: Bringing up level for play took: 0.007882
[2018.05.24-00.06.48:348][621]LogLoad: Took 0.427713 seconds to LoadMap(/Game/ThirdPersonBP/Maps/ThirdPersonExampleMap)
[2018.05.24-00.06.49:032][623]LogUObjectGlobals: Created PersistentFrame Addr=0x0000018145aeda80, Size=296, Default__ThirdPersonCharacter_C Function /Game/ThirdPersonBP/Blueprints/ThirdPersonCharacter.ThirdPersonCharacter_C:ExecuteUbergraph_ThirdPersonCharacter
[2018.05.24-00.06.49:050][623]LogUObjectGlobals: Created PersistentFrame Addr=0x0000018145a785c0, Size=64, Default__ThirdPerson_AnimBP_C Function /Game/Mannequin/Animations/ThirdPerson_AnimBP.ThirdPerson_AnimBP_C:ExecuteUbergraph_ThirdPerson_AnimBP
[2018.05.24-00.06.49:110][623]LogUObjectGlobals: Destroyed PersistentFrame Addr=0x0000018145a785c0, Size=64
[2018.05.24-00.06.49:110][623]LogUObjectGlobals: Created PersistentFrame Addr=0x000001814c0b1180, Size=64, Default__ThirdPerson_AnimBP_C Function /Engine/Transient.REINST_ThirdPerson_AnimBP_C_1:ExecuteUbergraph_ThirdPerson_AnimBP
[2018.05.24-00.06.49:111][623]LogUObjectGlobals: Destroyed PersistentFrame Addr=0x0000018145aeda80, Size=296
[2018.05.24-00.06.49:111][623]LogUObjectGlobals: Created PersistentFrame Addr=0x000001814ca4b380, Size=296, Default__ThirdPersonCharacter_C Function /Engine/Transient.REINST_ThirdPersonCharacter_C_19:ExecuteUbergraph_ThirdPersonCharacter
[2018.05.24-00.06.49:138][623]LogUObjectGlobals: Created PersistentFrame Addr=0x0000018165304590, Size=72, Default__ThirdPerson_AnimBP_C Function /Game/Mannequin/Animations/ThirdPerson_AnimBP.ThirdPerson_AnimBP_C:ExecuteUbergraph_ThirdPerson_AnimBP
[2018.05.24-00.06.49:140][623]LogUObjectGlobals: Created PersistentFrame Addr=0x000001814ca49440, Size=296, Default__ThirdPersonCharacter_C Function /Game/ThirdPersonBP/Blueprints/ThirdPersonCharacter.ThirdPersonCharacter_C:ExecuteUbergraph_ThirdPersonCharacter
[2018.05.24-00.06.49:313][623]LogSkeletalMesh: Skeletal Mesh found in DDC [19.765255ms] /Game/Mannequin/Character/Mesh/SK_Mannequin.SK_Mannequin
[2018.05.24-00.07.32:839][603]LogUObjectGlobals: Destroyed PersistentFrame Addr=0x000001814ca4b380, Size=296
[2018.05.24-00.07.32:839][603]LogUObjectGlobals: Destroyed PersistentFrame Addr=0x000001814c0b1180, Size=64
[2018.05.24-00.07.38:121][713]LogD3D11RHI: Timed out while waiting for GPU to catch up. (0.5 s)
[2018.05.24-00.07.39:036][714]LogD3D11RHI: Timed out while waiting for GPU to catch up. (0.5 s)
