Log file open, 05/23/18 20:50:01
LogWindows: Failed to load 'aqProf.dll' (GetLastError=126)
LogWindows: File 'aqProf.dll' does not exist
LogWindows: Failed to load 'VtuneApi.dll' (GetLastError=126)
LogWindows: File 'VtuneApi.dll' does not exist
LogWindows: Failed to load 'VtuneApi32e.dll' (GetLastError=126)
LogWindows: File 'VtuneApi32e.dll' does not exist
LogInit: Display: Running engine for game: NPB
LogPlatformFile: Not using cached read wrapper
LogInit: Display: RandInit(-1355954391) SRandInit(-1355954391).
LogInit: Read version file with build ID '3944462'
LogInit: Overriding engine version to CL 4033788, compatible CL 3944462
LogInit: Registered custom module enumerator with build ID '3944462'
LogTaskGraph: Started task graph with 5 named threads and 11 total threads with 3 sets of task threads.
LogStats: Stats thread started at 0.279612
LogD3D11RHI: Aftermath initialized
LogICUInternationalization: Display: ICU TimeZone Detection - Raw Offset: -5:00, Platform Override: ''
LogModuleManager: Display: Found up-to-date module file ../../../Engine/Plugins/2D/Paper2D/Binaries/Win64/UE4Editor-Paper2D.dll (API version 3944462).
LogModuleManager: Display: Found up-to-date module file ../../../Engine/Plugins/2D/Paper2D/Binaries/Win64/UE4Editor-Paper2DEditor.dll (API version 3944462).
LogModuleManager: Display: Found up-to-date module file ../../../Engine/Plugins/2D/Paper2D/Binaries/Win64/UE4Editor-PaperSpriteSheetImporter.dll (API version 3944462).
LogModuleManager: Display: Found up-to-date module file ../../../Engine/Plugins/2D/Paper2D/Binaries/Win64/UE4Editor-PaperTiledImporter.dll (API version 3944462).
LogModuleManager: Display: Found up-to-date module file ../../../Engine/Plugins/2D/Paper2D/Binaries/Win64/UE4Editor-SmartSnapping.dll (API version 3944462).
LogModuleManager: Display: Found up-to-date module file ../../../Engine/Plugins/Blendables/LightPropagationVolume/Binaries/Win64/UE4Editor-LightPropagationVolumeRuntime.dll (API version 3944462).
LogModuleManager: Display: Found up-to-date module file ../../../Engine/Plugins/Blendables/LightPropagationVolume/Binaries/Win64/UE4Editor-LightPropagationVolumeEditor.dll (API version 3944462).
LogModuleManager: Display: Found up-to-date module file ../../../Engine/Plugins/Developer/CLionSourceCodeAccess/Binaries/Win64/UE4Editor-CLionSourceCodeAccess.dll (API version 3944462).
LogModuleManager: Display: Found up-to-date module file ../../../Engine/Plugins/Developer/GitSourceControl/Binaries/Win64/UE4Editor-GitSourceControl.dll (API version 3944462).
LogModuleManager: Display: Found up-to-date module file ../../../Engine/Plugins/Developer/PerforceSourceControl/Binaries/Win64/UE4Editor-PerforceSourceControl.dll (API version 3944462).
LogModuleManager: Display: Found up-to-date module file ../../../Engine/Plugins/Developer/SubversionSourceControl/Binaries/Win64/UE4Editor-SubversionSourceControl.dll (API version 3944462).
LogModuleManager: Display: Found up-to-date module file ../../../Engine/Plugins/Developer/UObjectPlugin/Binaries/Win64/UE4Editor-UObjectPlugin.dll (API version 3944462).
LogModuleManager: Display: Found up-to-date module file ../../../Engine/Plugins/Developer/VisualStudioCodeSourceCodeAccess/Binaries/Win64/UE4Editor-VisualStudioCodeSourceCodeAccess.dll (API version 3944462).
LogModuleManager: Display: Found up-to-date module file ../../../Engine/Plugins/Developer/VisualStudioSourceCodeAccess/Binaries/Win64/UE4Editor-VisualStudioSourceCodeAccess.dll (API version 3944462).
LogModuleManager: Display: Found up-to-date module file ../../../Engine/Plugins/Editor/AssetManagerEditor/Binaries/Win64/UE4Editor-AssetManagerEditor.dll (API version 3944462).
LogModuleManager: Display: Found up-to-date module file ../../../Engine/Plugins/Editor/CryptoKeys/Binaries/Win64/UE4Editor-CryptoKeys.dll (API version 3944462).
LogModuleManager: Display: Found up-to-date module file ../../../Engine/Plugins/Editor/CryptoKeys/Binaries/Win64/UE4Editor-CryptoKeysOpenSSL.dll (API version 3944462).
LogModuleManager: Display: Found up-to-date module file ../../../Engine/Plugins/Editor/DataValidation/Binaries/Win64/UE4Editor-DataValidation.dll (API version 3944462).
LogModuleManager: Display: Found up-to-date module file ../../../Engine/Plugins/Editor/FacialAnimation/Binaries/Win64/UE4Editor-FacialAnimation.dll (API version 3944462).
LogModuleManager: Display: Found up-to-date module file ../../../Engine/Plugins/Editor/FacialAnimation/Binaries/Win64/UE4Editor-FacialAnimationEditor.dll (API version 3944462).
LogModuleManager: Display: Found up-to-date module file ../../../Engine/Plugins/Editor/GameplayTagsEditor/Binaries/Win64/UE4Editor-GameplayTagsEditor.dll (API version 3944462).
LogModuleManager: Display: Found up-to-date module file ../../../Engine/Plugins/Editor/MobileLauncherProfileWizard/Binaries/Win64/UE4Editor-MobileLauncherProfileWizard.dll (API version 3944462).
LogModuleManager: Display: Found up-to-date module file ../../../Engine/Plugins/Editor/PluginBrowser/Binaries/Win64/UE4Editor-PluginBrowser.dll (API version 3944462).
LogModuleManager: Display: Found up-to-date module file ../../../Engine/Plugins/Editor/SpeedTreeImporter/Binaries/Win64/UE4Editor-SpeedTreeImporter.dll (API version 3944462).
LogModuleManager: Display: Found up-to-date module file ../../../Engine/Plugins/Enterprise/DatasmithContent/Binaries/Win64/UE4Editor-DatasmithContent.dll (API version 3944462).
LogModuleManager: Display: Found up-to-date module file ../../../Engine/Plugins/Experimental/AlembicImporter/Binaries/Win64/UE4Editor-AlembicImporter.dll (API version 3944462).
LogModuleManager: Display: Found up-to-date module file ../../../Engine/Plugins/Experimental/AlembicImporter/Binaries/Win64/UE4Editor-AlembicLibrary.dll (API version 3944462).
LogModuleManager: Display: Found up-to-date module file ../../../Engine/Plugins/Experimental/CharacterAI/Binaries/Win64/UE4Editor-CharacterAI.dll (API version 3944462).
LogModuleManager: Display: Found up-to-date module file ../../../Engine/Plugins/Experimental/HTML5Networking/Binaries/Win64/UE4Editor-HTML5Networking.dll (API version 3944462).
LogModuleManager: Display: Found up-to-date module file ../../../Engine/Plugins/Media/AndroidMedia/Binaries/Win64/UE4Editor-AndroidMediaEditor.dll (API version 3944462).
LogModuleManager: Display: Found up-to-date module file ../../../Engine/Plugins/Media/AndroidMedia/Binaries/Win64/UE4Editor-AndroidMediaFactory.dll (API version 3944462).
LogModuleManager: Display: Found up-to-date module file ../../../Engine/Plugins/Media/AvfMedia/Binaries/Win64/UE4Editor-AvfMediaEditor.dll (API version 3944462).
LogModuleManager: Display: Found up-to-date module file ../../../Engine/Plugins/Media/AvfMedia/Binaries/Win64/UE4Editor-AvfMediaFactory.dll (API version 3944462).
LogModuleManager: Display: Found up-to-date module file ../../../Engine/Plugins/Media/AvfMedia/Binaries/Win64/UE4Editor-AvfMediaFactory.dll (API version 3944462).
LogModuleManager: Display: Found up-to-date module file ../../../Engine/Plugins/Media/ImgMedia/Binaries/Win64/UE4Editor-ImgMedia.dll (API version 3944462).
LogModuleManager: Display: Found up-to-date module file ../../../Engine/Plugins/Media/ImgMedia/Binaries/Win64/UE4Editor-ImgMediaEditor.dll (API version 3944462).
LogModuleManager: Display: Found up-to-date module file ../../../Engine/Plugins/Media/ImgMedia/Binaries/Win64/UE4Editor-ImgMediaFactory.dll (API version 3944462).
LogModuleManager: Display: Found up-to-date module file ../../../Engine/Plugins/Media/ImgMedia/Binaries/Win64/UE4Editor-ImgMediaFactory.dll (API version 3944462).
LogModuleManager: Display: Found up-to-date module file ../../../Engine/Plugins/Media/ImgMedia/Binaries/Win64/UE4Editor-OpenExrWrapper.dll (API version 3944462).
LogModuleManager: Display: Found up-to-date module file ../../../Engine/Plugins/Media/LinearTimecode/Binaries/Win64/UE4Editor-LinearTimecode.dll (API version 3944462).
LogModuleManager: Display: Found up-to-date module file ../../../Engine/Plugins/Media/MediaCompositing/Binaries/Win64/UE4Editor-MediaCompositing.dll (API version 3944462).
LogModuleManager: Display: Found up-to-date module file ../../../Engine/Plugins/Media/MediaCompositing/Binaries/Win64/UE4Editor-MediaCompositingEditor.dll (API version 3944462).
LogModuleManager: Display: Found up-to-date module file ../../../Engine/Plugins/Media/MediaPlayerEditor/Binaries/Win64/UE4Editor-MediaPlayerEditor.dll (API version 3944462).
LogModuleManager: Display: Found up-to-date module file ../../../Engine/Plugins/Media/WmfMedia/Binaries/Win64/UE4Editor-WmfMedia.dll (API version 3944462).
LogModuleManager: Display: Found up-to-date module file ../../../Engine/Plugins/Media/WmfMedia/Binaries/Win64/UE4Editor-WmfMediaEditor.dll (API version 3944462).
LogModuleManager: Display: Found up-to-date module file ../../../Engine/Plugins/Media/WmfMedia/Binaries/Win64/UE4Editor-WmfMediaFactory.dll (API version 3944462).
LogModuleManager: Display: Found up-to-date module file ../../../Engine/Plugins/Media/WmfMedia/Binaries/Win64/UE4Editor-WmfMediaFactory.dll (API version 3944462).
LogModuleManager: Display: Found up-to-date module file ../../../Engine/Plugins/Messaging/TcpMessaging/Binaries/Win64/UE4Editor-TcpMessaging.dll (API version 3944462).
LogModuleManager: Display: Found up-to-date module file ../../../Engine/Plugins/Messaging/UdpMessaging/Binaries/Win64/UE4Editor-UdpMessaging.dll (API version 3944462).
LogModuleManager: Display: Found up-to-date module file ../../../Engine/Plugins/MovieScene/ActorSequence/Binaries/Win64/UE4Editor-ActorSequence.dll (API version 3944462).
LogModuleManager: Display: Found up-to-date module file ../../../Engine/Plugins/MovieScene/LevelSequenceEditor/Binaries/Win64/UE4Editor-LevelSequenceEditor.dll (API version 3944462).
LogModuleManager: Display: Found up-to-date module file ../../../Engine/Plugins/MovieScene/MatineeToLevelSequence/Binaries/Win64/UE4Editor-MatineeToLevelSequence.dll (API version 3944462).
LogModuleManager: Display: Found up-to-date module file ../../../Engine/Plugins/NetcodeUnitTest/NetcodeUnitTest/Binaries/Win64/UE4Editor-NetcodeUnitTest.dll (API version 3944462).
LogModuleManager: Display: Found up-to-date module file ../../../Engine/Plugins/NetcodeUnitTest/NUTUnrealEngine4/Binaries/Win64/UE4Editor-NUTUnrealEngine4.dll (API version 3944462).
LogModuleManager: Display: Found up-to-date module file ../../../Engine/Plugins/Online/OnlineSubsystem/Binaries/Win64/UE4Editor-OnlineSubsystem.dll (API version 3944462).
LogModuleManager: Display: Found up-to-date module file ../../../Engine/Plugins/Runtime/AndroidPermission/Binaries/Win64/UE4Editor-AndroidPermission.dll (API version 3944462).
LogModuleManager: Display: Found up-to-date module file ../../../Engine/Plugins/Online/OnlineSubsystemNull/Binaries/Win64/UE4Editor-OnlineSubsystemNull.dll (API version 3944462).
LogModuleManager: Display: Found up-to-date module file ../../../Engine/Plugins/Online/OnlineSubsystemUtils/Binaries/Win64/UE4Editor-OnlineSubsystemUtils.dll (API version 3944462).
LogModuleManager: Display: Found up-to-date module file ../../../Engine/Plugins/Online/OnlineSubsystemUtils/Binaries/Win64/UE4Editor-OnlineBlueprintSupport.dll (API version 3944462).
LogModuleManager: Display: Found up-to-date module file ../../../Engine/Plugins/Runtime/AndroidDeviceProfileSelector/Binaries/Win64/UE4Editor-AndroidDeviceProfileSelector.dll (API version 3944462).
LogModuleManager: Display: Found up-to-date module file ../../../Engine/Plugins/Runtime/AppleARKit/Binaries/Win64/UE4Editor-AppleARKit.dll (API version 3944462).
LogModuleManager: Display: Found up-to-date module file ../../../Engine/Plugins/Runtime/ProceduralMeshComponent/Binaries/Win64/UE4Editor-ProceduralMeshComponent.dll (API version 3944462).
LogModuleManager: Display: Found up-to-date module file ../../../Engine/Plugins/Runtime/ProceduralMeshComponent/Binaries/Win64/UE4Editor-ProceduralMeshComponentEditor.dll (API version 3944462).
LogModuleManager: Display: Found up-to-date module file ../../../Engine/Plugins/Animation/LiveLink/Binaries/Win64/UE4Editor-LiveLink.dll (API version 3944462).
LogModuleManager: Display: Found up-to-date module file ../../../Engine/Plugins/Animation/LiveLink/Binaries/Win64/UE4Editor-LiveLinkEditor.dll (API version 3944462).
LogModuleManager: Display: Found up-to-date module file ../../../Engine/Plugins/Runtime/ArchVisCharacter/Binaries/Win64/UE4Editor-ArchVisCharacter.dll (API version 3944462).
LogModuleManager: Display: Found up-to-date module file ../../../Engine/Plugins/Runtime/AudioCapture/Binaries/Win64/UE4Editor-AudioCapture.dll (API version 3944462).
LogModuleManager: Display: Found up-to-date module file ../../../Engine/Plugins/Runtime/AudioCapture/Binaries/Win64/UE4Editor-AudioCaptureEditor.dll (API version 3944462).
LogModuleManager: Display: Found up-to-date module file ../../../Engine/Plugins/Runtime/CableComponent/Binaries/Win64/UE4Editor-CableComponent.dll (API version 3944462).
LogModuleManager: Display: Found up-to-date module file ../../../Engine/Plugins/Runtime/CustomMeshComponent/Binaries/Win64/UE4Editor-CustomMeshComponent.dll (API version 3944462).
LogModuleManager: Display: Found up-to-date module file ../../../Engine/Plugins/Runtime/ExampleDeviceProfileSelector/Binaries/Win64/UE4Editor-ExampleDeviceProfileSelector.dll (API version 3944462).
LogModuleManager: Display: Found up-to-date module file ../../../Engine/Plugins/Runtime/ImmediatePhysics/Binaries/Win64/UE4Editor-ImmediatePhysics.dll (API version 3944462).
LogModuleManager: Display: Found up-to-date module file ../../../Engine/Plugins/Runtime/ImmediatePhysics/Binaries/Win64/UE4Editor-ImmediatePhysicsEditor.dll (API version 3944462).
LogModuleManager: Display: Found up-to-date module file ../../../Engine/Plugins/Runtime/LocationServicesBPLibrary/Binaries/Win64/UE4Editor-LocationServicesBPLibrary.dll (API version 3944462).
LogModuleManager: Display: Found up-to-date module file ../../../Engine/Plugins/Runtime/MobilePatchingUtils/Binaries/Win64/UE4Editor-MobilePatchingUtils.dll (API version 3944462).
LogModuleManager: Display: Found up-to-date module file ../../../Engine/Plugins/Runtime/Oculus/OculusVR/Binaries/Win64/UE4Editor-OculusHMD.dll (API version 3944462).
LogModuleManager: Display: Found up-to-date module file ../../../Engine/Plugins/Runtime/Oculus/OculusVR/Binaries/Win64/UE4Editor-OculusInput.dll (API version 3944462).
LogModuleManager: Display: Found up-to-date module file ../../../Engine/Plugins/Runtime/Oculus/OculusVR/Binaries/Win64/UE4Editor-OculusEditor.dll (API version 3944462).
LogModuleManager: Display: Found up-to-date module file ../../../Engine/Plugins/Runtime/PhysXVehicles/Binaries/Win64/UE4Editor-PhysXVehicles.dll (API version 3944462).
LogModuleManager: Display: Found up-to-date module file ../../../Engine/Plugins/Runtime/PhysXVehicles/Binaries/Win64/UE4Editor-PhysXVehiclesEditor.dll (API version 3944462).
LogModuleManager: Display: Found up-to-date module file ../../../Engine/Plugins/Runtime/RuntimePhysXCooking/Binaries/Win64/UE4Editor-RuntimePhysXCooking.dll (API version 3944462).
LogModuleManager: Display: Found up-to-date module file ../../../Engine/Plugins/Runtime/Steam/SteamVR/Binaries/Win64/UE4Editor-SteamVR.dll (API version 3944462).
LogModuleManager: Display: Found up-to-date module file ../../../Engine/Plugins/Runtime/Steam/SteamVR/Binaries/Win64/UE4Editor-SteamVRController.dll (API version 3944462).
LogModuleManager: Display: Found up-to-date module file ../../../Engine/Plugins/Runtime/WindowsMoviePlayer/Binaries/Win64/UE4Editor-WindowsMoviePlayer.dll (API version 3944462).
LogPluginManager: Mounting plugin Paper2D
LogPluginManager: Mounting plugin LiveLink
LogPluginManager: Mounting plugin LightPropagationVolume
LogPluginManager: Mounting plugin CLionSourceCodeAccess
LogPluginManager: Mounting plugin CodeLiteSourceCodeAccess
LogPluginManager: Mounting plugin GitSourceControl
LogPluginManager: Mounting plugin KDevelopSourceCodeAccess
LogPluginManager: Mounting plugin NullSourceCodeAccess
LogPluginManager: Mounting plugin PerforceSourceControl
LogPluginManager: Mounting plugin SubversionSourceControl
LogPluginManager: Mounting plugin UObjectPlugin
LogPluginManager: Mounting plugin VisualStudioCodeSourceCodeAccess
LogPluginManager: Mounting plugin VisualStudioSourceCodeAccess
LogPluginManager: Mounting plugin XCodeSourceCodeAccess
LogPluginManager: Mounting plugin AssetManagerEditor
LogPluginManager: Mounting plugin CryptoKeys
LogPluginManager: Mounting plugin DataValidation
LogPluginManager: Mounting plugin FacialAnimation
LogPluginManager: Mounting plugin GameplayTagsEditor
LogPluginManager: Mounting plugin MobileLauncherProfileWizard
LogPluginManager: Mounting plugin PluginBrowser
LogPluginManager: Mounting plugin SpeedTreeImporter
LogPluginManager: Mounting plugin DatasmithContent
LogPluginManager: Mounting plugin AlembicImporter
LogPluginManager: Mounting plugin CharacterAI
LogPluginManager: Mounting plugin HTML5Networking
LogPluginManager: Mounting plugin AndroidMedia
LogPluginManager: Mounting plugin AvfMedia
LogPluginManager: Mounting plugin ImgMedia
LogPluginManager: Mounting plugin LinearTimecode
LogPluginManager: Mounting plugin MediaCompositing
LogPluginManager: Mounting plugin MediaPlayerEditor
LogPluginManager: Mounting plugin WmfMedia
LogPluginManager: Mounting plugin TcpMessaging
LogPluginManager: Mounting plugin UdpMessaging
LogPluginManager: Mounting plugin ActorSequence
LogPluginManager: Mounting plugin LevelSequenceEditor
LogPluginManager: Mounting plugin MatineeToLevelSequence
LogPluginManager: Mounting plugin NetcodeUnitTest
LogPluginManager: Mounting plugin NUTUnrealEngine4
LogPluginManager: Mounting plugin OnlineSubsystemGooglePlay
LogPluginManager: Mounting plugin OnlineSubsystemIOS
LogPluginManager: Mounting plugin OnlineSubsystem
LogPluginManager: Mounting plugin OnlineSubsystemNull
LogPluginManager: Mounting plugin OnlineSubsystemUtils
LogPluginManager: Mounting plugin AndroidDeviceProfileSelector
LogPluginManager: Mounting plugin AndroidMoviePlayer
LogPluginManager: Mounting plugin AndroidPermission
LogPluginManager: Mounting plugin AppleARKit
LogPluginManager: Mounting plugin AppleMoviePlayer
LogPluginManager: Mounting plugin ArchVisCharacter
LogPluginManager: Mounting plugin AudioCapture
LogPluginManager: Mounting plugin CableComponent
LogPluginManager: Mounting plugin CustomMeshComponent
LogPluginManager: Mounting plugin ExampleDeviceProfileSelector
LogPluginManager: Mounting plugin GoogleCloudMessaging
LogPluginManager: Mounting plugin ImmediatePhysics
LogPluginManager: Mounting plugin IOSDeviceProfileSelector
LogPluginManager: Mounting plugin LinuxDeviceProfileSelector
LogPluginManager: Mounting plugin LocationServicesBPLibrary
LogPluginManager: Mounting plugin MobilePatchingUtils
LogPluginManager: Mounting plugin OculusVR
LogPluginManager: Plugin shader directory ../../../Engine/Plugins/Runtime/Oculus/OculusVR/Shaders found
LogPluginManager: Mapping shader source directory ../../../Engine/Plugins/Runtime/Oculus/OculusVR/Shaders to virtual directory /Plugin/OculusVR
LogPluginManager: Mounting plugin PhysXVehicles
LogPluginManager: Mounting plugin ProceduralMeshComponent
LogPluginManager: Mounting plugin RuntimePhysXCooking
LogPluginManager: Mounting plugin SteamVR
LogPluginManager: Mounting plugin WindowsMoviePlayer
LogStreaming: Display: Took 12.159s to configure plugins.
LogInit: Using libcurl 7.47.1
LogInit:  - built for x86_64-pc-win32
LogInit:  - supports SSL with OpenSSL/1.0.2g
LogInit:  - supports HTTP deflate (compression) using libz 1.2.8
LogInit:  - other features:
LogInit:      CURL_VERSION_SSL
LogInit:      CURL_VERSION_LIBZ
LogInit:      CURL_VERSION_IPV6
LogInit:      CURL_VERSION_ASYNCHDNS
LogInit:      CURL_VERSION_LARGEFILE
LogInit:      CURL_VERSION_IDN
LogInit:  CurlRequestOptions (configurable via config and command line):
LogInit:  - bVerifyPeer = false  - Libcurl will NOT verify peer certificate
LogInit:  - bUseHttpProxy = false  - Libcurl will NOT use HTTP proxy
LogInit:  - bDontReuseConnections = false  - Libcurl will reuse connections
LogInit:  - CertBundlePath = nullptr  - Libcurl will use whatever was configured at build time.
LogInit:  - MaxHostConnections = 16  - Libcurl will limit the number of connections to a host
LogInit:  - LocalHostAddr = Default
LogModuleManager: Warning: No filename provided for module OnlineSubsystemSteam
LogModuleManager: Warning: ModuleManager: Unable to load module 'OnlineSubsystemSteam' because the file 'C:/Program Files/Epic Games/UE_4.19/Engine/Binaries/Win64/' was not found.
LogInit: WinSock: version 1.1 (2.2), MaxSocks=32767, MaxUdp=65467
LogInit: WinSock: I am DESKTOP-T4D8SPM (192.168.43.124:0)
LogInit: Build: ++UE4+Release-4.19-CL-4033788
LogInit: Engine Version: 4.19.2-4033788+++UE4+Release-4.19
LogInit: Compatible Engine Version: 4.19.0-3944462+++UE4+Release-4.19
LogInit: Net CL: 3944462
LogDevObjectVersion: Number of dev versions registered: 18
LogDevObjectVersion:   Dev-Blueprints (B0D832E4-1F89-4F0D-ACCF-7EB736FD4AA2): 10
LogDevObjectVersion:   Dev-Build (E1C64328-A22C-4D53-A36C-8E866417BD8C): 0
LogDevObjectVersion:   Dev-Core (375EC13C-06E4-48FB-B500-84F0262A717E): 2
LogDevObjectVersion:   Dev-Editor (E4B068ED-F494-42E9-A231-DA0B2E46BB41): 23
LogDevObjectVersion:   Dev-Framework (CFFC743F-43B0-4480-9391-14DF171D2073): 33
LogDevObjectVersion:   Dev-Mobile (B02B49B5-BB20-44E9-A304-32B752E40360): 2
LogDevObjectVersion:   Dev-Networking (A4E4105C-59A1-49B5-A7C5-40C4547EDFEE): 0
LogDevObjectVersion:   Dev-Online (39C831C9-5AE6-47DC-9A44-9C173E1C8E7C): 0
LogDevObjectVersion:   Dev-Physics (78F01B33-EBEA-4F98-B9B4-84EACCB95AA2): 0
LogDevObjectVersion:   Dev-Platform (6631380F-2D4D-43E0-8009-CF276956A95A): 0
LogDevObjectVersion:   Dev-Rendering (12F88B9F-8875-4AFC-A67C-D90C383ABD29): 25
LogDevObjectVersion:   Dev-Sequencer (7B5AE74C-D270-4C10-A958-57980B212A5A): 6
LogDevObjectVersion:   Dev-VR (D7296918-1DD6-4BDD-9DE2-64A83CC13884): 1
LogDevObjectVersion:   Dev-LoadTimes (C2A15278-BFE7-4AFE-6C17-90FF531DF755): 1
LogDevObjectVersion:   Private-Geometry (6EACA3D4-40EC-4CC1-B786-8BED09428FC5): 2
LogDevObjectVersion:   Dev-AnimPhys (29E575DD-E0A3-4627-9D10-D276232CDCEA): 16
LogDevObjectVersion:   Dev-ReflectionCapture (6B266CEC-1EC7-4B8F-A30B-E4D90942FC07): 1
LogDevObjectVersion:   Dev-Automation (0DF73D61-A23F-47EA-B727-89E90C41499A): 1
LogInit: Compiled (64-bit): Apr 27 2018 02:06:57
LogInit: Compiled with Visual C++: 19.00.24215.01
LogInit: Build Configuration: Development
LogInit: Branch Name: ++UE4+Release-4.19
LogInit: Command Line:  /Game/ShootoutMenu/Maps/MainMenu -game -PIEVIACONSOLE -ResX=1280 -ResY=720  -Multiprocess -messaging -SessionName="Play in Standalone Game" -windowed 
LogInit: Base Directory: C:/Program Files/Epic Games/UE_4.19/Engine/Binaries/Win64/
LogInit: Installed Engine Build: 1
LogStreaming: Display: Took  0.022s to delete old logs.
LogInit: Presizing for max 8388607 objects, including 0 objects not considered by GC, pre-allocating 0 bytes for permanent pool.
LogInit: Object subsystem initialized
[2018.05.24-00.50.16:225][  0]LogInit: Selected Device Profile: [Windows]
[2018.05.24-00.50.16:225][  0]LogInit: Applying CVar settings loaded from the selected device profile: [Windows]
[2018.05.24-00.50.16:245][  0]LogInit: Computer: DESKTOP-T4D8SPM
[2018.05.24-00.50.16:245][  0]LogInit: User: Thursday
[2018.05.24-00.50.16:245][  0]LogInit: CPU Page size=4096, Cores=2
[2018.05.24-00.50.16:245][  0]LogInit: High frequency timer resolution =2.835936 MHz
[2018.05.24-00.50.16:246][  0]LogMemory: Memory total: Physical=15.9GB (16GB approx)
[2018.05.24-00.50.16:246][  0]LogMemory: Platform Memory Stats for Windows
[2018.05.24-00.50.16:246][  0]LogMemory: Process Physical Memory: 273.82 MB used, 273.82 MB peak
[2018.05.24-00.50.16:246][  0]LogMemory: Process Virtual Memory: 264.08 MB used, 264.08 MB peak
[2018.05.24-00.50.16:246][  0]LogMemory: Physical Memory: 7892.90 MB used,  8369.64 MB free, 16262.54 MB total
[2018.05.24-00.50.16:246][  0]LogMemory: Virtual Memory: 4780.33 MB used,  8369.64 MB free, 134217728.00 MB total
[2018.05.24-00.50.16:434][  0]LogInit: Using OS detected language (en-US).
[2018.05.24-00.50.16:434][  0]LogInit: Using OS detected locale (en-US).
[2018.05.24-00.50.16:434][  0]LogTextLocalizationManager: No localization for 'en-US' exists, so 'en' will be used for the language.
[2018.05.24-00.50.16:435][  0]LogTextLocalizationManager: No localization for 'en-US' exists, so 'en' will be used for the locale.
[2018.05.24-00.50.17:484][  0]LogStreaming: Display: Took  1.052s to EndInitTextLocalization.
[2018.05.24-00.50.17:585][  0]LogSlate: New Slate User Created.  User Index 0, Is Virtual User: 0
[2018.05.24-00.50.17:585][  0]LogSlate: Slate User Registered.  User Index 0, Is Virtual User: 0
[2018.05.24-00.50.17:600][  0]LogD3D11RHI: D3D11 adapters:
[2018.05.24-00.50.17:624][  0]LogD3D11RHI:    0. 'Intel(R) HD Graphics 620' (Feature Level 11_0)
[2018.05.24-00.50.17:624][  0]LogD3D11RHI:       128/0/8131 MB DedicatedVideo/DedicatedSystem/SharedSystem, Outputs:1, VendorId:0x8086
[2018.05.24-00.50.17:631][  0]LogD3D11RHI:    1. 'Microsoft Basic Render Driver' (Feature Level 11_0)
[2018.05.24-00.50.17:631][  0]LogD3D11RHI:       0/0/8131 MB DedicatedVideo/DedicatedSystem/SharedSystem, Outputs:0, VendorId:0x1414
[2018.05.24-00.50.17:631][  0]LogD3D11RHI: Chosen D3D11 Adapter: 0
[2018.05.24-00.50.17:647][  0]LogD3D11RHI: Creating new Direct3DDevice
[2018.05.24-00.50.17:647][  0]LogD3D11RHI:     GPU DeviceId: 0x5916 (for the marketing name, search the web for "GPU Device Id")
[2018.05.24-00.50.17:647][  0]LogWindows: EnumDisplayDevices:
[2018.05.24-00.50.17:647][  0]LogWindows:    0. 'Intel(R) HD Graphics 620' (P:1 D:1)
[2018.05.24-00.50.17:648][  0]LogWindows:    1. 'Intel(R) HD Graphics 620' (P:0 D:0)
[2018.05.24-00.50.17:648][  0]LogWindows:    2. 'Intel(R) HD Graphics 620' (P:0 D:0)
[2018.05.24-00.50.17:649][  0]LogWindows: DebugString: GetVideoDriverDetailsInvalid PrimaryIsNotTheChoosenAdapter GetVideoDriverDetailsInvalid PrimaryIsNotTheChoosenAdapter GetVideoDriverDetailsInvalid PrimaryIsNotTheChoosenAdapter FoundDriverCount:0 
[2018.05.24-00.50.17:649][  0]LogD3D11RHI:     Adapter Name: Intel(R) HD Graphics 620
[2018.05.24-00.50.17:649][  0]LogD3D11RHI:   Driver Version: Unknown (internal:Unknown, unified:Unknown)
[2018.05.24-00.50.17:649][  0]LogD3D11RHI:      Driver Date: Unknown
[2018.05.24-00.50.17:649][  0]LogRHI: Texture pool is 1523 MB (70% of 2176 MB)
[2018.05.24-00.50.17:665][  0]LogD3D11RHI: Async texture creation enabled
[2018.05.24-00.50.17:679][  0]LogD3D11RHI: GPU Timing Frequency: 12.000000 (Debug: 2 0)
[2018.05.24-00.50.17:682][  0]LogShaderCompilers: Guid format shader working directory is -13 characters bigger than the processId version (../../../../../../Users/Thursday/Documents/Unreal Projects/NPB/Intermediate/Shaders/WorkingDirectory/7424/).
[2018.05.24-00.50.17:683][  0]LogShaderCompilers: Cleaned the shader compiler working directory 'C:/Users/Thursday/AppData/Local/Temp/UnrealShaderWorkingDir/C94B7D424C60CA0621B289ABA0513A38/'.
[2018.05.24-00.50.18:207][  0]LogTemp: Display: Loaded TP WindowsClientTargetPlatform
[2018.05.24-00.50.18:230][  0]LogTemp: Display: Loaded TP WindowsNoEditorTargetPlatform
[2018.05.24-00.50.18:253][  0]LogTemp: Display: Loaded TP WindowsServerTargetPlatform
[2018.05.24-00.50.18:274][  0]LogTemp: Display: Loaded TP WindowsTargetPlatform
[2018.05.24-00.50.18:274][  0]LogTargetPlatformManager: Display: Building Assets For Windows
[2018.05.24-00.50.18:575][  0]LogXGEController: Cannot use XGE Controller as Incredibuild is not installed on this machine.
[2018.05.24-00.50.18:575][  0]LogShaderCompilers: Cannot use XGE Shader Compiler as Incredibuild is not installed on this machine.
[2018.05.24-00.50.18:575][  0]LogShaderCompilers: Display: Using Local Shader Compiler.
[2018.05.24-00.50.19:801][  0]LogDerivedDataCache: Display: Max Cache Size: 512 MB
[2018.05.24-00.50.19:901][  0]LogDerivedDataCache: Loaded boot cache 0.10s 74MB C:/Users/Thursday/AppData/Local/UnrealEngine/4.19/DerivedDataCache/Boot.ddc.
[2018.05.24-00.50.19:901][  0]LogDerivedDataCache: Display: Loaded Boot cache: C:/Users/Thursday/AppData/Local/UnrealEngine/4.19/DerivedDataCache/Boot.ddc
[2018.05.24-00.50.19:902][  0]LogDerivedDataCache: FDerivedDataBackendGraph:  Pak pak cache file ../../../../../../Users/Thursday/Documents/Unreal Projects/NPB/DerivedDataCache/DDC.ddp not found, will not use a pak cache.
[2018.05.24-00.50.19:902][  0]LogDerivedDataCache: Unable to find inner node Pak for hierarchical cache Hierarchy.
[2018.05.24-00.50.19:902][  0]LogDerivedDataCache: FDerivedDataBackendGraph:  CompressedPak pak cache file ../../../../../../Users/Thursday/Documents/Unreal Projects/NPB/DerivedDataCache/Compressed.ddp not found, will not use a pak cache.
[2018.05.24-00.50.19:902][  0]LogDerivedDataCache: Unable to find inner node CompressedPak for hierarchical cache Hierarchy.
[2018.05.24-00.50.19:922][  0]LogDerivedDataCache: Display: Pak cache opened for reading ../../../Engine/DerivedDataCache/Compressed.ddp.
[2018.05.24-00.50.19:938][  0]LogDerivedDataCache: Using Local data cache path C:/Users/Thursday/AppData/Local/UnrealEngine/Common/DerivedDataCache: Writable
[2018.05.24-00.50.19:938][  0]LogDerivedDataCache: Shared data cache path not found in *engine.ini, will not use an Shared cache.
[2018.05.24-00.50.19:938][  0]LogDerivedDataCache: Unable to find inner node Shared for hierarchical cache Hierarchy.
[2018.05.24-00.50.19:951][  0]LogMaterial: Verifying Global Shaders for PCD3D_SM5
[2018.05.24-00.50.19:951][  0]LogSlate: Using Freetype 2.6.0
[2018.05.24-00.50.19:952][  0]LogSlate: SlateFontCache - WITH_FREETYPE: 1, WITH_HARFBUZZ: 1
[2018.05.24-00.50.19:953][  0]LogSlate: SlateFontCache - WITH_FREETYPE: 1, WITH_HARFBUZZ: 1
[2018.05.24-00.50.20:187][  0]LogAssetRegistry: FAssetRegistry took 0.0054 seconds to start up
[2018.05.24-00.50.20:392][  0]LogPackageLocalizationCache: Processed 9 localized package path(s) for 1 prioritized culture(s) in 0.012402 seconds
[2018.05.24-00.50.20:571][  0]LogInit: Selected Device Profile: [Windows]
[2018.05.24-00.50.20:781][  0]LogSimplygon: Simplygon DLL not present - disabling.
[2018.05.24-00.50.20:785][  0]LogMeshReduction: Using SimplygonSwarm for distributed automatic mesh merging
[2018.05.24-00.50.20:785][  0]LogMeshReduction: Using QuadricMeshReduction for automatic static mesh reduction
[2018.05.24-00.50.20:785][  0]LogMeshReduction: No automatic skeletal mesh reduction module available
[2018.05.24-00.50.20:785][  0]LogMeshReduction: No automatic mesh merging module available
[2018.05.24-00.50.20:785][  0]LogMeshMerging: No automatic mesh merging module available
[2018.05.24-00.50.20:851][  0]LogNetVersion: NPB , NetCL: 3944462, EngineNetVer: 2, GameNetVer: 0 (Checksum: 835095364)
[2018.05.24-00.50.20:962][  0]Warning: Missing opening '"' in string property value: ThirdParty/Steamworks)
[2018.05.24-00.50.21:815][  0]LogMoviePlayer: Initializing movie player
[2018.05.24-00.50.22:416][  0]LogTcpMessaging: Initializing TcpMessaging bridge
[2018.05.24-00.50.22:474][  0]LogUdpMessaging: Initializing bridge on interface 0.0.0.0:0 to multicast group 230.0.0.1:6666.
[2018.05.24-00.50.23:005][  0]SourceControl: Source control is disabled
[2018.05.24-00.50.23:005][  0]SourceControl: Source control is disabled
[2018.05.24-00.50.23:056][  0]SourceControl: Source control is disabled
[2018.05.24-00.50.23:822][  0]LogAndroidPermission: UAndroidPermissionCallbackProxy::GetInstance
[2018.05.24-00.50.24:193][  0]LogOcInput: OculusInput pre-init called
[2018.05.24-00.50.24:301][  0]LogUObjectArray: 40124 objects as part of root set at end of initial load.
[2018.05.24-00.50.24:301][  0]LogUObjectAllocator: 8364200 out of 0 bytes used by permanent object pool.
[2018.05.24-00.50.24:301][  0]LogUObjectArray: CloseDisregardForGC: 0/0 objects in disregard for GC pool
[2018.05.24-00.50.24:363][  0]LogEngine: Initializing Engine...
[2018.05.24-00.50.24:365][  0]LogHMD: Failed to initialize OpenVR with code 110
[2018.05.24-00.50.24:378][  0]LogStats: UGameplayTagsManager::ConstructGameplayTagTree: Construct from data asset -  0.000 s
[2018.05.24-00.50.24:379][  0]LogStats: UGameplayTagsManager::ConstructGameplayTagTree: GameplayTagTreeChangedEvent.Broadcast -  0.000 s
[2018.05.24-00.50.24:609][  0]LogInit: XAudio2 using 'Speaker/Headphone (Realtek High Definition Audio(SST))' : 2 channels at 48 kHz using 16 bits per sample (channel mask 0x3)
[2018.05.24-00.50.24:638][  0]LogInit: FAudioDevice initialized.
[2018.05.24-00.50.24:662][  0]LogInit: Texture streaming: Enabled
[2018.05.24-00.50.24:831][  0]LogUObjectGlobals: Created PersistentFrame Addr=0x000001bc51cf9d00, Size=1680, Default__MyGameInstance_C Function /Game/ShootoutMenu/Blueprints/MyGameInstance.MyGameInstance_C:ExecuteUbergraph_MyGameInstance
[2018.05.24-00.50.24:833][  0]LogUObjectGlobals: Created PersistentFrame Addr=0x000001bc5648b6a0, Size=32, Default__ErrorDialog_C Function /Game/ShootoutMenu/Blueprints/Widgets/ErrorDialog.ErrorDialog_C:ExecuteUbergraph_ErrorDialog
[2018.05.24-00.50.24:845][  0]LogUObjectGlobals: Created PersistentFrame Addr=0x000001bc564cd9c0, Size=88, Default__MainMenu_C Function /Game/ShootoutMenu/Blueprints/Widgets/MainMenu.MainMenu_C:ExecuteUbergraph_MainMenu
[2018.05.24-00.50.24:849][  0]LogUObjectGlobals: Created PersistentFrame Addr=0x000001bc68241800, Size=944, Default__ServerList_C Function /Game/ShootoutMenu/Blueprints/Widgets/ServerList.ServerList_C:ExecuteUbergraph_ServerList
[2018.05.24-00.50.24:851][  0]LogUObjectGlobals: Created PersistentFrame Addr=0x000001bc5648b4e0, Size=32, Default__ServerRow_C Function /Game/ShootoutMenu/Blueprints/Widgets/ServerRow.ServerRow_C:ExecuteUbergraph_ServerRow
[2018.05.24-00.50.24:900][  0]LogUObjectGlobals: Destroyed PersistentFrame Addr=0x000001bc51cf9d00, Size=1680
[2018.05.24-00.50.24:900][  0]LogUObjectGlobals: Created PersistentFrame Addr=0x000001bc51b90800, Size=1680, Default__MyGameInstance_C Function /Engine/Transient.REINST_MyGameInstance_C_2:ExecuteUbergraph_MyGameInstance
[2018.05.24-00.50.24:900][  0]LogUObjectGlobals: Destroyed PersistentFrame Addr=0x000001bc5648b6a0, Size=32
[2018.05.24-00.50.24:900][  0]LogUObjectGlobals: Created PersistentFrame Addr=0x000001bc67d3f960, Size=32, Default__ErrorDialog_C Function /Engine/Transient.REINST_ErrorDialog_C_0:ExecuteUbergraph_ErrorDialog
[2018.05.24-00.50.24:900][  0]LogUObjectGlobals: Destroyed PersistentFrame Addr=0x000001bc564cd9c0, Size=88
[2018.05.24-00.50.24:900][  0]LogUObjectGlobals: Created PersistentFrame Addr=0x000001bc67d33fa0, Size=88, Default__MainMenu_C Function /Engine/Transient.REINST_MainMenu_C_2:ExecuteUbergraph_MainMenu
[2018.05.24-00.50.24:901][  0]LogUObjectGlobals: Destroyed PersistentFrame Addr=0x000001bc68241800, Size=944
[2018.05.24-00.50.24:901][  0]LogUObjectGlobals: Created PersistentFrame Addr=0x000001bc68241800, Size=944, Default__ServerList_C Function /Engine/Transient.REINST_ServerList_C_3:ExecuteUbergraph_ServerList
[2018.05.24-00.50.24:901][  0]LogUObjectGlobals: Destroyed PersistentFrame Addr=0x000001bc5648b4e0, Size=32
[2018.05.24-00.50.24:901][  0]LogUObjectGlobals: Created PersistentFrame Addr=0x000001bc67d3f7e0, Size=32, Default__ServerRow_C Function /Engine/Transient.REINST_ServerRow_C_4:ExecuteUbergraph_ServerRow
[2018.05.24-00.50.24:941][  0]LogUObjectGlobals: Created PersistentFrame Addr=0x000001bc67ae7900, Size=1672, Default__MyGameInstance_C Function /Game/ShootoutMenu/Blueprints/MyGameInstance.MyGameInstance_C:ExecuteUbergraph_MyGameInstance
[2018.05.24-00.50.24:942][  0]LogUObjectGlobals: Created PersistentFrame Addr=0x000001bc67acd760, Size=32, Default__ErrorDialog_C Function /Game/ShootoutMenu/Blueprints/Widgets/ErrorDialog.ErrorDialog_C:ExecuteUbergraph_ErrorDialog
[2018.05.24-00.50.24:944][  0]LogUObjectGlobals: Created PersistentFrame Addr=0x000001bc67b53e20, Size=88, Default__MainMenu_C Function /Game/ShootoutMenu/Blueprints/Widgets/MainMenu.MainMenu_C:ExecuteUbergraph_MainMenu
[2018.05.24-00.50.24:948][  0]LogUObjectGlobals: Created PersistentFrame Addr=0x000001bc67ce2800, Size=936, Default__ServerList_C Function /Game/ShootoutMenu/Blueprints/Widgets/ServerList.ServerList_C:ExecuteUbergraph_ServerList
[2018.05.24-00.50.24:949][  0]LogUObjectGlobals: Created PersistentFrame Addr=0x000001bc67a462a0, Size=32, Default__ServerRow_C Function /Game/ShootoutMenu/Blueprints/Widgets/ServerRow.ServerRow_C:ExecuteUbergraph_ServerRow
[2018.05.24-00.50.24:965][  0]LogInit: Display: Game Engine Initialized.
[2018.05.24-00.50.24:965][  0]LogGameplayTags: Display: UGameplayTagsManager::DoneAddingNativeTags. DelegateIsBound: 0
[2018.05.24-00.50.24:965][  0]LogStats: UGameplayTagsManager::ConstructGameplayTagTree: Construct from data asset -  0.000 s
[2018.05.24-00.50.24:965][  0]LogStats: UGameplayTagsManager::ConstructGameplayTagTree: GameplayTagTreeChangedEvent.Broadcast -  0.000 s
[2018.05.24-00.50.25:232][  0]LogInit: Display: Starting Game.
[2018.05.24-00.50.25:232][  0]LogNet: Browse: /Game/ShootoutMenu/Maps/MainMenu?Name=Player
[2018.05.24-00.50.25:232][  0]LogLoad: LoadMap: /Game/ShootoutMenu/Maps/MainMenu?Name=Player
[2018.05.24-00.50.25:246][  0]LogUObjectGlobals: Destroyed PersistentFrame Addr=0x000001bc51b90800, Size=1680
[2018.05.24-00.50.25:246][  0]LogUObjectGlobals: Destroyed PersistentFrame Addr=0x000001bc67d3f960, Size=32
[2018.05.24-00.50.25:246][  0]LogUObjectGlobals: Destroyed PersistentFrame Addr=0x000001bc67d33fa0, Size=88
[2018.05.24-00.50.25:246][  0]LogUObjectGlobals: Destroyed PersistentFrame Addr=0x000001bc68241800, Size=944
[2018.05.24-00.50.25:246][  0]LogUObjectGlobals: Destroyed PersistentFrame Addr=0x000001bc67d3f7e0, Size=32
[2018.05.24-00.50.25:249][  0]LogUObjectGlobals: Created PersistentFrame Addr=0x000001bc67a46400, Size=32, Default__MainMenu_C Function /Game/ShootoutMenu/Maps/MainMenu.MainMenu_C:ExecuteUbergraph_MainMenu
[2018.05.24-00.50.25:250][  0]LogUObjectGlobals: Destroyed PersistentFrame Addr=0x000001bc67a46400, Size=32
[2018.05.24-00.50.25:250][  0]LogUObjectGlobals: Created PersistentFrame Addr=0x000001bc67a46400, Size=32, Default__MainMenu_C Function /Engine/Transient.REINST_MainMenu_C_10:ExecuteUbergraph_MainMenu
[2018.05.24-00.50.25:251][  0]LogUObjectGlobals: Created PersistentFrame Addr=0x000001bc67a47ca0, Size=32, Default__MainMenu_C Function /Game/ShootoutMenu/Maps/MainMenu.MainMenu_C:ExecuteUbergraph_MainMenu
[2018.05.24-00.50.25:266][  0]LogAIModule: Creating AISystem for world MainMenu
[2018.05.24-00.50.25:271][  0]LogUObjectGlobals: Created PersistentFrame Addr=0x000001bc67a0efc0, Size=296, Default__ThirdPersonCharacter_C Function /Game/ThirdPersonBP/Blueprints/ThirdPersonCharacter.ThirdPersonCharacter_C:ExecuteUbergraph_ThirdPersonCharacter
[2018.05.24-00.50.25:279][  0]LogUObjectGlobals: Created PersistentFrame Addr=0x000001bc67b3a340, Size=64, Default__ThirdPerson_AnimBP_C Function /Game/Mannequin/Animations/ThirdPerson_AnimBP.ThirdPerson_AnimBP_C:ExecuteUbergraph_ThirdPerson_AnimBP
[2018.05.24-00.50.25:310][  0]LogUObjectGlobals: Destroyed PersistentFrame Addr=0x000001bc67b3a340, Size=64
[2018.05.24-00.50.25:310][  0]LogUObjectGlobals: Created PersistentFrame Addr=0x000001bc67c79300, Size=64, Default__ThirdPerson_AnimBP_C Function /Engine/Transient.REINST_ThirdPerson_AnimBP_C_0:ExecuteUbergraph_ThirdPerson_AnimBP
[2018.05.24-00.50.25:311][  0]LogUObjectGlobals: Destroyed PersistentFrame Addr=0x000001bc67a0efc0, Size=296
[2018.05.24-00.50.25:311][  0]LogUObjectGlobals: Created PersistentFrame Addr=0x000001bc67a0efc0, Size=296, Default__ThirdPersonCharacter_C Function /Engine/Transient.REINST_ThirdPersonCharacter_C_12:ExecuteUbergraph_ThirdPersonCharacter
[2018.05.24-00.50.25:321][  0]LogUObjectGlobals: Created PersistentFrame Addr=0x000001bc67d26d90, Size=72, Default__ThirdPerson_AnimBP_C Function /Game/Mannequin/Animations/ThirdPerson_AnimBP.ThirdPerson_AnimBP_C:ExecuteUbergraph_ThirdPerson_AnimBP
[2018.05.24-00.50.25:322][  0]LogUObjectGlobals: Created PersistentFrame Addr=0x000001bc67c08a40, Size=296, Default__ThirdPersonCharacter_C Function /Game/ThirdPersonBP/Blueprints/ThirdPersonCharacter.ThirdPersonCharacter_C:ExecuteUbergraph_ThirdPersonCharacter
[2018.05.24-00.50.25:422][  0]LogSkeletalMesh: Skeletal Mesh found in DDC [11.818320ms] /Game/Mannequin/Character/Mesh/SK_Mannequin.SK_Mannequin
[2018.05.24-00.50.25:435][  0]LogLoad: Game class is 'ThirdPersonGameMode_C'
[2018.05.24-00.50.25:435][  0]LogWorld: Bringing World /Game/ShootoutMenu/Maps/MainMenu.MainMenu up for play (max tick rate 0) at 2018.05.23-20.50.25
[2018.05.24-00.50.25:436][  0]LogWorld: Bringing up level for play took: 0.000506
[2018.05.24-00.50.25:436][  0]LogGameMode: FindPlayerStart: PATHS NOT DEFINED or NO PLAYERSTART with positive rating
[2018.05.24-00.50.25:445][  0]LogLoad: Took 0.212187 seconds to LoadMap(/Game/ShootoutMenu/Maps/MainMenu)
[2018.05.24-00.50.25:515][  0]LogLoad: (Engine Initialization) Total time: 30.90 seconds
[2018.05.24-00.50.25:515][  0]LogLoad: (Engine Initialization) Total Blueprint compile time: 0.00 seconds
[2018.05.24-00.50.25:546][  0]LogRenderer: Reallocating scene render targets to support 1280x720 Format 10 NumSamples 1 (Frame:1).
[2018.05.24-00.50.25:916][  0]LogWindowsTextInputMethodSystem: Display: IME system now deactivated.
[2018.05.24-00.50.25:918][  0]LogContentStreaming: Texture pool size now 1000 MB
[2018.05.24-00.50.27:308][ 52]LogSlate: FSceneViewport::OnFocusLost() reason 0
[2018.05.24-00.50.29:969][178]LogSlate: FSceneViewport::OnFocusLost() reason 0
[2018.05.24-00.50.38:069][538]LogSlate: FSceneViewport::OnFocusLost() reason 0
[2018.05.24-00.50.38:115][540]LogNet: Browse: 192.168.43.94//Game/ShootoutMenu/Maps/MainMenu
[2018.05.24-00.50.38:117][540]LogTemp: Display: ParseSettings for GameNetDriver
[2018.05.24-00.50.38:117][540]LogTemp: Display: ParseSettings for IpNetDriver_0
[2018.05.24-00.50.38:117][540]LogTemp: Display: ParseSettings for PendingNetDriver
[2018.05.24-00.50.38:117][540]LogInit: WinSock: Socket queue 32768 / 32768
[2018.05.24-00.50.38:121][540]PacketHandlerLog: Loaded PacketHandler component: Engine.EngineHandlerComponentFactory (StatelessConnectHandlerComponent)
[2018.05.24-00.50.38:121][540]LogNet: Game client on port 7777, rate 10000
[2018.05.24-00.50.38:158][542]LogHandshake: SendChallengeResponse. Timestamp: 14.159026, Cookie: 045020133146041122115162016113225207151254144155093008026120
[2018.05.24-00.50.38:180][543]LogNetVersion: NPB 1.0.0.0, NetCL: 3944462, EngineNetVer: 2, GameNetVer: 0 (Checksum: 3906677073)
[2018.05.24-00.50.38:180][543]LogNet: UPendingNetGame::SendInitialJoin: Sending hello. [UNetConnection] RemoteAddr: 192.168.43.94:7777, Name: IpConnection_0, Driver: PendingNetDriver IpNetDriver_0, IsServer: NO, PC: NULL, Owner: NULL, UniqueId: INVALID
[2018.05.24-00.50.38:224][545]LogNet: Welcomed by server (Level: /Game/ThirdPersonBP/Maps/ThirdPersonExampleMap, Game: /Game/ThirdPersonBP/Blueprints/ThirdPersonGameMode.ThirdPersonGameMode_C)
[2018.05.24-00.50.38:248][545]LogLoad: LoadMap: 192.168.43.94//Game/ThirdPersonBP/Maps/ThirdPersonExampleMap?game=/Game/ThirdPersonBP/Blueprints/ThirdPersonGameMode.ThirdPersonGameMode_C
[2018.05.24-00.50.38:287][545]LogUObjectGlobals: Destroyed PersistentFrame Addr=0x000001bc67c08a40, Size=296
[2018.05.24-00.50.38:287][545]LogUObjectGlobals: Destroyed PersistentFrame Addr=0x000001bc67d26d90, Size=72
[2018.05.24-00.50.38:288][545]LogUObjectGlobals: Destroyed PersistentFrame Addr=0x000001bc67c79300, Size=64
[2018.05.24-00.50.38:288][545]LogUObjectGlobals: Destroyed PersistentFrame Addr=0x000001bc67a0efc0, Size=296
[2018.05.24-00.50.38:288][545]LogUObjectGlobals: Destroyed PersistentFrame Addr=0x000001bc67a47ca0, Size=32
[2018.05.24-00.50.38:288][545]LogUObjectGlobals: Destroyed PersistentFrame Addr=0x000001bc67a46400, Size=32
[2018.05.24-00.50.38:555][545]LogAIModule: Creating AISystem for world ThirdPersonExampleMap
[2018.05.24-00.50.38:555][545]LogTemp: Display: ParseSettings for GameNetDriver
[2018.05.24-00.50.38:560][545]LogWorld: Bringing World /Game/ThirdPersonBP/Maps/ThirdPersonExampleMap.ThirdPersonExampleMap up for play (max tick rate 0) at 2018.05.23-20.50.38
[2018.05.24-00.50.38:560][545]LogWorld: Bringing up level for play took: 0.003609
[2018.05.24-00.50.38:563][545]LogLoad: Took 0.314223 seconds to LoadMap(/Game/ThirdPersonBP/Maps/ThirdPersonExampleMap)
[2018.05.24-00.50.39:079][547]LogUObjectGlobals: Created PersistentFrame Addr=0x000001bc678ee340, Size=296, Default__ThirdPersonCharacter_C Function /Game/ThirdPersonBP/Blueprints/ThirdPersonCharacter.ThirdPersonCharacter_C:ExecuteUbergraph_ThirdPersonCharacter
[2018.05.24-00.50.39:097][547]LogUObjectGlobals: Created PersistentFrame Addr=0x000001bc67b3a640, Size=64, Default__ThirdPerson_AnimBP_C Function /Game/Mannequin/Animations/ThirdPerson_AnimBP.ThirdPerson_AnimBP_C:ExecuteUbergraph_ThirdPerson_AnimBP
[2018.05.24-00.50.39:146][547]LogUObjectGlobals: Destroyed PersistentFrame Addr=0x000001bc67b3a640, Size=64
[2018.05.24-00.50.39:146][547]LogUObjectGlobals: Created PersistentFrame Addr=0x000001bc67ddcf40, Size=64, Default__ThirdPerson_AnimBP_C Function /Engine/Transient.REINST_ThirdPerson_AnimBP_C_1:ExecuteUbergraph_ThirdPerson_AnimBP
[2018.05.24-00.50.39:147][547]LogUObjectGlobals: Destroyed PersistentFrame Addr=0x000001bc678ee340, Size=296
[2018.05.24-00.50.39:147][547]LogUObjectGlobals: Created PersistentFrame Addr=0x000001bc678ee340, Size=296, Default__ThirdPersonCharacter_C Function /Engine/Transient.REINST_ThirdPersonCharacter_C_19:ExecuteUbergraph_ThirdPersonCharacter
[2018.05.24-00.50.39:159][547]LogUObjectGlobals: Created PersistentFrame Addr=0x000001bc6f5cce50, Size=72, Default__ThirdPerson_AnimBP_C Function /Game/Mannequin/Animations/ThirdPerson_AnimBP.ThirdPerson_AnimBP_C:ExecuteUbergraph_ThirdPerson_AnimBP
[2018.05.24-00.50.39:161][547]LogUObjectGlobals: Created PersistentFrame Addr=0x000001bc67b30680, Size=296, Default__ThirdPersonCharacter_C Function /Game/ThirdPersonBP/Blueprints/ThirdPersonCharacter.ThirdPersonCharacter_C:ExecuteUbergraph_ThirdPersonCharacter
[2018.05.24-00.50.39:281][547]LogSkeletalMesh: Skeletal Mesh found in DDC [14.318729ms] /Game/Mannequin/Character/Mesh/SK_Mannequin.SK_Mannequin
[2018.05.24-00.50.49:159][782]LogSlate: FSceneViewport::OnFocusLost() reason 2
[2018.05.24-00.51.27:442][835]LogUObjectGlobals: Destroyed PersistentFrame Addr=0x000001bc678ee340, Size=296
[2018.05.24-00.51.27:442][835]LogUObjectGlobals: Destroyed PersistentFrame Addr=0x000001bc67ddcf40, Size=64
[2018.05.24-00.53.29:036][195]LogD3D11RHI: Timed out while waiting for GPU to catch up. (0.5 s)
[2018.05.24-00.53.29:748][196]LogD3D11RHI: Timed out while waiting for GPU to catch up. (0.5 s)
[2018.05.24-00.53.30:259][197]LogD3D11RHI: Timed out while waiting for GPU to catch up. (0.5 s)
[2018.05.24-00.53.31:013][198]LogD3D11RHI: Timed out while waiting for GPU to catch up. (0.5 s)
[2018.05.24-00.53.32:703][201]LogD3D11RHI: Timed out while waiting for GPU to catch up. (0.5 s)
[2018.05.24-00.53.33:999][203]LogD3D11RHI: Timed out while waiting for GPU to catch up. (0.5 s)
[2018.05.24-00.53.35:090][205]LogD3D11RHI: Timed out while waiting for GPU to catch up. (0.5 s)
[2018.05.24-00.53.36:162][207]LogD3D11RHI: Timed out while waiting for GPU to catch up. (0.5 s)
[2018.05.24-00.53.37:432][209]LogD3D11RHI: Timed out while waiting for GPU to catch up. (0.5 s)
[2018.05.24-00.53.38:732][211]LogD3D11RHI: Timed out while waiting for GPU to catch up. (0.5 s)
[2018.05.24-00.53.39:935][213]LogD3D11RHI: Timed out while waiting for GPU to catch up. (0.5 s)
[2018.05.24-00.53.41:423][215]LogD3D11RHI: Timed out while waiting for GPU to catch up. (0.5 s)
[2018.05.24-00.53.42:629][217]LogD3D11RHI: Timed out while waiting for GPU to catch up. (0.5 s)
[2018.05.24-00.53.43:553][219]LogD3D11RHI: Timed out while waiting for GPU to catch up. (0.5 s)
[2018.05.24-00.53.44:595][221]LogD3D11RHI: Timed out while waiting for GPU to catch up. (0.5 s)
[2018.05.24-00.53.46:165][223]LogD3D11RHI: Timed out while waiting for GPU to catch up. (0.5 s)
[2018.05.24-00.53.47:350][225]LogD3D11RHI: Timed out while waiting for GPU to catch up. (0.5 s)
[2018.05.24-00.53.48:537][227]LogD3D11RHI: Timed out while waiting for GPU to catch up. (0.5 s)
[2018.05.24-00.53.49:236][229]LogD3D11RHI: Timed out while waiting for GPU to catch up. (0.5 s)
[2018.05.24-00.53.49:809][231]LogD3D11RHI: Timed out while waiting for GPU to catch up. (0.5 s)
[2018.05.24-00.53.51:333][237]LogD3D11RHI: Timed out while waiting for GPU to catch up. (0.5 s)
[2018.05.24-00.53.52:380][239]LogD3D11RHI: Timed out while waiting for GPU to catch up. (0.5 s)
[2018.05.24-00.53.53:600][241]LogD3D11RHI: Timed out while waiting for GPU to catch up. (0.5 s)
[2018.05.24-00.53.54:605][243]LogD3D11RHI: Timed out while waiting for GPU to catch up. (0.5 s)
[2018.05.24-00.53.55:968][245]LogD3D11RHI: Timed out while waiting for GPU to catch up. (0.5 s)
[2018.05.24-00.53.57:032][247]LogD3D11RHI: Timed out while waiting for GPU to catch up. (0.5 s)
[2018.05.24-00.53.58:350][249]LogD3D11RHI: Timed out while waiting for GPU to catch up. (0.5 s)
[2018.05.24-00.53.59:741][251]LogD3D11RHI: Timed out while waiting for GPU to catch up. (0.5 s)
[2018.05.24-00.54.00:994][253]LogD3D11RHI: Timed out while waiting for GPU to catch up. (0.5 s)
[2018.05.24-00.54.01:715][255]LogD3D11RHI: Timed out while waiting for GPU to catch up. (0.5 s)
[2018.05.24-00.54.03:023][257]LogD3D11RHI: Timed out while waiting for GPU to catch up. (0.5 s)
[2018.05.24-00.54.04:272][259]LogD3D11RHI: Timed out while waiting for GPU to catch up. (0.5 s)
[2018.05.24-00.54.04:995][261]LogD3D11RHI: Timed out while waiting for GPU to catch up. (0.5 s)
[2018.05.24-00.54.06:425][263]LogD3D11RHI: Timed out while waiting for GPU to catch up. (0.5 s)
[2018.05.24-00.54.07:768][265]LogD3D11RHI: Timed out while waiting for GPU to catch up. (0.5 s)
[2018.05.24-00.54.08:958][267]LogD3D11RHI: Timed out while waiting for GPU to catch up. (0.5 s)
[2018.05.24-00.54.10:385][269]LogD3D11RHI: Timed out while waiting for GPU to catch up. (0.5 s)
[2018.05.24-00.54.11:705][271]LogD3D11RHI: Timed out while waiting for GPU to catch up. (0.5 s)
[2018.05.24-00.54.12:720][273]LogD3D11RHI: Timed out while waiting for GPU to catch up. (0.5 s)
[2018.05.24-00.54.14:021][275]LogD3D11RHI: Timed out while waiting for GPU to catch up. (0.5 s)
[2018.05.24-00.54.15:142][277]LogD3D11RHI: Timed out while waiting for GPU to catch up. (0.5 s)
[2018.05.24-00.54.16:509][279]LogD3D11RHI: Timed out while waiting for GPU to catch up. (0.5 s)
[2018.05.24-00.54.17:349][281]LogD3D11RHI: Timed out while waiting for GPU to catch up. (0.5 s)
